{"numFailedTestSuites":8,"numFailedTests":32,"numPassedTestSuites":35,"numPassedTests":288,"numPendingTestSuites":0,"numPendingTests":0,"numRuntimeErrorTestSuites":1,"numTodoTests":0,"numTotalTestSuites":43,"numTotalTests":320,"openHandles":[],"snapshot":{"added":0,"didUpdate":false,"failure":false,"filesAdded":0,"filesRemoved":0,"filesRemovedList":[],"filesUnmatched":0,"filesUpdated":0,"matched":0,"total":0,"unchecked":0,"uncheckedKeysByFile":[],"unmatched":0,"updated":0},"startTime":1748212544638,"success":false,"testResults":[{"assertionResults":[{"ancestorTitles":["Test setup"],"duration":16,"failureDetails":[],"failureMessages":[],"fullName":"Test setup should pass","invocations":1,"location":null,"numPassingAsserts":1,"retryReasons":[],"status":"passed","title":"should pass"},{"ancestorTitles":["KidsFightScene - Platform & Player Positioning"],"duration":15,"failureDetails":[{}],"failureMessages":["TypeError: this.player2.setFlipX is not a function\n    at KidsFightScene.create (/Users/ivan/projects/kidsfight/kidsfight_scene.ts:328:20)\n    at Object.<anonymous> (/Users/ivan/projects/kidsfight/__tests__/kidsfight_scene_platform_positioning.test.ts:52:11)\n    at Promise.then.completed (/Users/ivan/projects/kidsfight/node_modules/jest-circus/build/utils.js:298:28)\n    at new Promise (<anonymous>)\n    at callAsyncCircusFn (/Users/ivan/projects/kidsfight/node_modules/jest-circus/build/utils.js:231:10)\n    at _callCircusTest (/Users/ivan/projects/kidsfight/node_modules/jest-circus/build/run.js:316:40)\n    at processTicksAndRejections (node:internal/process/task_queues:105:5)\n    at _runTest (/Users/ivan/projects/kidsfight/node_modules/jest-circus/build/run.js:252:3)\n    at _runTestsForDescribeBlock (/Users/ivan/projects/kidsfight/node_modules/jest-circus/build/run.js:126:9)\n    at _runTestsForDescribeBlock (/Users/ivan/projects/kidsfight/node_modules/jest-circus/build/run.js:121:9)\n    at run (/Users/ivan/projects/kidsfight/node_modules/jest-circus/build/run.js:71:3)\n    at runAndTransformResultsToJestFormat (/Users/ivan/projects/kidsfight/node_modules/jest-circus/build/legacy-code-todo-rewrite/jestAdapterInit.js:122:21)\n    at jestAdapter (/Users/ivan/projects/kidsfight/node_modules/jest-circus/build/legacy-code-todo-rewrite/jestAdapter.js:79:19)\n    at runTestInternal (/Users/ivan/projects/kidsfight/node_modules/jest-runner/build/runTest.js:367:16)\n    at runTest (/Users/ivan/projects/kidsfight/node_modules/jest-runner/build/runTest.js:444:34)\n    at Object.worker (/Users/ivan/projects/kidsfight/node_modules/jest-runner/build/testWorker.js:106:12)"],"fullName":"KidsFightScene - Platform & Player Positioning should create an upper platform at the correct y and make it transparent","invocations":1,"location":null,"numPassingAsserts":0,"retryReasons":[],"status":"failed","title":"should create an upper platform at the correct y and make it transparent"},{"ancestorTitles":["KidsFightScene - Platform & Player Positioning"],"duration":3,"failureDetails":[{}],"failureMessages":["TypeError: this.player2.setFlipX is not a function\n    at KidsFightScene.create (/Users/ivan/projects/kidsfight/kidsfight_scene.ts:328:20)\n    at Object.<anonymous> (/Users/ivan/projects/kidsfight/__tests__/kidsfight_scene_platform_positioning.test.ts:63:11)\n    at Promise.then.completed (/Users/ivan/projects/kidsfight/node_modules/jest-circus/build/utils.js:298:28)\n    at new Promise (<anonymous>)\n    at callAsyncCircusFn (/Users/ivan/projects/kidsfight/node_modules/jest-circus/build/utils.js:231:10)\n    at _callCircusTest (/Users/ivan/projects/kidsfight/node_modules/jest-circus/build/run.js:316:40)\n    at processTicksAndRejections (node:internal/process/task_queues:105:5)\n    at _runTest (/Users/ivan/projects/kidsfight/node_modules/jest-circus/build/run.js:252:3)\n    at _runTestsForDescribeBlock (/Users/ivan/projects/kidsfight/node_modules/jest-circus/build/run.js:126:9)\n    at _runTestsForDescribeBlock (/Users/ivan/projects/kidsfight/node_modules/jest-circus/build/run.js:121:9)\n    at run (/Users/ivan/projects/kidsfight/node_modules/jest-circus/build/run.js:71:3)\n    at runAndTransformResultsToJestFormat (/Users/ivan/projects/kidsfight/node_modules/jest-circus/build/legacy-code-todo-rewrite/jestAdapterInit.js:122:21)\n    at jestAdapter (/Users/ivan/projects/kidsfight/node_modules/jest-circus/build/legacy-code-todo-rewrite/jestAdapter.js:79:19)\n    at runTestInternal (/Users/ivan/projects/kidsfight/node_modules/jest-runner/build/runTest.js:367:16)\n    at runTest (/Users/ivan/projects/kidsfight/node_modules/jest-runner/build/runTest.js:444:34)\n    at Object.worker (/Users/ivan/projects/kidsfight/node_modules/jest-runner/build/testWorker.js:106:12)"],"fullName":"KidsFightScene - Platform & Player Positioning should create players at the correct y with origin (0.5, 1.0) and scale 0.4","invocations":1,"location":null,"numPassingAsserts":0,"retryReasons":[],"status":"failed","title":"should create players at the correct y with origin (0.5, 1.0) and scale 0.4"},{"ancestorTitles":["KidsFightScene - Platform & Player Positioning"],"duration":2,"failureDetails":[{}],"failureMessages":["TypeError: this.player2.setFlipX is not a function\n    at KidsFightScene.create (/Users/ivan/projects/kidsfight/kidsfight_scene.ts:328:20)\n    at Object.<anonymous> (/Users/ivan/projects/kidsfight/__tests__/kidsfight_scene_platform_positioning.test.ts:79:11)\n    at Promise.then.completed (/Users/ivan/projects/kidsfight/node_modules/jest-circus/build/utils.js:298:28)\n    at new Promise (<anonymous>)\n    at callAsyncCircusFn (/Users/ivan/projects/kidsfight/node_modules/jest-circus/build/utils.js:231:10)\n    at _callCircusTest (/Users/ivan/projects/kidsfight/node_modules/jest-circus/build/run.js:316:40)\n    at processTicksAndRejections (node:internal/process/task_queues:105:5)\n    at _runTest (/Users/ivan/projects/kidsfight/node_modules/jest-circus/build/run.js:252:3)\n    at _runTestsForDescribeBlock (/Users/ivan/projects/kidsfight/node_modules/jest-circus/build/run.js:126:9)\n    at _runTestsForDescribeBlock (/Users/ivan/projects/kidsfight/node_modules/jest-circus/build/run.js:121:9)\n    at run (/Users/ivan/projects/kidsfight/node_modules/jest-circus/build/run.js:71:3)\n    at runAndTransformResultsToJestFormat (/Users/ivan/projects/kidsfight/node_modules/jest-circus/build/legacy-code-todo-rewrite/jestAdapterInit.js:122:21)\n    at jestAdapter (/Users/ivan/projects/kidsfight/node_modules/jest-circus/build/legacy-code-todo-rewrite/jestAdapter.js:79:19)\n    at runTestInternal (/Users/ivan/projects/kidsfight/node_modules/jest-runner/build/runTest.js:367:16)\n    at runTest (/Users/ivan/projects/kidsfight/node_modules/jest-runner/build/runTest.js:444:34)\n    at Object.worker (/Users/ivan/projects/kidsfight/node_modules/jest-runner/build/testWorker.js:106:12)"],"fullName":"KidsFightScene - Platform & Player Positioning should add physics collider between players and upper platform","invocations":1,"location":null,"numPassingAsserts":0,"retryReasons":[],"status":"failed","title":"should add physics collider between players and upper platform"}],"endTime":1748212546278,"message":"  ● KidsFightScene - Platform & Player Positioning › should create an upper platform at the correct y and make it transparent\n\n    TypeError: this.player2.setFlipX is not a function\n\n      326 |     // After creating player2 sprite, ensure it is flipped horizontally\n      327 |     if (this.player2) {\n    > 328 |       this.player2.setFlipX(true);\n          |                    ^\n      329 |     }\n      330 |\n      331 |     // Enable collision between players and the new upper platform\n\n      at KidsFightScene.create (kidsfight_scene.ts:328:20)\n      at Object.<anonymous> (__tests__/kidsfight_scene_platform_positioning.test.ts:52:11)\n\n  ● KidsFightScene - Platform & Player Positioning › should create players at the correct y with origin (0.5, 1.0) and scale 0.4\n\n    TypeError: this.player2.setFlipX is not a function\n\n      326 |     // After creating player2 sprite, ensure it is flipped horizontally\n      327 |     if (this.player2) {\n    > 328 |       this.player2.setFlipX(true);\n          |                    ^\n      329 |     }\n      330 |\n      331 |     // Enable collision between players and the new upper platform\n\n      at KidsFightScene.create (kidsfight_scene.ts:328:20)\n      at Object.<anonymous> (__tests__/kidsfight_scene_platform_positioning.test.ts:63:11)\n\n  ● KidsFightScene - Platform & Player Positioning › should add physics collider between players and upper platform\n\n    TypeError: this.player2.setFlipX is not a function\n\n      326 |     // After creating player2 sprite, ensure it is flipped horizontally\n      327 |     if (this.player2) {\n    > 328 |       this.player2.setFlipX(true);\n          |                    ^\n      329 |     }\n      330 |\n      331 |     // Enable collision between players and the new upper platform\n\n      at KidsFightScene.create (kidsfight_scene.ts:328:20)\n      at Object.<anonymous> (__tests__/kidsfight_scene_platform_positioning.test.ts:79:11)\n","name":"/Users/ivan/projects/kidsfight/__tests__/kidsfight_scene_platform_positioning.test.ts","startTime":1748212545851,"status":"failed","summary":""},{"assertionResults":[{"ancestorTitles":["Test setup"],"duration":4,"failureDetails":[],"failureMessages":[],"fullName":"Test setup should pass","invocations":1,"location":null,"numPassingAsserts":1,"retryReasons":[],"status":"passed","title":"should pass"},{"ancestorTitles":["KidsFightScene - Online Mode","Player Movement"],"duration":4,"failureDetails":[{}],"failureMessages":["TypeError: Cannot read properties of undefined (reading 'down')\n    at TestKidsFightScene.updatePlayerAnimation (/Users/ivan/projects/kidsfight/kidsfight_scene.ts:968:50)\n    at TestKidsFightScene.handleRemoteAction (/Users/ivan/projects/kidsfight/kidsfight_scene.ts:871:8)\n    at TestKidsFightScene.handleRemoteAction (/Users/ivan/projects/kidsfight/__tests__/kidsfight_scene_online_mode.test.ts:266:11)\n    at Object.<anonymous> (/Users/ivan/projects/kidsfight/__tests__/kidsfight_scene_online_mode.test.ts:356:13)\n    at Promise.then.completed (/Users/ivan/projects/kidsfight/node_modules/jest-circus/build/utils.js:298:28)\n    at new Promise (<anonymous>)\n    at callAsyncCircusFn (/Users/ivan/projects/kidsfight/node_modules/jest-circus/build/utils.js:231:10)\n    at _callCircusTest (/Users/ivan/projects/kidsfight/node_modules/jest-circus/build/run.js:316:40)\n    at processTicksAndRejections (node:internal/process/task_queues:105:5)\n    at _runTest (/Users/ivan/projects/kidsfight/node_modules/jest-circus/build/run.js:252:3)\n    at _runTestsForDescribeBlock (/Users/ivan/projects/kidsfight/node_modules/jest-circus/build/run.js:126:9)\n    at _runTestsForDescribeBlock (/Users/ivan/projects/kidsfight/node_modules/jest-circus/build/run.js:121:9)\n    at _runTestsForDescribeBlock (/Users/ivan/projects/kidsfight/node_modules/jest-circus/build/run.js:121:9)\n    at run (/Users/ivan/projects/kidsfight/node_modules/jest-circus/build/run.js:71:3)\n    at runAndTransformResultsToJestFormat (/Users/ivan/projects/kidsfight/node_modules/jest-circus/build/legacy-code-todo-rewrite/jestAdapterInit.js:122:21)\n    at jestAdapter (/Users/ivan/projects/kidsfight/node_modules/jest-circus/build/legacy-code-todo-rewrite/jestAdapter.js:79:19)\n    at runTestInternal (/Users/ivan/projects/kidsfight/node_modules/jest-runner/build/runTest.js:367:16)\n    at runTest (/Users/ivan/projects/kidsfight/node_modules/jest-runner/build/runTest.js:444:34)\n    at Object.worker (/Users/ivan/projects/kidsfight/node_modules/jest-runner/build/testWorker.js:106:12)"],"fullName":"KidsFightScene - Online Mode Player Movement should allow player1 movement as guest in online mode","invocations":1,"location":null,"numPassingAsserts":0,"retryReasons":[],"status":"failed","title":"should allow player1 movement as guest in online mode"},{"ancestorTitles":["KidsFightScene - Online Mode","Player Movement"],"duration":2,"failureDetails":[{}],"failureMessages":["TypeError: Cannot read properties of undefined (reading 'down')\n    at TestKidsFightScene.updatePlayerAnimation (/Users/ivan/projects/kidsfight/kidsfight_scene.ts:968:50)\n    at TestKidsFightScene.update (/Users/ivan/projects/kidsfight/kidsfight_scene.ts:1059:10)\n    at TestKidsFightScene.update (/Users/ivan/projects/kidsfight/__tests__/kidsfight_scene_online_mode.test.ts:261:11)\n    at Object.<anonymous> (/Users/ivan/projects/kidsfight/__tests__/kidsfight_scene_online_mode.test.ts:369:13)\n    at Promise.then.completed (/Users/ivan/projects/kidsfight/node_modules/jest-circus/build/utils.js:298:28)\n    at new Promise (<anonymous>)\n    at callAsyncCircusFn (/Users/ivan/projects/kidsfight/node_modules/jest-circus/build/utils.js:231:10)\n    at _callCircusTest (/Users/ivan/projects/kidsfight/node_modules/jest-circus/build/run.js:316:40)\n    at processTicksAndRejections (node:internal/process/task_queues:105:5)\n    at _runTest (/Users/ivan/projects/kidsfight/node_modules/jest-circus/build/run.js:252:3)\n    at _runTestsForDescribeBlock (/Users/ivan/projects/kidsfight/node_modules/jest-circus/build/run.js:126:9)\n    at _runTestsForDescribeBlock (/Users/ivan/projects/kidsfight/node_modules/jest-circus/build/run.js:121:9)\n    at _runTestsForDescribeBlock (/Users/ivan/projects/kidsfight/node_modules/jest-circus/build/run.js:121:9)\n    at run (/Users/ivan/projects/kidsfight/node_modules/jest-circus/build/run.js:71:3)\n    at runAndTransformResultsToJestFormat (/Users/ivan/projects/kidsfight/node_modules/jest-circus/build/legacy-code-todo-rewrite/jestAdapterInit.js:122:21)\n    at jestAdapter (/Users/ivan/projects/kidsfight/node_modules/jest-circus/build/legacy-code-todo-rewrite/jestAdapter.js:79:19)\n    at runTestInternal (/Users/ivan/projects/kidsfight/node_modules/jest-runner/build/runTest.js:367:16)\n    at runTest (/Users/ivan/projects/kidsfight/node_modules/jest-runner/build/runTest.js:444:34)\n    at Object.worker (/Users/ivan/projects/kidsfight/node_modules/jest-runner/build/testWorker.js:106:12)"],"fullName":"KidsFightScene - Online Mode Player Movement should NOT move player2 as host in online mode","invocations":1,"location":null,"numPassingAsserts":0,"retryReasons":[],"status":"failed","title":"should NOT move player2 as host in online mode"},{"ancestorTitles":["KidsFightScene - Online Mode","Player Movement"],"duration":1,"failureDetails":[{}],"failureMessages":["TypeError: Cannot read properties of undefined (reading 'down')\n    at TestKidsFightScene.updatePlayerAnimation (/Users/ivan/projects/kidsfight/kidsfight_scene.ts:968:50)\n    at TestKidsFightScene.handleRemoteAction (/Users/ivan/projects/kidsfight/kidsfight_scene.ts:871:8)\n    at TestKidsFightScene.handleRemoteAction (/Users/ivan/projects/kidsfight/__tests__/kidsfight_scene_online_mode.test.ts:266:11)\n    at Object.<anonymous> (/Users/ivan/projects/kidsfight/__tests__/kidsfight_scene_online_mode.test.ts:382:13)\n    at Promise.then.completed (/Users/ivan/projects/kidsfight/node_modules/jest-circus/build/utils.js:298:28)\n    at new Promise (<anonymous>)\n    at callAsyncCircusFn (/Users/ivan/projects/kidsfight/node_modules/jest-circus/build/utils.js:231:10)\n    at _callCircusTest (/Users/ivan/projects/kidsfight/node_modules/jest-circus/build/run.js:316:40)\n    at processTicksAndRejections (node:internal/process/task_queues:105:5)\n    at _runTest (/Users/ivan/projects/kidsfight/node_modules/jest-circus/build/run.js:252:3)\n    at _runTestsForDescribeBlock (/Users/ivan/projects/kidsfight/node_modules/jest-circus/build/run.js:126:9)\n    at _runTestsForDescribeBlock (/Users/ivan/projects/kidsfight/node_modules/jest-circus/build/run.js:121:9)\n    at _runTestsForDescribeBlock (/Users/ivan/projects/kidsfight/node_modules/jest-circus/build/run.js:121:9)\n    at run (/Users/ivan/projects/kidsfight/node_modules/jest-circus/build/run.js:71:3)\n    at runAndTransformResultsToJestFormat (/Users/ivan/projects/kidsfight/node_modules/jest-circus/build/legacy-code-todo-rewrite/jestAdapterInit.js:122:21)\n    at jestAdapter (/Users/ivan/projects/kidsfight/node_modules/jest-circus/build/legacy-code-todo-rewrite/jestAdapter.js:79:19)\n    at runTestInternal (/Users/ivan/projects/kidsfight/node_modules/jest-runner/build/runTest.js:367:16)\n    at runTest (/Users/ivan/projects/kidsfight/node_modules/jest-runner/build/runTest.js:444:34)\n    at Object.worker (/Users/ivan/projects/kidsfight/node_modules/jest-runner/build/testWorker.js:106:12)"],"fullName":"KidsFightScene - Online Mode Player Movement should handle remote movement actions","invocations":1,"location":null,"numPassingAsserts":0,"retryReasons":[],"status":"failed","title":"should handle remote movement actions"},{"ancestorTitles":["KidsFightScene - Online Mode","Player Movement"],"duration":1,"failureDetails":[{}],"failureMessages":["TypeError: Cannot read properties of undefined (reading 'down')\n    at TestKidsFightScene.updatePlayerAnimation (/Users/ivan/projects/kidsfight/kidsfight_scene.ts:968:50)\n    at TestKidsFightScene.handleRemoteAction (/Users/ivan/projects/kidsfight/kidsfight_scene.ts:871:8)\n    at TestKidsFightScene.handleRemoteAction (/Users/ivan/projects/kidsfight/__tests__/kidsfight_scene_online_mode.test.ts:266:11)\n    at Object.<anonymous> (/Users/ivan/projects/kidsfight/__tests__/kidsfight_scene_online_mode.test.ts:397:13)\n    at Promise.then.completed (/Users/ivan/projects/kidsfight/node_modules/jest-circus/build/utils.js:298:28)\n    at new Promise (<anonymous>)\n    at callAsyncCircusFn (/Users/ivan/projects/kidsfight/node_modules/jest-circus/build/utils.js:231:10)\n    at _callCircusTest (/Users/ivan/projects/kidsfight/node_modules/jest-circus/build/run.js:316:40)\n    at processTicksAndRejections (node:internal/process/task_queues:105:5)\n    at _runTest (/Users/ivan/projects/kidsfight/node_modules/jest-circus/build/run.js:252:3)\n    at _runTestsForDescribeBlock (/Users/ivan/projects/kidsfight/node_modules/jest-circus/build/run.js:126:9)\n    at _runTestsForDescribeBlock (/Users/ivan/projects/kidsfight/node_modules/jest-circus/build/run.js:121:9)\n    at _runTestsForDescribeBlock (/Users/ivan/projects/kidsfight/node_modules/jest-circus/build/run.js:121:9)\n    at run (/Users/ivan/projects/kidsfight/node_modules/jest-circus/build/run.js:71:3)\n    at runAndTransformResultsToJestFormat (/Users/ivan/projects/kidsfight/node_modules/jest-circus/build/legacy-code-todo-rewrite/jestAdapterInit.js:122:21)\n    at jestAdapter (/Users/ivan/projects/kidsfight/node_modules/jest-circus/build/legacy-code-todo-rewrite/jestAdapter.js:79:19)\n    at runTestInternal (/Users/ivan/projects/kidsfight/node_modules/jest-runner/build/runTest.js:367:16)\n    at runTest (/Users/ivan/projects/kidsfight/node_modules/jest-runner/build/runTest.js:444:34)\n    at Object.worker (/Users/ivan/projects/kidsfight/node_modules/jest-runner/build/testWorker.js:106:12)"],"fullName":"KidsFightScene - Online Mode Player Movement should handle remote jump actions","invocations":1,"location":null,"numPassingAsserts":0,"retryReasons":[],"status":"failed","title":"should handle remote jump actions"},{"ancestorTitles":["KidsFightScene - Online Mode","Attacks and Specials"],"duration":1,"failureDetails":[{}],"failureMessages":["TypeError: Cannot read properties of undefined (reading 'down')\n    at TestKidsFightScene.updatePlayerAnimation (/Users/ivan/projects/kidsfight/kidsfight_scene.ts:968:50)\n    at TestKidsFightScene.handleRemoteAction (/Users/ivan/projects/kidsfight/kidsfight_scene.ts:871:8)\n    at TestKidsFightScene.handleRemoteAction (/Users/ivan/projects/kidsfight/__tests__/kidsfight_scene_online_mode.test.ts:266:11)\n    at Object.<anonymous> (/Users/ivan/projects/kidsfight/__tests__/kidsfight_scene_online_mode.test.ts:417:13)\n    at Promise.then.completed (/Users/ivan/projects/kidsfight/node_modules/jest-circus/build/utils.js:298:28)\n    at new Promise (<anonymous>)\n    at callAsyncCircusFn (/Users/ivan/projects/kidsfight/node_modules/jest-circus/build/utils.js:231:10)\n    at _callCircusTest (/Users/ivan/projects/kidsfight/node_modules/jest-circus/build/run.js:316:40)\n    at processTicksAndRejections (node:internal/process/task_queues:105:5)\n    at _runTest (/Users/ivan/projects/kidsfight/node_modules/jest-circus/build/run.js:252:3)\n    at _runTestsForDescribeBlock (/Users/ivan/projects/kidsfight/node_modules/jest-circus/build/run.js:126:9)\n    at _runTestsForDescribeBlock (/Users/ivan/projects/kidsfight/node_modules/jest-circus/build/run.js:121:9)\n    at _runTestsForDescribeBlock (/Users/ivan/projects/kidsfight/node_modules/jest-circus/build/run.js:121:9)\n    at run (/Users/ivan/projects/kidsfight/node_modules/jest-circus/build/run.js:71:3)\n    at runAndTransformResultsToJestFormat (/Users/ivan/projects/kidsfight/node_modules/jest-circus/build/legacy-code-todo-rewrite/jestAdapterInit.js:122:21)\n    at jestAdapter (/Users/ivan/projects/kidsfight/node_modules/jest-circus/build/legacy-code-todo-rewrite/jestAdapter.js:79:19)\n    at runTestInternal (/Users/ivan/projects/kidsfight/node_modules/jest-runner/build/runTest.js:367:16)\n    at runTest (/Users/ivan/projects/kidsfight/node_modules/jest-runner/build/runTest.js:444:34)\n    at Object.worker (/Users/ivan/projects/kidsfight/node_modules/jest-runner/build/testWorker.js:106:12)"],"fullName":"KidsFightScene - Online Mode Attacks and Specials should handle remote attack actions","invocations":1,"location":null,"numPassingAsserts":0,"retryReasons":[],"status":"failed","title":"should handle remote attack actions"},{"ancestorTitles":["KidsFightScene - Online Mode","Attacks and Specials"],"duration":1,"failureDetails":[{}],"failureMessages":["TypeError: Cannot read properties of undefined (reading 'down')\n    at TestKidsFightScene.updatePlayerAnimation (/Users/ivan/projects/kidsfight/kidsfight_scene.ts:968:50)\n    at TestKidsFightScene.handleRemoteAction (/Users/ivan/projects/kidsfight/kidsfight_scene.ts:871:8)\n    at TestKidsFightScene.handleRemoteAction (/Users/ivan/projects/kidsfight/__tests__/kidsfight_scene_online_mode.test.ts:266:11)\n    at Object.<anonymous> (/Users/ivan/projects/kidsfight/__tests__/kidsfight_scene_online_mode.test.ts:441:13)\n    at Promise.then.completed (/Users/ivan/projects/kidsfight/node_modules/jest-circus/build/utils.js:298:28)\n    at new Promise (<anonymous>)\n    at callAsyncCircusFn (/Users/ivan/projects/kidsfight/node_modules/jest-circus/build/utils.js:231:10)\n    at _callCircusTest (/Users/ivan/projects/kidsfight/node_modules/jest-circus/build/run.js:316:40)\n    at processTicksAndRejections (node:internal/process/task_queues:105:5)\n    at _runTest (/Users/ivan/projects/kidsfight/node_modules/jest-circus/build/run.js:252:3)\n    at _runTestsForDescribeBlock (/Users/ivan/projects/kidsfight/node_modules/jest-circus/build/run.js:126:9)\n    at _runTestsForDescribeBlock (/Users/ivan/projects/kidsfight/node_modules/jest-circus/build/run.js:121:9)\n    at _runTestsForDescribeBlock (/Users/ivan/projects/kidsfight/node_modules/jest-circus/build/run.js:121:9)\n    at run (/Users/ivan/projects/kidsfight/node_modules/jest-circus/build/run.js:71:3)\n    at runAndTransformResultsToJestFormat (/Users/ivan/projects/kidsfight/node_modules/jest-circus/build/legacy-code-todo-rewrite/jestAdapterInit.js:122:21)\n    at jestAdapter (/Users/ivan/projects/kidsfight/node_modules/jest-circus/build/legacy-code-todo-rewrite/jestAdapter.js:79:19)\n    at runTestInternal (/Users/ivan/projects/kidsfight/node_modules/jest-runner/build/runTest.js:367:16)\n    at runTest (/Users/ivan/projects/kidsfight/node_modules/jest-runner/build/runTest.js:444:34)\n    at Object.worker (/Users/ivan/projects/kidsfight/node_modules/jest-runner/build/testWorker.js:106:12)"],"fullName":"KidsFightScene - Online Mode Attacks and Specials should handle remote block actions","invocations":1,"location":null,"numPassingAsserts":0,"retryReasons":[],"status":"failed","title":"should handle remote block actions"}],"endTime":1748212546416,"message":"  ● KidsFightScene - Online Mode › Player Movement › should allow player1 movement as guest in online mode\n\n    TypeError: Cannot read properties of undefined (reading 'down')\n\n      966 |     // DEBUG\n      967 |     //console.log('ANIM: ATTACK', playerIndex);\n    > 968 |   } else if (player.body && !player.body.blocked.down) {\n          |                                                  ^\n      969 |     player.setFrame(0); // Use idle frame for jump (customize if needed)\n      970 |     // DEBUG\n      971 |     //console.log('ANIM: JUMP', playerIndex);\n\n      at TestKidsFightScene.updatePlayerAnimation (kidsfight_scene.ts:968:50)\n      at TestKidsFightScene.handleRemoteAction (kidsfight_scene.ts:871:8)\n      at TestKidsFightScene.handleRemoteAction (__tests__/kidsfight_scene_online_mode.test.ts:266:11)\n      at Object.<anonymous> (__tests__/kidsfight_scene_online_mode.test.ts:356:13)\n\n  ● KidsFightScene - Online Mode › Player Movement › should NOT move player2 as host in online mode\n\n    TypeError: Cannot read properties of undefined (reading 'down')\n\n      966 |     // DEBUG\n      967 |     //console.log('ANIM: ATTACK', playerIndex);\n    > 968 |   } else if (player.body && !player.body.blocked.down) {\n          |                                                  ^\n      969 |     player.setFrame(0); // Use idle frame for jump (customize if needed)\n      970 |     // DEBUG\n      971 |     //console.log('ANIM: JUMP', playerIndex);\n\n      at TestKidsFightScene.updatePlayerAnimation (kidsfight_scene.ts:968:50)\n      at TestKidsFightScene.update (kidsfight_scene.ts:1059:10)\n      at TestKidsFightScene.update (__tests__/kidsfight_scene_online_mode.test.ts:261:11)\n      at Object.<anonymous> (__tests__/kidsfight_scene_online_mode.test.ts:369:13)\n\n  ● KidsFightScene - Online Mode › Player Movement › should handle remote movement actions\n\n    TypeError: Cannot read properties of undefined (reading 'down')\n\n      966 |     // DEBUG\n      967 |     //console.log('ANIM: ATTACK', playerIndex);\n    > 968 |   } else if (player.body && !player.body.blocked.down) {\n          |                                                  ^\n      969 |     player.setFrame(0); // Use idle frame for jump (customize if needed)\n      970 |     // DEBUG\n      971 |     //console.log('ANIM: JUMP', playerIndex);\n\n      at TestKidsFightScene.updatePlayerAnimation (kidsfight_scene.ts:968:50)\n      at TestKidsFightScene.handleRemoteAction (kidsfight_scene.ts:871:8)\n      at TestKidsFightScene.handleRemoteAction (__tests__/kidsfight_scene_online_mode.test.ts:266:11)\n      at Object.<anonymous> (__tests__/kidsfight_scene_online_mode.test.ts:382:13)\n\n  ● KidsFightScene - Online Mode › Player Movement › should handle remote jump actions\n\n    TypeError: Cannot read properties of undefined (reading 'down')\n\n      966 |     // DEBUG\n      967 |     //console.log('ANIM: ATTACK', playerIndex);\n    > 968 |   } else if (player.body && !player.body.blocked.down) {\n          |                                                  ^\n      969 |     player.setFrame(0); // Use idle frame for jump (customize if needed)\n      970 |     // DEBUG\n      971 |     //console.log('ANIM: JUMP', playerIndex);\n\n      at TestKidsFightScene.updatePlayerAnimation (kidsfight_scene.ts:968:50)\n      at TestKidsFightScene.handleRemoteAction (kidsfight_scene.ts:871:8)\n      at TestKidsFightScene.handleRemoteAction (__tests__/kidsfight_scene_online_mode.test.ts:266:11)\n      at Object.<anonymous> (__tests__/kidsfight_scene_online_mode.test.ts:397:13)\n\n  ● KidsFightScene - Online Mode › Attacks and Specials › should handle remote attack actions\n\n    TypeError: Cannot read properties of undefined (reading 'down')\n\n      966 |     // DEBUG\n      967 |     //console.log('ANIM: ATTACK', playerIndex);\n    > 968 |   } else if (player.body && !player.body.blocked.down) {\n          |                                                  ^\n      969 |     player.setFrame(0); // Use idle frame for jump (customize if needed)\n      970 |     // DEBUG\n      971 |     //console.log('ANIM: JUMP', playerIndex);\n\n      at TestKidsFightScene.updatePlayerAnimation (kidsfight_scene.ts:968:50)\n      at TestKidsFightScene.handleRemoteAction (kidsfight_scene.ts:871:8)\n      at TestKidsFightScene.handleRemoteAction (__tests__/kidsfight_scene_online_mode.test.ts:266:11)\n      at Object.<anonymous> (__tests__/kidsfight_scene_online_mode.test.ts:417:13)\n\n  ● KidsFightScene - Online Mode › Attacks and Specials › should handle remote block actions\n\n    TypeError: Cannot read properties of undefined (reading 'down')\n\n      966 |     // DEBUG\n      967 |     //console.log('ANIM: ATTACK', playerIndex);\n    > 968 |   } else if (player.body && !player.body.blocked.down) {\n          |                                                  ^\n      969 |     player.setFrame(0); // Use idle frame for jump (customize if needed)\n      970 |     // DEBUG\n      971 |     //console.log('ANIM: JUMP', playerIndex);\n\n      at TestKidsFightScene.updatePlayerAnimation (kidsfight_scene.ts:968:50)\n      at TestKidsFightScene.handleRemoteAction (kidsfight_scene.ts:871:8)\n      at TestKidsFightScene.handleRemoteAction (__tests__/kidsfight_scene_online_mode.test.ts:266:11)\n      at Object.<anonymous> (__tests__/kidsfight_scene_online_mode.test.ts:441:13)\n","name":"/Users/ivan/projects/kidsfight/__tests__/kidsfight_scene_online_mode.test.ts","startTime":1748212545949,"status":"failed","summary":""},{"assertionResults":[{"ancestorTitles":["Test setup"],"duration":18,"failureDetails":[],"failureMessages":[],"fullName":"Test setup should pass","invocations":1,"location":null,"numPassingAsserts":1,"retryReasons":[],"status":"passed","title":"should pass"},{"ancestorTitles":["Player Selection Behaviour","Character Selection"],"duration":2,"failureDetails":[{}],"failureMessages":["TypeError: Cannot read properties of undefined (reading 'setInteractive')\n    at PlayerSelectScene.createUIButtons (/Users/ivan/projects/kidsfight/player_select_scene.ts:325:21)\n    at PlayerSelectScene.create (/Users/ivan/projects/kidsfight/player_select_scene.ts:205:10)\n    at Object.<anonymous> (/Users/ivan/projects/kidsfight/__tests__/player_selection_behaviour.test.ts:92:11)\n    at Promise.then.completed (/Users/ivan/projects/kidsfight/node_modules/jest-circus/build/utils.js:298:28)\n    at new Promise (<anonymous>)\n    at callAsyncCircusFn (/Users/ivan/projects/kidsfight/node_modules/jest-circus/build/utils.js:231:10)\n    at _callCircusHook (/Users/ivan/projects/kidsfight/node_modules/jest-circus/build/run.js:281:40)\n    at processTicksAndRejections (node:internal/process/task_queues:105:5)\n    at _runTest (/Users/ivan/projects/kidsfight/node_modules/jest-circus/build/run.js:246:5)\n    at _runTestsForDescribeBlock (/Users/ivan/projects/kidsfight/node_modules/jest-circus/build/run.js:126:9)\n    at _runTestsForDescribeBlock (/Users/ivan/projects/kidsfight/node_modules/jest-circus/build/run.js:121:9)\n    at _runTestsForDescribeBlock (/Users/ivan/projects/kidsfight/node_modules/jest-circus/build/run.js:121:9)\n    at run (/Users/ivan/projects/kidsfight/node_modules/jest-circus/build/run.js:71:3)\n    at runAndTransformResultsToJestFormat (/Users/ivan/projects/kidsfight/node_modules/jest-circus/build/legacy-code-todo-rewrite/jestAdapterInit.js:122:21)\n    at jestAdapter (/Users/ivan/projects/kidsfight/node_modules/jest-circus/build/legacy-code-todo-rewrite/jestAdapter.js:79:19)\n    at runTestInternal (/Users/ivan/projects/kidsfight/node_modules/jest-runner/build/runTest.js:367:16)\n    at runTest (/Users/ivan/projects/kidsfight/node_modules/jest-runner/build/runTest.js:444:34)\n    at Object.worker (/Users/ivan/projects/kidsfight/node_modules/jest-runner/build/testWorker.js:106:12)"],"fullName":"Player Selection Behaviour Character Selection should allow player 1 to select a character in local mode","invocations":1,"location":null,"numPassingAsserts":0,"retryReasons":[],"status":"failed","title":"should allow player 1 to select a character in local mode"},{"ancestorTitles":["Player Selection Behaviour","Character Selection"],"duration":1,"failureDetails":[{}],"failureMessages":["TypeError: Cannot read properties of undefined (reading 'setInteractive')\n    at PlayerSelectScene.createUIButtons (/Users/ivan/projects/kidsfight/player_select_scene.ts:325:21)\n    at PlayerSelectScene.create (/Users/ivan/projects/kidsfight/player_select_scene.ts:205:10)\n    at Object.<anonymous> (/Users/ivan/projects/kidsfight/__tests__/player_selection_behaviour.test.ts:92:11)\n    at Promise.then.completed (/Users/ivan/projects/kidsfight/node_modules/jest-circus/build/utils.js:298:28)\n    at new Promise (<anonymous>)\n    at callAsyncCircusFn (/Users/ivan/projects/kidsfight/node_modules/jest-circus/build/utils.js:231:10)\n    at _callCircusHook (/Users/ivan/projects/kidsfight/node_modules/jest-circus/build/run.js:281:40)\n    at processTicksAndRejections (node:internal/process/task_queues:105:5)\n    at _runTest (/Users/ivan/projects/kidsfight/node_modules/jest-circus/build/run.js:246:5)\n    at _runTestsForDescribeBlock (/Users/ivan/projects/kidsfight/node_modules/jest-circus/build/run.js:126:9)\n    at _runTestsForDescribeBlock (/Users/ivan/projects/kidsfight/node_modules/jest-circus/build/run.js:121:9)\n    at _runTestsForDescribeBlock (/Users/ivan/projects/kidsfight/node_modules/jest-circus/build/run.js:121:9)\n    at run (/Users/ivan/projects/kidsfight/node_modules/jest-circus/build/run.js:71:3)\n    at runAndTransformResultsToJestFormat (/Users/ivan/projects/kidsfight/node_modules/jest-circus/build/legacy-code-todo-rewrite/jestAdapterInit.js:122:21)\n    at jestAdapter (/Users/ivan/projects/kidsfight/node_modules/jest-circus/build/legacy-code-todo-rewrite/jestAdapter.js:79:19)\n    at runTestInternal (/Users/ivan/projects/kidsfight/node_modules/jest-runner/build/runTest.js:367:16)\n    at runTest (/Users/ivan/projects/kidsfight/node_modules/jest-runner/build/runTest.js:444:34)\n    at Object.worker (/Users/ivan/projects/kidsfight/node_modules/jest-runner/build/testWorker.js:106:12)"],"fullName":"Player Selection Behaviour Character Selection should alternate between players in local mode","invocations":1,"location":null,"numPassingAsserts":0,"retryReasons":[],"status":"failed","title":"should alternate between players in local mode"},{"ancestorTitles":["Player Selection Behaviour","Character Selection"],"duration":1,"failureDetails":[{}],"failureMessages":["TypeError: Cannot read properties of undefined (reading 'setInteractive')\n    at PlayerSelectScene.createUIButtons (/Users/ivan/projects/kidsfight/player_select_scene.ts:325:21)\n    at PlayerSelectScene.create (/Users/ivan/projects/kidsfight/player_select_scene.ts:205:10)\n    at Object.<anonymous> (/Users/ivan/projects/kidsfight/__tests__/player_selection_behaviour.test.ts:92:11)\n    at Promise.then.completed (/Users/ivan/projects/kidsfight/node_modules/jest-circus/build/utils.js:298:28)\n    at new Promise (<anonymous>)\n    at callAsyncCircusFn (/Users/ivan/projects/kidsfight/node_modules/jest-circus/build/utils.js:231:10)\n    at _callCircusHook (/Users/ivan/projects/kidsfight/node_modules/jest-circus/build/run.js:281:40)\n    at processTicksAndRejections (node:internal/process/task_queues:105:5)\n    at _runTest (/Users/ivan/projects/kidsfight/node_modules/jest-circus/build/run.js:246:5)\n    at _runTestsForDescribeBlock (/Users/ivan/projects/kidsfight/node_modules/jest-circus/build/run.js:126:9)\n    at _runTestsForDescribeBlock (/Users/ivan/projects/kidsfight/node_modules/jest-circus/build/run.js:121:9)\n    at _runTestsForDescribeBlock (/Users/ivan/projects/kidsfight/node_modules/jest-circus/build/run.js:121:9)\n    at run (/Users/ivan/projects/kidsfight/node_modules/jest-circus/build/run.js:71:3)\n    at runAndTransformResultsToJestFormat (/Users/ivan/projects/kidsfight/node_modules/jest-circus/build/legacy-code-todo-rewrite/jestAdapterInit.js:122:21)\n    at jestAdapter (/Users/ivan/projects/kidsfight/node_modules/jest-circus/build/legacy-code-todo-rewrite/jestAdapter.js:79:19)\n    at runTestInternal (/Users/ivan/projects/kidsfight/node_modules/jest-runner/build/runTest.js:367:16)\n    at runTest (/Users/ivan/projects/kidsfight/node_modules/jest-runner/build/runTest.js:444:34)\n    at Object.worker (/Users/ivan/projects/kidsfight/node_modules/jest-runner/build/testWorker.js:106:12)"],"fullName":"Player Selection Behaviour Character Selection should only allow player 1 to select in online mode","invocations":1,"location":null,"numPassingAsserts":0,"retryReasons":[],"status":"failed","title":"should only allow player 1 to select in online mode"},{"ancestorTitles":["Player Selection Behaviour","WebSocket Integration"],"duration":2,"failureDetails":[{}],"failureMessages":["TypeError: Cannot read properties of undefined (reading 'setInteractive')\n    at PlayerSelectScene.createUIButtons (/Users/ivan/projects/kidsfight/player_select_scene.ts:325:21)\n    at PlayerSelectScene.create (/Users/ivan/projects/kidsfight/player_select_scene.ts:205:10)\n    at Object.<anonymous> (/Users/ivan/projects/kidsfight/__tests__/player_selection_behaviour.test.ts:92:11)\n    at Promise.then.completed (/Users/ivan/projects/kidsfight/node_modules/jest-circus/build/utils.js:298:28)\n    at new Promise (<anonymous>)\n    at callAsyncCircusFn (/Users/ivan/projects/kidsfight/node_modules/jest-circus/build/utils.js:231:10)\n    at _callCircusHook (/Users/ivan/projects/kidsfight/node_modules/jest-circus/build/run.js:281:40)\n    at processTicksAndRejections (node:internal/process/task_queues:105:5)\n    at _runTest (/Users/ivan/projects/kidsfight/node_modules/jest-circus/build/run.js:246:5)\n    at _runTestsForDescribeBlock (/Users/ivan/projects/kidsfight/node_modules/jest-circus/build/run.js:126:9)\n    at _runTestsForDescribeBlock (/Users/ivan/projects/kidsfight/node_modules/jest-circus/build/run.js:121:9)\n    at _runTestsForDescribeBlock (/Users/ivan/projects/kidsfight/node_modules/jest-circus/build/run.js:121:9)\n    at run (/Users/ivan/projects/kidsfight/node_modules/jest-circus/build/run.js:71:3)\n    at runAndTransformResultsToJestFormat (/Users/ivan/projects/kidsfight/node_modules/jest-circus/build/legacy-code-todo-rewrite/jestAdapterInit.js:122:21)\n    at jestAdapter (/Users/ivan/projects/kidsfight/node_modules/jest-circus/build/legacy-code-todo-rewrite/jestAdapter.js:79:19)\n    at runTestInternal (/Users/ivan/projects/kidsfight/node_modules/jest-runner/build/runTest.js:367:16)\n    at runTest (/Users/ivan/projects/kidsfight/node_modules/jest-runner/build/runTest.js:444:34)\n    at Object.worker (/Users/ivan/projects/kidsfight/node_modules/jest-runner/build/testWorker.js:106:12)"],"fullName":"Player Selection Behaviour WebSocket Integration should send player selection to WebSocket in online mode","invocations":1,"location":null,"numPassingAsserts":0,"retryReasons":[],"status":"failed","title":"should send player selection to WebSocket in online mode"},{"ancestorTitles":["Player Selection Behaviour","Selection Indicators"],"duration":4,"failureDetails":[{}],"failureMessages":["TypeError: Cannot read properties of undefined (reading 'setInteractive')\n    at PlayerSelectScene.createUIButtons (/Users/ivan/projects/kidsfight/player_select_scene.ts:325:21)\n    at PlayerSelectScene.create (/Users/ivan/projects/kidsfight/player_select_scene.ts:205:10)\n    at Object.<anonymous> (/Users/ivan/projects/kidsfight/__tests__/player_selection_behaviour.test.ts:92:11)\n    at Promise.then.completed (/Users/ivan/projects/kidsfight/node_modules/jest-circus/build/utils.js:298:28)\n    at new Promise (<anonymous>)\n    at callAsyncCircusFn (/Users/ivan/projects/kidsfight/node_modules/jest-circus/build/utils.js:231:10)\n    at _callCircusHook (/Users/ivan/projects/kidsfight/node_modules/jest-circus/build/run.js:281:40)\n    at processTicksAndRejections (node:internal/process/task_queues:105:5)\n    at _runTest (/Users/ivan/projects/kidsfight/node_modules/jest-circus/build/run.js:246:5)\n    at _runTestsForDescribeBlock (/Users/ivan/projects/kidsfight/node_modules/jest-circus/build/run.js:126:9)\n    at _runTestsForDescribeBlock (/Users/ivan/projects/kidsfight/node_modules/jest-circus/build/run.js:121:9)\n    at _runTestsForDescribeBlock (/Users/ivan/projects/kidsfight/node_modules/jest-circus/build/run.js:121:9)\n    at run (/Users/ivan/projects/kidsfight/node_modules/jest-circus/build/run.js:71:3)\n    at runAndTransformResultsToJestFormat (/Users/ivan/projects/kidsfight/node_modules/jest-circus/build/legacy-code-todo-rewrite/jestAdapterInit.js:122:21)\n    at jestAdapter (/Users/ivan/projects/kidsfight/node_modules/jest-circus/build/legacy-code-todo-rewrite/jestAdapter.js:79:19)\n    at runTestInternal (/Users/ivan/projects/kidsfight/node_modules/jest-runner/build/runTest.js:367:16)\n    at runTest (/Users/ivan/projects/kidsfight/node_modules/jest-runner/build/runTest.js:444:34)\n    at Object.worker (/Users/ivan/projects/kidsfight/node_modules/jest-runner/build/testWorker.js:106:12)"],"fullName":"Player Selection Behaviour Selection Indicators should update selection indicators when characters are selected","invocations":1,"location":null,"numPassingAsserts":0,"retryReasons":[],"status":"failed","title":"should update selection indicators when characters are selected"}],"endTime":1748212546681,"message":"  ● Player Selection Behaviour › Character Selection › should allow player 1 to select a character in local mode\n\n    TypeError: Cannot read properties of undefined (reading 'setInteractive')\n\n      323 |         padding: { x: 20, y: 10 }\n      324 |       }\n    > 325 |     ).setOrigin(0.5).setInteractive({ useHandCursor: true });\n          |                     ^\n      326 |\n      327 |     // Back button\n      328 |     this.backButton = this.add.text(\n\n      at PlayerSelectScene.createUIButtons (player_select_scene.ts:325:21)\n      at PlayerSelectScene.create (player_select_scene.ts:205:10)\n      at Object.<anonymous> (__tests__/player_selection_behaviour.test.ts:92:11)\n\n  ● Player Selection Behaviour › Character Selection › should alternate between players in local mode\n\n    TypeError: Cannot read properties of undefined (reading 'setInteractive')\n\n      323 |         padding: { x: 20, y: 10 }\n      324 |       }\n    > 325 |     ).setOrigin(0.5).setInteractive({ useHandCursor: true });\n          |                     ^\n      326 |\n      327 |     // Back button\n      328 |     this.backButton = this.add.text(\n\n      at PlayerSelectScene.createUIButtons (player_select_scene.ts:325:21)\n      at PlayerSelectScene.create (player_select_scene.ts:205:10)\n      at Object.<anonymous> (__tests__/player_selection_behaviour.test.ts:92:11)\n\n  ● Player Selection Behaviour › Character Selection › should only allow player 1 to select in online mode\n\n    TypeError: Cannot read properties of undefined (reading 'setInteractive')\n\n      323 |         padding: { x: 20, y: 10 }\n      324 |       }\n    > 325 |     ).setOrigin(0.5).setInteractive({ useHandCursor: true });\n          |                     ^\n      326 |\n      327 |     // Back button\n      328 |     this.backButton = this.add.text(\n\n      at PlayerSelectScene.createUIButtons (player_select_scene.ts:325:21)\n      at PlayerSelectScene.create (player_select_scene.ts:205:10)\n      at Object.<anonymous> (__tests__/player_selection_behaviour.test.ts:92:11)\n\n  ● Player Selection Behaviour › WebSocket Integration › should send player selection to WebSocket in online mode\n\n    TypeError: Cannot read properties of undefined (reading 'setInteractive')\n\n      323 |         padding: { x: 20, y: 10 }\n      324 |       }\n    > 325 |     ).setOrigin(0.5).setInteractive({ useHandCursor: true });\n          |                     ^\n      326 |\n      327 |     // Back button\n      328 |     this.backButton = this.add.text(\n\n      at PlayerSelectScene.createUIButtons (player_select_scene.ts:325:21)\n      at PlayerSelectScene.create (player_select_scene.ts:205:10)\n      at Object.<anonymous> (__tests__/player_selection_behaviour.test.ts:92:11)\n\n  ● Player Selection Behaviour › Selection Indicators › should update selection indicators when characters are selected\n\n    TypeError: Cannot read properties of undefined (reading 'setInteractive')\n\n      323 |         padding: { x: 20, y: 10 }\n      324 |       }\n    > 325 |     ).setOrigin(0.5).setInteractive({ useHandCursor: true });\n          |                     ^\n      326 |\n      327 |     // Back button\n      328 |     this.backButton = this.add.text(\n\n      at PlayerSelectScene.createUIButtons (player_select_scene.ts:325:21)\n      at PlayerSelectScene.create (player_select_scene.ts:205:10)\n      at Object.<anonymous> (__tests__/player_selection_behaviour.test.ts:92:11)\n","name":"/Users/ivan/projects/kidsfight/__tests__/player_selection_behaviour.test.ts","startTime":1748212545956,"status":"failed","summary":""},{"assertionResults":[{"ancestorTitles":["Test setup"],"duration":35,"failureDetails":[],"failureMessages":[],"fullName":"Test setup should pass","invocations":1,"location":null,"numPassingAsserts":1,"retryReasons":[],"status":"passed","title":"should pass"},{"ancestorTitles":["KidsFightScene player cross and flip logic"],"duration":7,"failureDetails":[{}],"failureMessages":["TypeError: this.physics.pause is not a function\n    at KidsFightScene.endGame (/Users/ivan/projects/kidsfight/kidsfight_scene.ts:734:18)\n    at KidsFightScene.checkWinner (/Users/ivan/projects/kidsfight/kidsfight_scene.ts:1049:14)\n    at KidsFightScene.update (/Users/ivan/projects/kidsfight/kidsfight_scene.ts:1063:10)\n    at Object.<anonymous> (/Users/ivan/projects/kidsfight/__tests__/kidsfight_scene_cross_and_flip.test.ts:36:11)\n    at Promise.then.completed (/Users/ivan/projects/kidsfight/node_modules/jest-circus/build/utils.js:298:28)\n    at new Promise (<anonymous>)\n    at callAsyncCircusFn (/Users/ivan/projects/kidsfight/node_modules/jest-circus/build/utils.js:231:10)\n    at _callCircusTest (/Users/ivan/projects/kidsfight/node_modules/jest-circus/build/run.js:316:40)\n    at processTicksAndRejections (node:internal/process/task_queues:105:5)\n    at _runTest (/Users/ivan/projects/kidsfight/node_modules/jest-circus/build/run.js:252:3)\n    at _runTestsForDescribeBlock (/Users/ivan/projects/kidsfight/node_modules/jest-circus/build/run.js:126:9)\n    at _runTestsForDescribeBlock (/Users/ivan/projects/kidsfight/node_modules/jest-circus/build/run.js:121:9)\n    at run (/Users/ivan/projects/kidsfight/node_modules/jest-circus/build/run.js:71:3)\n    at runAndTransformResultsToJestFormat (/Users/ivan/projects/kidsfight/node_modules/jest-circus/build/legacy-code-todo-rewrite/jestAdapterInit.js:122:21)\n    at jestAdapter (/Users/ivan/projects/kidsfight/node_modules/jest-circus/build/legacy-code-todo-rewrite/jestAdapter.js:79:19)\n    at runTestInternal (/Users/ivan/projects/kidsfight/node_modules/jest-runner/build/runTest.js:367:16)\n    at runTest (/Users/ivan/projects/kidsfight/node_modules/jest-runner/build/runTest.js:444:34)\n    at Object.worker (/Users/ivan/projects/kidsfight/node_modules/jest-runner/build/testWorker.js:106:12)"],"fullName":"KidsFightScene player cross and flip logic should flipX and directions correctly when player1 is left of player2","invocations":1,"location":null,"numPassingAsserts":0,"retryReasons":[],"status":"failed","title":"should flipX and directions correctly when player1 is left of player2"},{"ancestorTitles":["KidsFightScene player cross and flip logic"],"duration":5,"failureDetails":[{}],"failureMessages":["TypeError: this.physics.pause is not a function\n    at KidsFightScene.endGame (/Users/ivan/projects/kidsfight/kidsfight_scene.ts:734:18)\n    at KidsFightScene.checkWinner (/Users/ivan/projects/kidsfight/kidsfight_scene.ts:1049:14)\n    at KidsFightScene.update (/Users/ivan/projects/kidsfight/kidsfight_scene.ts:1063:10)\n    at Object.<anonymous> (/Users/ivan/projects/kidsfight/__tests__/kidsfight_scene_cross_and_flip.test.ts:46:11)\n    at Promise.then.completed (/Users/ivan/projects/kidsfight/node_modules/jest-circus/build/utils.js:298:28)\n    at new Promise (<anonymous>)\n    at callAsyncCircusFn (/Users/ivan/projects/kidsfight/node_modules/jest-circus/build/utils.js:231:10)\n    at _callCircusTest (/Users/ivan/projects/kidsfight/node_modules/jest-circus/build/run.js:316:40)\n    at processTicksAndRejections (node:internal/process/task_queues:105:5)\n    at _runTest (/Users/ivan/projects/kidsfight/node_modules/jest-circus/build/run.js:252:3)\n    at _runTestsForDescribeBlock (/Users/ivan/projects/kidsfight/node_modules/jest-circus/build/run.js:126:9)\n    at _runTestsForDescribeBlock (/Users/ivan/projects/kidsfight/node_modules/jest-circus/build/run.js:121:9)\n    at run (/Users/ivan/projects/kidsfight/node_modules/jest-circus/build/run.js:71:3)\n    at runAndTransformResultsToJestFormat (/Users/ivan/projects/kidsfight/node_modules/jest-circus/build/legacy-code-todo-rewrite/jestAdapterInit.js:122:21)\n    at jestAdapter (/Users/ivan/projects/kidsfight/node_modules/jest-circus/build/legacy-code-todo-rewrite/jestAdapter.js:79:19)\n    at runTestInternal (/Users/ivan/projects/kidsfight/node_modules/jest-runner/build/runTest.js:367:16)\n    at runTest (/Users/ivan/projects/kidsfight/node_modules/jest-runner/build/runTest.js:444:34)\n    at Object.worker (/Users/ivan/projects/kidsfight/node_modules/jest-runner/build/testWorker.js:106:12)"],"fullName":"KidsFightScene player cross and flip logic should flipX and directions correctly when player1 is right of player2","invocations":1,"location":null,"numPassingAsserts":0,"retryReasons":[],"status":"failed","title":"should flipX and directions correctly when player1 is right of player2"},{"ancestorTitles":["KidsFightScene sprite frame size loading"],"duration":115,"failureDetails":[],"failureMessages":[],"fullName":"KidsFightScene sprite frame size loading should load correct frame sizes for each player","invocations":1,"location":null,"numPassingAsserts":9,"retryReasons":[],"status":"passed","title":"should load correct frame sizes for each player"}],"endTime":1748212546684,"message":"  ● KidsFightScene player cross and flip logic › should flipX and directions correctly when player1 is left of player2\n\n    TypeError: this.physics.pause is not a function\n\n      732 |   private endGame(winnerIndex: number, message: string = ''): void {\n      733 |     // Pause the game\n    > 734 |     this.physics.pause();\n          |                  ^\n      735 |     this.scene.pause();\n      736 |\n      737 |     // Set game over state\n\n      at KidsFightScene.endGame (kidsfight_scene.ts:734:18)\n      at KidsFightScene.checkWinner (kidsfight_scene.ts:1049:14)\n      at KidsFightScene.update (kidsfight_scene.ts:1063:10)\n      at Object.<anonymous> (__tests__/kidsfight_scene_cross_and_flip.test.ts:36:11)\n\n  ● KidsFightScene player cross and flip logic › should flipX and directions correctly when player1 is right of player2\n\n    TypeError: this.physics.pause is not a function\n\n      732 |   private endGame(winnerIndex: number, message: string = ''): void {\n      733 |     // Pause the game\n    > 734 |     this.physics.pause();\n          |                  ^\n      735 |     this.scene.pause();\n      736 |\n      737 |     // Set game over state\n\n      at KidsFightScene.endGame (kidsfight_scene.ts:734:18)\n      at KidsFightScene.checkWinner (kidsfight_scene.ts:1049:14)\n      at KidsFightScene.update (kidsfight_scene.ts:1063:10)\n      at Object.<anonymous> (__tests__/kidsfight_scene_cross_and_flip.test.ts:46:11)\n","name":"/Users/ivan/projects/kidsfight/__tests__/kidsfight_scene_cross_and_flip.test.ts","startTime":1748212545949,"status":"failed","summary":""},{"assertionResults":[{"ancestorTitles":["Test setup"],"duration":9,"failureDetails":[],"failureMessages":[],"fullName":"Test setup should pass","invocations":1,"location":null,"numPassingAsserts":1,"retryReasons":[],"status":"passed","title":"should pass"},{"ancestorTitles":["KidsFightScene Touch Controls"],"duration":14,"failureDetails":[],"failureMessages":[],"fullName":"KidsFightScene Touch Controls should call setVelocityX(-160) when left button is pressed","invocations":1,"location":null,"numPassingAsserts":1,"retryReasons":[],"status":"passed","title":"should call setVelocityX(-160) when left button is pressed"},{"ancestorTitles":["KidsFightScene Touch Controls"],"duration":2,"failureDetails":[],"failureMessages":[],"fullName":"KidsFightScene Touch Controls should call setVelocityX(160) when right button is pressed","invocations":1,"location":null,"numPassingAsserts":1,"retryReasons":[],"status":"passed","title":"should call setVelocityX(160) when right button is pressed"},{"ancestorTitles":["KidsFightScene Touch Controls"],"duration":2,"failureDetails":[],"failureMessages":[],"fullName":"KidsFightScene Touch Controls should call setVelocityY(-330) when jump button is pressed and player is on the ground","invocations":1,"location":null,"numPassingAsserts":1,"retryReasons":[],"status":"passed","title":"should call setVelocityY(-330) when jump button is pressed and player is on the ground"},{"ancestorTitles":["KidsFightScene Touch Controls"],"duration":2,"failureDetails":[],"failureMessages":[],"fullName":"KidsFightScene Touch Controls should call handleAttack when attack button is pressed","invocations":1,"location":null,"numPassingAsserts":1,"retryReasons":[],"status":"passed","title":"should call handleAttack when attack button is pressed"},{"ancestorTitles":["KidsFightScene Touch Controls"],"duration":0,"failureDetails":[],"failureMessages":[],"fullName":"KidsFightScene Touch Controls should call handleSpecial when special button is pressed","invocations":1,"location":null,"numPassingAsserts":1,"retryReasons":[],"status":"passed","title":"should call handleSpecial when special button is pressed"},{"ancestorTitles":["KidsFightScene Touch Controls"],"duration":1,"failureDetails":[],"failureMessages":[],"fullName":"KidsFightScene Touch Controls should set playerBlocking[0] to true when block is pressed","invocations":1,"location":null,"numPassingAsserts":1,"retryReasons":[],"status":"passed","title":"should set playerBlocking[0] to true when block is pressed"},{"ancestorTitles":["KidsFightScene Touch Controls"],"duration":11,"failureDetails":[],"failureMessages":[],"fullName":"KidsFightScene Touch Controls should set playerBlocking[0] to false when block is released","invocations":1,"location":null,"numPassingAsserts":1,"retryReasons":[],"status":"passed","title":"should set playerBlocking[0] to false when block is released"},{"ancestorTitles":["KidsFightScene Touch Controls"],"duration":9,"failureDetails":[],"failureMessages":[],"fullName":"KidsFightScene Touch Controls should not throw if player1 is undefined","invocations":1,"location":null,"numPassingAsserts":4,"retryReasons":[],"status":"passed","title":"should not throw if player1 is undefined"},{"ancestorTitles":["KidsFightScene Touch Controls"],"duration":9,"failureDetails":[],"failureMessages":[],"fullName":"KidsFightScene Touch Controls should not throw if control is invalid","invocations":1,"location":null,"numPassingAsserts":1,"retryReasons":[],"status":"passed","title":"should not throw if control is invalid"},{"ancestorTitles":["KidsFightScene Touch Controls"],"duration":2,"failureDetails":[],"failureMessages":[],"fullName":"KidsFightScene Touch Controls should trigger attack logic in handleAttack()","invocations":1,"location":null,"numPassingAsserts":1,"retryReasons":[],"status":"passed","title":"should trigger attack logic in handleAttack()"},{"ancestorTitles":["KidsFightScene Touch Controls"],"duration":3,"failureDetails":[{"matcherResult":{"message":"expect(jest.fn()).toHaveBeenCalledWith(...expected)\n\nExpected: \"isSpecialAttacking\", true\n\nNumber of calls: 0","pass":false}}],"failureMessages":["Error: expect(jest.fn()).toHaveBeenCalledWith(...expected)\n\nExpected: \"isSpecialAttacking\", true\n\nNumber of calls: 0\n    at Object.<anonymous> (/Users/ivan/projects/kidsfight/__tests__/kidsfight_scene_touch_controls.test.ts:96:35)\n    at Promise.then.completed (/Users/ivan/projects/kidsfight/node_modules/jest-circus/build/utils.js:298:28)\n    at new Promise (<anonymous>)\n    at callAsyncCircusFn (/Users/ivan/projects/kidsfight/node_modules/jest-circus/build/utils.js:231:10)\n    at _callCircusTest (/Users/ivan/projects/kidsfight/node_modules/jest-circus/build/run.js:316:40)\n    at processTicksAndRejections (node:internal/process/task_queues:105:5)\n    at _runTest (/Users/ivan/projects/kidsfight/node_modules/jest-circus/build/run.js:252:3)\n    at _runTestsForDescribeBlock (/Users/ivan/projects/kidsfight/node_modules/jest-circus/build/run.js:126:9)\n    at _runTestsForDescribeBlock (/Users/ivan/projects/kidsfight/node_modules/jest-circus/build/run.js:121:9)\n    at run (/Users/ivan/projects/kidsfight/node_modules/jest-circus/build/run.js:71:3)\n    at runAndTransformResultsToJestFormat (/Users/ivan/projects/kidsfight/node_modules/jest-circus/build/legacy-code-todo-rewrite/jestAdapterInit.js:122:21)\n    at jestAdapter (/Users/ivan/projects/kidsfight/node_modules/jest-circus/build/legacy-code-todo-rewrite/jestAdapter.js:79:19)\n    at runTestInternal (/Users/ivan/projects/kidsfight/node_modules/jest-runner/build/runTest.js:367:16)\n    at runTest (/Users/ivan/projects/kidsfight/node_modules/jest-runner/build/runTest.js:444:34)\n    at Object.worker (/Users/ivan/projects/kidsfight/node_modules/jest-runner/build/testWorker.js:106:12)"],"fullName":"KidsFightScene Touch Controls should trigger special logic in handleSpecial()","invocations":1,"location":null,"numPassingAsserts":0,"retryReasons":[],"status":"failed","title":"should trigger special logic in handleSpecial()"},{"ancestorTitles":["KidsFightScene Touch Controls"],"duration":110,"failureDetails":[],"failureMessages":[],"fullName":"KidsFightScene Touch Controls should call setVisible on all buttons in showTouchControls","invocations":1,"location":null,"numPassingAsserts":12,"retryReasons":[],"status":"passed","title":"should call setVisible on all buttons in showTouchControls"},{"ancestorTitles":["KidsFightScene Touch Controls"],"duration":3,"failureDetails":[{}],"failureMessages":["TypeError: scene.setupInputHandlers is not a function\n    at Object.<anonymous> (/Users/ivan/projects/kidsfight/__tests__/kidsfight_scene_touch_controls.test.ts:120:11)\n    at Promise.then.completed (/Users/ivan/projects/kidsfight/node_modules/jest-circus/build/utils.js:298:28)\n    at new Promise (<anonymous>)\n    at callAsyncCircusFn (/Users/ivan/projects/kidsfight/node_modules/jest-circus/build/utils.js:231:10)\n    at _callCircusTest (/Users/ivan/projects/kidsfight/node_modules/jest-circus/build/run.js:316:40)\n    at processTicksAndRejections (node:internal/process/task_queues:105:5)\n    at _runTest (/Users/ivan/projects/kidsfight/node_modules/jest-circus/build/run.js:252:3)\n    at _runTestsForDescribeBlock (/Users/ivan/projects/kidsfight/node_modules/jest-circus/build/run.js:126:9)\n    at _runTestsForDescribeBlock (/Users/ivan/projects/kidsfight/node_modules/jest-circus/build/run.js:121:9)\n    at run (/Users/ivan/projects/kidsfight/node_modules/jest-circus/build/run.js:71:3)\n    at runAndTransformResultsToJestFormat (/Users/ivan/projects/kidsfight/node_modules/jest-circus/build/legacy-code-todo-rewrite/jestAdapterInit.js:122:21)\n    at jestAdapter (/Users/ivan/projects/kidsfight/node_modules/jest-circus/build/legacy-code-todo-rewrite/jestAdapter.js:79:19)\n    at runTestInternal (/Users/ivan/projects/kidsfight/node_modules/jest-runner/build/runTest.js:367:16)\n    at runTest (/Users/ivan/projects/kidsfight/node_modules/jest-runner/build/runTest.js:444:34)\n    at Object.worker (/Users/ivan/projects/kidsfight/node_modules/jest-runner/build/testWorker.js:106:12)"],"fullName":"KidsFightScene Touch Controls should assign keys in setupInputHandlers","invocations":1,"location":null,"numPassingAsserts":0,"retryReasons":[],"status":"failed","title":"should assign keys in setupInputHandlers"},{"ancestorTitles":["KidsFightScene Touch Controls"],"duration":5,"failureDetails":[{"matcherResult":{"message":"expect(jest.fn()).toHaveBeenCalledWith(...expected)\n\nExpected: 10, 10, 100, 20\nReceived\n       1: 250, 8, 150, 24\n       2: 250, 8, 150, 24\n       3: 400, 8, 150, 24\n\nNumber of calls: 5","pass":false}}],"failureMessages":["Error: expect(jest.fn()).toHaveBeenCalledWith(...expected)\n\nExpected: 10, 10, 100, 20\nReceived\n       1: 250, 8, 150, 24\n       2: 250, 8, 150, 24\n       3: 400, 8, 150, 24\n\nNumber of calls: 5\n    at Object.<anonymous> (/Users/ivan/projects/kidsfight/__tests__/kidsfight_scene_touch_controls.test.ts:143:22)\n    at Promise.then.completed (/Users/ivan/projects/kidsfight/node_modules/jest-circus/build/utils.js:298:28)\n    at new Promise (<anonymous>)\n    at callAsyncCircusFn (/Users/ivan/projects/kidsfight/node_modules/jest-circus/build/utils.js:231:10)\n    at _callCircusTest (/Users/ivan/projects/kidsfight/node_modules/jest-circus/build/run.js:316:40)\n    at processTicksAndRejections (node:internal/process/task_queues:105:5)\n    at _runTest (/Users/ivan/projects/kidsfight/node_modules/jest-circus/build/run.js:252:3)\n    at _runTestsForDescribeBlock (/Users/ivan/projects/kidsfight/node_modules/jest-circus/build/run.js:126:9)\n    at _runTestsForDescribeBlock (/Users/ivan/projects/kidsfight/node_modules/jest-circus/build/run.js:121:9)\n    at run (/Users/ivan/projects/kidsfight/node_modules/jest-circus/build/run.js:71:3)\n    at runAndTransformResultsToJestFormat (/Users/ivan/projects/kidsfight/node_modules/jest-circus/build/legacy-code-todo-rewrite/jestAdapterInit.js:122:21)\n    at jestAdapter (/Users/ivan/projects/kidsfight/node_modules/jest-circus/build/legacy-code-todo-rewrite/jestAdapter.js:79:19)\n    at runTestInternal (/Users/ivan/projects/kidsfight/node_modules/jest-runner/build/runTest.js:367:16)\n    at runTest (/Users/ivan/projects/kidsfight/node_modules/jest-runner/build/runTest.js:444:34)\n    at Object.worker (/Users/ivan/projects/kidsfight/node_modules/jest-runner/build/testWorker.js:106:12)"],"fullName":"KidsFightScene Touch Controls should update health bar in updateHealthBar","invocations":1,"location":null,"numPassingAsserts":2,"retryReasons":[],"status":"failed","title":"should update health bar in updateHealthBar"}],"endTime":1748212546680,"message":"  ● KidsFightScene Touch Controls › should trigger special logic in handleSpecial()\n\n    expect(jest.fn()).toHaveBeenCalledWith(...expected)\n\n    Expected: \"isSpecialAttacking\", true\n\n    Number of calls: 0\n\n      94 |     scene.player1.setData = jest.fn();\n      95 |     scene.handleSpecial();\n    > 96 |     expect(scene.player1.setData).toHaveBeenCalledWith('isSpecialAttacking', true);\n         |                                   ^\n      97 |   });\n      98 |\n      99 |   it('should call setVisible on all buttons in showTouchControls', () => {\n\n      at Object.<anonymous> (__tests__/kidsfight_scene_touch_controls.test.ts:96:35)\n\n  ● KidsFightScene Touch Controls › should assign keys in setupInputHandlers\n\n    TypeError: scene.setupInputHandlers is not a function\n\n      118 |     scene.input = { keyboard: { createCursorKeys: jest.fn(() => ({ left: 'l', right: 'r', up: 'u' })), addKey: jest.fn((k) => k) } };\n      119 |     scene.setupInputHandlers = KidsFightScene.prototype.setupInputHandlers;\n    > 120 |     scene.setupInputHandlers();\n          |           ^\n      121 |     expect(scene.keys.left).toBe('l');\n      122 |     expect(scene.keys.right).toBe('r');\n      123 |     expect(scene.keys.up).toBe('u');\n\n      at Object.<anonymous> (__tests__/kidsfight_scene_touch_controls.test.ts:120:11)\n\n  ● KidsFightScene Touch Controls › should update health bar in updateHealthBar\n\n    expect(jest.fn()).toHaveBeenCalledWith(...expected)\n\n    Expected: 10, 10, 100, 20\n    Received\n           1: 250, 8, 150, 24\n           2: 250, 8, 150, 24\n           3: 400, 8, 150, 24\n\n    Number of calls: 5\n\n      141 |     expect(clear).toHaveBeenCalled();\n      142 |     expect(fillStyle).toHaveBeenCalledWith(0x00ff00);\n    > 143 |     expect(fillRect).toHaveBeenCalledWith(10, 10, 100, 20);\n          |                      ^\n      144 |     scene.updateHealthBar(1);\n      145 |     expect(fillStyle).toHaveBeenCalledWith(0xff0000);\n      146 |     expect(fillRect).toHaveBeenCalledWith(590, 10, 200, 20);\n\n      at Object.<anonymous> (__tests__/kidsfight_scene_touch_controls.test.ts:143:22)\n","name":"/Users/ivan/projects/kidsfight/__tests__/kidsfight_scene_touch_controls.test.ts","startTime":1748212545952,"status":"failed","summary":""},{"assertionResults":[{"ancestorTitles":["Test setup"],"duration":9,"failureDetails":[],"failureMessages":[],"fullName":"Test setup should pass","invocations":1,"location":null,"numPassingAsserts":1,"retryReasons":[],"status":"passed","title":"should pass"},{"ancestorTitles":["KidsFightScene - Online Mode","Player Movement"],"duration":12,"failureDetails":[{}],"failureMessages":["TypeError: this.physics.add.staticGroup is not a function\n    at KidsFightScene.create (/Users/ivan/projects/kidsfight/kidsfight_scene.ts:302:44)\n    at Object.<anonymous> (/Users/ivan/projects/kidsfight/__tests__/kidsfight_scene_online_mode.fixed.test.ts:276:29)\n    at Promise.then.completed (/Users/ivan/projects/kidsfight/node_modules/jest-circus/build/utils.js:298:28)\n    at new Promise (<anonymous>)\n    at callAsyncCircusFn (/Users/ivan/projects/kidsfight/node_modules/jest-circus/build/utils.js:231:10)\n    at _callCircusHook (/Users/ivan/projects/kidsfight/node_modules/jest-circus/build/run.js:281:40)\n    at processTicksAndRejections (node:internal/process/task_queues:105:5)\n    at _runTest (/Users/ivan/projects/kidsfight/node_modules/jest-circus/build/run.js:246:5)\n    at _runTestsForDescribeBlock (/Users/ivan/projects/kidsfight/node_modules/jest-circus/build/run.js:126:9)\n    at _runTestsForDescribeBlock (/Users/ivan/projects/kidsfight/node_modules/jest-circus/build/run.js:121:9)\n    at _runTestsForDescribeBlock (/Users/ivan/projects/kidsfight/node_modules/jest-circus/build/run.js:121:9)\n    at run (/Users/ivan/projects/kidsfight/node_modules/jest-circus/build/run.js:71:3)\n    at runAndTransformResultsToJestFormat (/Users/ivan/projects/kidsfight/node_modules/jest-circus/build/legacy-code-todo-rewrite/jestAdapterInit.js:122:21)\n    at jestAdapter (/Users/ivan/projects/kidsfight/node_modules/jest-circus/build/legacy-code-todo-rewrite/jestAdapter.js:79:19)\n    at runTestInternal (/Users/ivan/projects/kidsfight/node_modules/jest-runner/build/runTest.js:367:16)\n    at runTest (/Users/ivan/projects/kidsfight/node_modules/jest-runner/build/runTest.js:444:34)\n    at Object.worker (/Users/ivan/projects/kidsfight/node_modules/jest-runner/build/testWorker.js:106:12)"],"fullName":"KidsFightScene - Online Mode Player Movement should allow player1 movement as guest in online mode","invocations":1,"location":null,"numPassingAsserts":0,"retryReasons":[],"status":"failed","title":"should allow player1 movement as guest in online mode"},{"ancestorTitles":["KidsFightScene - Online Mode","Player Movement"],"duration":4,"failureDetails":[{}],"failureMessages":["TypeError: this.physics.add.staticGroup is not a function\n    at KidsFightScene.create (/Users/ivan/projects/kidsfight/kidsfight_scene.ts:302:44)\n    at Object.<anonymous> (/Users/ivan/projects/kidsfight/__tests__/kidsfight_scene_online_mode.fixed.test.ts:276:29)\n    at Promise.then.completed (/Users/ivan/projects/kidsfight/node_modules/jest-circus/build/utils.js:298:28)\n    at new Promise (<anonymous>)\n    at callAsyncCircusFn (/Users/ivan/projects/kidsfight/node_modules/jest-circus/build/utils.js:231:10)\n    at _callCircusHook (/Users/ivan/projects/kidsfight/node_modules/jest-circus/build/run.js:281:40)\n    at processTicksAndRejections (node:internal/process/task_queues:105:5)\n    at _runTest (/Users/ivan/projects/kidsfight/node_modules/jest-circus/build/run.js:246:5)\n    at _runTestsForDescribeBlock (/Users/ivan/projects/kidsfight/node_modules/jest-circus/build/run.js:126:9)\n    at _runTestsForDescribeBlock (/Users/ivan/projects/kidsfight/node_modules/jest-circus/build/run.js:121:9)\n    at _runTestsForDescribeBlock (/Users/ivan/projects/kidsfight/node_modules/jest-circus/build/run.js:121:9)\n    at run (/Users/ivan/projects/kidsfight/node_modules/jest-circus/build/run.js:71:3)\n    at runAndTransformResultsToJestFormat (/Users/ivan/projects/kidsfight/node_modules/jest-circus/build/legacy-code-todo-rewrite/jestAdapterInit.js:122:21)\n    at jestAdapter (/Users/ivan/projects/kidsfight/node_modules/jest-circus/build/legacy-code-todo-rewrite/jestAdapter.js:79:19)\n    at runTestInternal (/Users/ivan/projects/kidsfight/node_modules/jest-runner/build/runTest.js:367:16)\n    at runTest (/Users/ivan/projects/kidsfight/node_modules/jest-runner/build/runTest.js:444:34)\n    at Object.worker (/Users/ivan/projects/kidsfight/node_modules/jest-runner/build/testWorker.js:106:12)"],"fullName":"KidsFightScene - Online Mode Player Movement should NOT move player2 as host in online mode","invocations":1,"location":null,"numPassingAsserts":0,"retryReasons":[],"status":"failed","title":"should NOT move player2 as host in online mode"},{"ancestorTitles":["KidsFightScene - Online Mode","Player Movement"],"duration":3,"failureDetails":[{}],"failureMessages":["TypeError: this.physics.add.staticGroup is not a function\n    at KidsFightScene.create (/Users/ivan/projects/kidsfight/kidsfight_scene.ts:302:44)\n    at Object.<anonymous> (/Users/ivan/projects/kidsfight/__tests__/kidsfight_scene_online_mode.fixed.test.ts:276:29)\n    at Promise.then.completed (/Users/ivan/projects/kidsfight/node_modules/jest-circus/build/utils.js:298:28)\n    at new Promise (<anonymous>)\n    at callAsyncCircusFn (/Users/ivan/projects/kidsfight/node_modules/jest-circus/build/utils.js:231:10)\n    at _callCircusHook (/Users/ivan/projects/kidsfight/node_modules/jest-circus/build/run.js:281:40)\n    at processTicksAndRejections (node:internal/process/task_queues:105:5)\n    at _runTest (/Users/ivan/projects/kidsfight/node_modules/jest-circus/build/run.js:246:5)\n    at _runTestsForDescribeBlock (/Users/ivan/projects/kidsfight/node_modules/jest-circus/build/run.js:126:9)\n    at _runTestsForDescribeBlock (/Users/ivan/projects/kidsfight/node_modules/jest-circus/build/run.js:121:9)\n    at _runTestsForDescribeBlock (/Users/ivan/projects/kidsfight/node_modules/jest-circus/build/run.js:121:9)\n    at run (/Users/ivan/projects/kidsfight/node_modules/jest-circus/build/run.js:71:3)\n    at runAndTransformResultsToJestFormat (/Users/ivan/projects/kidsfight/node_modules/jest-circus/build/legacy-code-todo-rewrite/jestAdapterInit.js:122:21)\n    at jestAdapter (/Users/ivan/projects/kidsfight/node_modules/jest-circus/build/legacy-code-todo-rewrite/jestAdapter.js:79:19)\n    at runTestInternal (/Users/ivan/projects/kidsfight/node_modules/jest-runner/build/runTest.js:367:16)\n    at runTest (/Users/ivan/projects/kidsfight/node_modules/jest-runner/build/runTest.js:444:34)\n    at Object.worker (/Users/ivan/projects/kidsfight/node_modules/jest-runner/build/testWorker.js:106:12)"],"fullName":"KidsFightScene - Online Mode Player Movement should send movement actions through WebSocket for player1 as host","invocations":1,"location":null,"numPassingAsserts":0,"retryReasons":[],"status":"failed","title":"should send movement actions through WebSocket for player1 as host"},{"ancestorTitles":["KidsFightScene - Online Mode","Player Movement","Remote Actions"],"duration":87,"failureDetails":[{}],"failureMessages":["TypeError: this.physics.add.staticGroup is not a function\n    at KidsFightScene.create (/Users/ivan/projects/kidsfight/kidsfight_scene.ts:302:44)\n    at Object.<anonymous> (/Users/ivan/projects/kidsfight/__tests__/kidsfight_scene_online_mode.fixed.test.ts:276:29)\n    at Promise.then.completed (/Users/ivan/projects/kidsfight/node_modules/jest-circus/build/utils.js:298:28)\n    at new Promise (<anonymous>)\n    at callAsyncCircusFn (/Users/ivan/projects/kidsfight/node_modules/jest-circus/build/utils.js:231:10)\n    at _callCircusHook (/Users/ivan/projects/kidsfight/node_modules/jest-circus/build/run.js:281:40)\n    at processTicksAndRejections (node:internal/process/task_queues:105:5)\n    at _runTest (/Users/ivan/projects/kidsfight/node_modules/jest-circus/build/run.js:246:5)\n    at _runTestsForDescribeBlock (/Users/ivan/projects/kidsfight/node_modules/jest-circus/build/run.js:126:9)\n    at _runTestsForDescribeBlock (/Users/ivan/projects/kidsfight/node_modules/jest-circus/build/run.js:121:9)\n    at _runTestsForDescribeBlock (/Users/ivan/projects/kidsfight/node_modules/jest-circus/build/run.js:121:9)\n    at _runTestsForDescribeBlock (/Users/ivan/projects/kidsfight/node_modules/jest-circus/build/run.js:121:9)\n    at run (/Users/ivan/projects/kidsfight/node_modules/jest-circus/build/run.js:71:3)\n    at runAndTransformResultsToJestFormat (/Users/ivan/projects/kidsfight/node_modules/jest-circus/build/legacy-code-todo-rewrite/jestAdapterInit.js:122:21)\n    at jestAdapter (/Users/ivan/projects/kidsfight/node_modules/jest-circus/build/legacy-code-todo-rewrite/jestAdapter.js:79:19)\n    at runTestInternal (/Users/ivan/projects/kidsfight/node_modules/jest-runner/build/runTest.js:367:16)\n    at runTest (/Users/ivan/projects/kidsfight/node_modules/jest-runner/build/runTest.js:444:34)\n    at Object.worker (/Users/ivan/projects/kidsfight/node_modules/jest-runner/build/testWorker.js:106:12)"],"fullName":"KidsFightScene - Online Mode Player Movement Remote Actions should handle remote movement actions","invocations":1,"location":null,"numPassingAsserts":0,"retryReasons":[],"status":"failed","title":"should handle remote movement actions"},{"ancestorTitles":["KidsFightScene - Online Mode","Player Movement","Remote Actions"],"duration":4,"failureDetails":[{}],"failureMessages":["TypeError: this.physics.add.staticGroup is not a function\n    at KidsFightScene.create (/Users/ivan/projects/kidsfight/kidsfight_scene.ts:302:44)\n    at Object.<anonymous> (/Users/ivan/projects/kidsfight/__tests__/kidsfight_scene_online_mode.fixed.test.ts:276:29)\n    at Promise.then.completed (/Users/ivan/projects/kidsfight/node_modules/jest-circus/build/utils.js:298:28)\n    at new Promise (<anonymous>)\n    at callAsyncCircusFn (/Users/ivan/projects/kidsfight/node_modules/jest-circus/build/utils.js:231:10)\n    at _callCircusHook (/Users/ivan/projects/kidsfight/node_modules/jest-circus/build/run.js:281:40)\n    at processTicksAndRejections (node:internal/process/task_queues:105:5)\n    at _runTest (/Users/ivan/projects/kidsfight/node_modules/jest-circus/build/run.js:246:5)\n    at _runTestsForDescribeBlock (/Users/ivan/projects/kidsfight/node_modules/jest-circus/build/run.js:126:9)\n    at _runTestsForDescribeBlock (/Users/ivan/projects/kidsfight/node_modules/jest-circus/build/run.js:121:9)\n    at _runTestsForDescribeBlock (/Users/ivan/projects/kidsfight/node_modules/jest-circus/build/run.js:121:9)\n    at _runTestsForDescribeBlock (/Users/ivan/projects/kidsfight/node_modules/jest-circus/build/run.js:121:9)\n    at run (/Users/ivan/projects/kidsfight/node_modules/jest-circus/build/run.js:71:3)\n    at runAndTransformResultsToJestFormat (/Users/ivan/projects/kidsfight/node_modules/jest-circus/build/legacy-code-todo-rewrite/jestAdapterInit.js:122:21)\n    at jestAdapter (/Users/ivan/projects/kidsfight/node_modules/jest-circus/build/legacy-code-todo-rewrite/jestAdapter.js:79:19)\n    at runTestInternal (/Users/ivan/projects/kidsfight/node_modules/jest-runner/build/runTest.js:367:16)\n    at runTest (/Users/ivan/projects/kidsfight/node_modules/jest-runner/build/runTest.js:444:34)\n    at Object.worker (/Users/ivan/projects/kidsfight/node_modules/jest-runner/build/testWorker.js:106:12)"],"fullName":"KidsFightScene - Online Mode Player Movement Remote Actions should handle remote jump actions","invocations":1,"location":null,"numPassingAsserts":0,"retryReasons":[],"status":"failed","title":"should handle remote jump actions"},{"ancestorTitles":["KidsFightScene - Online Mode","Player Movement","Remote Actions"],"duration":3,"failureDetails":[{}],"failureMessages":["TypeError: this.physics.add.staticGroup is not a function\n    at KidsFightScene.create (/Users/ivan/projects/kidsfight/kidsfight_scene.ts:302:44)\n    at Object.<anonymous> (/Users/ivan/projects/kidsfight/__tests__/kidsfight_scene_online_mode.fixed.test.ts:276:29)\n    at Promise.then.completed (/Users/ivan/projects/kidsfight/node_modules/jest-circus/build/utils.js:298:28)\n    at new Promise (<anonymous>)\n    at callAsyncCircusFn (/Users/ivan/projects/kidsfight/node_modules/jest-circus/build/utils.js:231:10)\n    at _callCircusHook (/Users/ivan/projects/kidsfight/node_modules/jest-circus/build/run.js:281:40)\n    at processTicksAndRejections (node:internal/process/task_queues:105:5)\n    at _runTest (/Users/ivan/projects/kidsfight/node_modules/jest-circus/build/run.js:246:5)\n    at _runTestsForDescribeBlock (/Users/ivan/projects/kidsfight/node_modules/jest-circus/build/run.js:126:9)\n    at _runTestsForDescribeBlock (/Users/ivan/projects/kidsfight/node_modules/jest-circus/build/run.js:121:9)\n    at _runTestsForDescribeBlock (/Users/ivan/projects/kidsfight/node_modules/jest-circus/build/run.js:121:9)\n    at _runTestsForDescribeBlock (/Users/ivan/projects/kidsfight/node_modules/jest-circus/build/run.js:121:9)\n    at run (/Users/ivan/projects/kidsfight/node_modules/jest-circus/build/run.js:71:3)\n    at runAndTransformResultsToJestFormat (/Users/ivan/projects/kidsfight/node_modules/jest-circus/build/legacy-code-todo-rewrite/jestAdapterInit.js:122:21)\n    at jestAdapter (/Users/ivan/projects/kidsfight/node_modules/jest-circus/build/legacy-code-todo-rewrite/jestAdapter.js:79:19)\n    at runTestInternal (/Users/ivan/projects/kidsfight/node_modules/jest-runner/build/runTest.js:367:16)\n    at runTest (/Users/ivan/projects/kidsfight/node_modules/jest-runner/build/runTest.js:444:34)\n    at Object.worker (/Users/ivan/projects/kidsfight/node_modules/jest-runner/build/testWorker.js:106:12)"],"fullName":"KidsFightScene - Online Mode Player Movement Remote Actions should handle remote attack actions","invocations":1,"location":null,"numPassingAsserts":0,"retryReasons":[],"status":"failed","title":"should handle remote attack actions"},{"ancestorTitles":["KidsFightScene - Online Mode","Player Movement","Remote Actions"],"duration":2,"failureDetails":[{}],"failureMessages":["TypeError: this.physics.add.staticGroup is not a function\n    at KidsFightScene.create (/Users/ivan/projects/kidsfight/kidsfight_scene.ts:302:44)\n    at Object.<anonymous> (/Users/ivan/projects/kidsfight/__tests__/kidsfight_scene_online_mode.fixed.test.ts:276:29)\n    at Promise.then.completed (/Users/ivan/projects/kidsfight/node_modules/jest-circus/build/utils.js:298:28)\n    at new Promise (<anonymous>)\n    at callAsyncCircusFn (/Users/ivan/projects/kidsfight/node_modules/jest-circus/build/utils.js:231:10)\n    at _callCircusHook (/Users/ivan/projects/kidsfight/node_modules/jest-circus/build/run.js:281:40)\n    at processTicksAndRejections (node:internal/process/task_queues:105:5)\n    at _runTest (/Users/ivan/projects/kidsfight/node_modules/jest-circus/build/run.js:246:5)\n    at _runTestsForDescribeBlock (/Users/
[...]
;' expected.\n\n    \u001b[7m987\u001b[0m   protected checkWinner(): boolean { return this.mockCheckWinner(); }\n    \u001b[7m   \u001b[0m \u001b[91m                         ~\u001b[0m\n    \u001b[96m__tests__/kidsfight_scene_gamestate.test.ts\u001b[0m:\u001b[93m987\u001b[0m:\u001b[93m28\u001b[0m - \u001b[91merror\u001b[0m\u001b[90m TS1434: \u001b[0mUnexpected keyword or identifier.\n\n    \u001b[7m987\u001b[0m   protected checkWinner(): boolean { return this.mockCheckWinner(); }\n    \u001b[7m   \u001b[0m \u001b[91m                           ~~~~~~~\u001b[0m\n    \u001b[96m__tests__/kidsfight_scene_gamestate.test.ts\u001b[0m:\u001b[93m988\u001b[0m:\u001b[93m3\u001b[0m - \u001b[91merror\u001b[0m\u001b[90m TS1128: \u001b[0mDeclaration or statement expected.\n\n    \u001b[7m988\u001b[0m   protected endGame(winnerIndex: number, message?: string): Promise<void> {\n    \u001b[7m   \u001b[0m \u001b[91m  ~~~~~~~~~\u001b[0m\n    \u001b[96m__tests__/kidsfight_scene_gamestate.test.ts\u001b[0m:\u001b[93m988\u001b[0m:\u001b[93m32\u001b[0m - \u001b[91merror\u001b[0m\u001b[90m TS1005: \u001b[0m',' expected.\n\n    \u001b[7m988\u001b[0m   protected endGame(winnerIndex: number, message?: string): Promise<void> {\n    \u001b[7m   \u001b[0m \u001b[91m                               ~\u001b[0m\n    \u001b[96m__tests__/kidsfight_scene_gamestate.test.ts\u001b[0m:\u001b[93m988\u001b[0m:\u001b[93m50\u001b[0m - \u001b[91merror\u001b[0m\u001b[90m TS1109: \u001b[0mExpression expected.\n\n    \u001b[7m988\u001b[0m   protected endGame(winnerIndex: number, message?: string): Promise<void> {\n    \u001b[7m   \u001b[0m \u001b[91m                                                 ~\u001b[0m\n    \u001b[96m__tests__/kidsfight_scene_gamestate.test.ts\u001b[0m:\u001b[93m988\u001b[0m:\u001b[93m59\u001b[0m - \u001b[91merror\u001b[0m\u001b[90m TS1005: \u001b[0m';' expected.\n\n    \u001b[7m988\u001b[0m   protected endGame(winnerIndex: number, message?: string): Promise<void> {\n    \u001b[7m   \u001b[0m \u001b[91m                                                          ~\u001b[0m\n    \u001b[96m__tests__/kidsfight_scene_gamestate.test.ts\u001b[0m:\u001b[93m988\u001b[0m:\u001b[93m73\u001b[0m - \u001b[91merror\u001b[0m\u001b[90m TS1109: \u001b[0mExpression expected.\n\n    \u001b[7m988\u001b[0m   protected endGame(winnerIndex: number, message?: string): Promise<void> {\n    \u001b[7m   \u001b[0m \u001b[91m                                                                        ~\u001b[0m\n    \u001b[96m__tests__/kidsfight_scene_gamestate.test.ts\u001b[0m:\u001b[93m989\u001b[0m:\u001b[93m12\u001b[0m - \u001b[91merror\u001b[0m\u001b[90m TS1005: \u001b[0m':' expected.\n\n    \u001b[7m989\u001b[0m     return this.mockEndGame(winnerIndex, message);\n    \u001b[7m   \u001b[0m \u001b[91m           ~~~~\u001b[0m\n    \u001b[96m__tests__/kidsfight_scene_gamestate.test.ts\u001b[0m:\u001b[93m989\u001b[0m:\u001b[93m50\u001b[0m - \u001b[91merror\u001b[0m\u001b[90m TS1005: \u001b[0m',' expected.\n\n    \u001b[7m989\u001b[0m     return this.mockEndGame(winnerIndex, message);\n    \u001b[7m   \u001b[0m \u001b[91m                                                 ~\u001b[0m\n    \u001b[96m__tests__/kidsfight_scene_gamestate.test.ts\u001b[0m:\u001b[93m993\u001b[0m:\u001b[93m3\u001b[0m - \u001b[91merror\u001b[0m\u001b[90m TS1128: \u001b[0mDeclaration or statement expected.\n\n    \u001b[7m993\u001b[0m   public setGameOver(value: boolean): void {\n    \u001b[7m   \u001b[0m \u001b[91m  ~~~~~~\u001b[0m\n    \u001b[96m__tests__/kidsfight_scene_gamestate.test.ts\u001b[0m:\u001b[93m993\u001b[0m:\u001b[93m27\u001b[0m - \u001b[91merror\u001b[0m\u001b[90m TS1005: \u001b[0m',' expected.\n\n    \u001b[7m993\u001b[0m   public setGameOver(value: boolean): void {\n    \u001b[7m   \u001b[0m \u001b[91m                          ~\u001b[0m\n    \u001b[96m__tests__/kidsfight_scene_gamestate.test.ts\u001b[0m:\u001b[93m993\u001b[0m:\u001b[93m37\u001b[0m - \u001b[91merror\u001b[0m\u001b[90m TS1005: \u001b[0m';' expected.\n\n    \u001b[7m993\u001b[0m   public setGameOver(value: boolean): void {\n    \u001b[7m   \u001b[0m \u001b[91m                                    ~\u001b[0m\n    \u001b[96m__tests__/kidsfight_scene_gamestate.test.ts\u001b[0m:\u001b[93m994\u001b[0m:\u001b[93m9\u001b[0m - \u001b[91merror\u001b[0m\u001b[90m TS1005: \u001b[0m':' expected.\n\n    \u001b[7m994\u001b[0m     this.privateAccess._gameOver = value;\n    \u001b[7m   \u001b[0m \u001b[91m        ~\u001b[0m\n    \u001b[96m__tests__/kidsfight_scene_gamestate.test.ts\u001b[0m:\u001b[93m994\u001b[0m:\u001b[93m41\u001b[0m - \u001b[91merror\u001b[0m\u001b[90m TS1005: \u001b[0m',' expected.\n\n    \u001b[7m994\u001b[0m     this.privateAccess._gameOver = value;\n    \u001b[7m   \u001b[0m \u001b[91m                                        ~\u001b[0m\n    \u001b[96m__tests__/kidsfight_scene_gamestate.test.ts\u001b[0m:\u001b[93m997\u001b[0m:\u001b[93m3\u001b[0m - \u001b[91merror\u001b[0m\u001b[90m TS1128: \u001b[0mDeclaration or statement expected.\n\n    \u001b[7m997\u001b[0m   public setPlayerHealth(health: number[]): void {\n    \u001b[7m   \u001b[0m \u001b[91m  ~~~~~~\u001b[0m\n    \u001b[96m__tests__/kidsfight_scene_gamestate.test.ts\u001b[0m:\u001b[93m997\u001b[0m:\u001b[93m32\u001b[0m - \u001b[91merror\u001b[0m\u001b[90m TS1005: \u001b[0m',' expected.\n\n    \u001b[7m997\u001b[0m   public setPlayerHealth(health: number[]): void {\n    \u001b[7m   \u001b[0m \u001b[91m                               ~\u001b[0m\n    \u001b[96m__tests__/kidsfight_scene_gamestate.test.ts\u001b[0m:\u001b[93m997\u001b[0m:\u001b[93m41\u001b[0m - \u001b[91merror\u001b[0m\u001b[90m TS1011: \u001b[0mAn element access expression should take an argument.\n\n    \u001b[7m997\u001b[0m   public setPlayerHealth(health: number[]): void {\n    \u001b[7m   \u001b[0m \u001b[91m                                        \u001b[0m\n    \u001b[96m__tests__/kidsfight_scene_gamestate.test.ts\u001b[0m:\u001b[93m997\u001b[0m:\u001b[93m43\u001b[0m - \u001b[91merror\u001b[0m\u001b[90m TS1005: \u001b[0m';' expected.\n\n    \u001b[7m997\u001b[0m   public setPlayerHealth(health: number[]): void {\n    \u001b[7m   \u001b[0m \u001b[91m                                          ~\u001b[0m\n    \u001b[96m__tests__/kidsfight_scene_gamestate.test.ts\u001b[0m:\u001b[93m998\u001b[0m:\u001b[93m9\u001b[0m - \u001b[91merror\u001b[0m\u001b[90m TS1005: \u001b[0m':' expected.\n\n    \u001b[7m998\u001b[0m     this.privateAccess._playerHealth = [...health];\n    \u001b[7m   \u001b[0m \u001b[91m        ~\u001b[0m\n    \u001b[96m__tests__/kidsfight_scene_gamestate.test.ts\u001b[0m:\u001b[93m998\u001b[0m:\u001b[93m51\u001b[0m - \u001b[91merror\u001b[0m\u001b[90m TS1005: \u001b[0m',' expected.\n\n    \u001b[7m998\u001b[0m     this.privateAccess._playerHealth = [...health];\n    \u001b[7m   \u001b[0m \u001b[91m                                                  ~\u001b[0m\n    \u001b[96m__tests__/kidsfight_scene_gamestate.test.ts\u001b[0m:\u001b[93m1001\u001b[0m:\u001b[93m3\u001b[0m - \u001b[91merror\u001b[0m\u001b[90m TS1128: \u001b[0mDeclaration or statement expected.\n\n    \u001b[7m1001\u001b[0m   public setPlayerSpecial(special: number[]): void {\n    \u001b[7m    \u001b[0m \u001b[91m  ~~~~~~\u001b[0m\n    \u001b[96m__tests__/kidsfight_scene_gamestate.test.ts\u001b[0m:\u001b[93m1001\u001b[0m:\u001b[93m34\u001b[0m - \u001b[91merror\u001b[0m\u001b[90m TS1005: \u001b[0m',' expected.\n\n    \u001b[7m1001\u001b[0m   public setPlayerSpecial(special: number[]): void {\n    \u001b[7m    \u001b[0m \u001b[91m                                 ~\u001b[0m\n    \u001b[96m__tests__/kidsfight_scene_gamestate.test.ts\u001b[0m:\u001b[93m1001\u001b[0m:\u001b[93m43\u001b[0m - \u001b[91merror\u001b[0m\u001b[90m TS1011: \u001b[0mAn element access expression should take an argument.\n\n    \u001b[7m1001\u001b[0m   public setPlayerSpecial(special: number[]): void {\n    \u001b[7m    \u001b[0m \u001b[91m                                          \u001b[0m\n    \u001b[96m__tests__/kidsfight_scene_gamestate.test.ts\u001b[0m:\u001b[93m1001\u001b[0m:\u001b[93m45\u001b[0m - \u001b[91merror\u001b[0m\u001b[90m TS1005: \u001b[0m';' expected.\n\n    \u001b[7m1001\u001b[0m   public setPlayerSpecial(special: number[]): void {\n    \u001b[7m    \u001b[0m \u001b[91m                                            ~\u001b[0m\n    \u001b[96m__tests__/kidsfight_scene_gamestate.test.ts\u001b[0m:\u001b[93m1002\u001b[0m:\u001b[93m9\u001b[0m - \u001b[91merror\u001b[0m\u001b[90m TS1005: \u001b[0m':' expected.\n\n    \u001b[7m1002\u001b[0m     this.privateAccess._playerSpecial = [...special];\n    \u001b[7m    \u001b[0m \u001b[91m        ~\u001b[0m\n    \u001b[96m__tests__/kidsfight_scene_gamestate.test.ts\u001b[0m:\u001b[93m1002\u001b[0m:\u001b[93m53\u001b[0m - \u001b[91merror\u001b[0m\u001b[90m TS1005: \u001b[0m',' expected.\n\n    \u001b[7m1002\u001b[0m     this.privateAccess._playerSpecial = [...special];\n    \u001b[7m    \u001b[0m \u001b[91m                                                    ~\u001b[0m\n    \u001b[96m__tests__/kidsfight_scene_gamestate.test.ts\u001b[0m:\u001b[93m1005\u001b[0m:\u001b[93m3\u001b[0m - \u001b[91merror\u001b[0m\u001b[90m TS1128: \u001b[0mDeclaration or statement expected.\n\n    \u001b[7m1005\u001b[0m   public setSpecialPips(pips1: any[], pips2: any[]): void {\n    \u001b[7m    \u001b[0m \u001b[91m  ~~~~~~\u001b[0m\n    \u001b[96m__tests__/kidsfight_scene_gamestate.test.ts\u001b[0m:\u001b[93m1005\u001b[0m:\u001b[93m30\u001b[0m - \u001b[91merror\u001b[0m\u001b[90m TS1005: \u001b[0m',' expected.\n\n    \u001b[7m1005\u001b[0m   public setSpecialPips(pips1: any[], pips2: any[]): void {\n    \u001b[7m    \u001b[0m \u001b[91m                             ~\u001b[0m\n    \u001b[96m__tests__/kidsfight_scene_gamestate.test.ts\u001b[0m:\u001b[93m1005\u001b[0m:\u001b[93m36\u001b[0m - \u001b[91merror\u001b[0m\u001b[90m TS1011: \u001b[0mAn element access expression should take an argument.\n\n    \u001b[7m1005\u001b[0m   public setSpecialPips(pips1: any[], pips2: any[]): void {\n    \u001b[7m    \u001b[0m \u001b[91m                                   \u001b[0m\n    \u001b[96m__tests__/kidsfight_scene_gamestate.test.ts\u001b[0m:\u001b[93m1005\u001b[0m:\u001b[93m44\u001b[0m - \u001b[91merror\u001b[0m\u001b[90m TS1005: \u001b[0m',' expected.\n\n    \u001b[7m1005\u001b[0m   public setSpecialPips(pips1: any[], pips2: any[]): void {\n    \u001b[7m    \u001b[0m \u001b[91m                                           ~\u001b[0m\n    \u001b[96m__tests__/kidsfight_scene_gamestate.test.ts\u001b[0m:\u001b[93m1005\u001b[0m:\u001b[93m50\u001b[0m - \u001b[91merror\u001b[0m\u001b[90m TS1011: \u001b[0mAn element access expression should take an argument.\n\n    \u001b[7m1005\u001b[0m   public setSpecialPips(pips1: any[], pips2: any[]): void {\n    \u001b[7m    \u001b[0m \u001b[91m                                                 \u001b[0m\n    \u001b[96m__tests__/kidsfight_scene_gamestate.test.ts\u001b[0m:\u001b[93m1005\u001b[0m:\u001b[93m52\u001b[0m - \u001b[91merror\u001b[0m\u001b[90m TS1005: \u001b[0m';' expected.\n\n    \u001b[7m1005\u001b[0m   public setSpecialPips(pips1: any[], pips2: any[]): void {\n    \u001b[7m    \u001b[0m \u001b[91m                                                   ~\u001b[0m\n    \u001b[96m__tests__/kidsfight_scene_gamestate.test.ts\u001b[0m:\u001b[93m1006\u001b[0m:\u001b[93m9\u001b[0m - \u001b[91merror\u001b[0m\u001b[90m TS1005: \u001b[0m':' expected.\n\n    \u001b[7m1006\u001b[0m     this.privateAccess._specialPips1 = [...pips1];\n    \u001b[7m    \u001b[0m \u001b[91m        ~\u001b[0m\n    \u001b[96m__tests__/kidsfight_scene_gamestate.test.ts\u001b[0m:\u001b[93m1006\u001b[0m:\u001b[93m50\u001b[0m - \u001b[91merror\u001b[0m\u001b[90m TS1005: \u001b[0m',' expected.\n\n    \u001b[7m1006\u001b[0m     this.privateAccess._specialPips1 = [...pips1];\n    \u001b[7m    \u001b[0m \u001b[91m                                                 ~\u001b[0m\n    \u001b[96m__tests__/kidsfight_scene_gamestate.test.ts\u001b[0m:\u001b[93m1007\u001b[0m:\u001b[93m9\u001b[0m - \u001b[91merror\u001b[0m\u001b[90m TS1005: \u001b[0m':' expected.\n\n    \u001b[7m1007\u001b[0m     this.privateAccess._specialPips2 = [...pips2];\n    \u001b[7m    \u001b[0m \u001b[91m        ~\u001b[0m\n    \u001b[96m__tests__/kidsfight_scene_gamestate.test.ts\u001b[0m:\u001b[93m1007\u001b[0m:\u001b[93m50\u001b[0m - \u001b[91merror\u001b[0m\u001b[90m TS1005: \u001b[0m',' expected.\n\n    \u001b[7m1007\u001b[0m     this.privateAccess._specialPips2 = [...pips2];\n    \u001b[7m    \u001b[0m \u001b[91m                                                 ~\u001b[0m\n    \u001b[96m__tests__/kidsfight_scene_gamestate.test.ts\u001b[0m:\u001b[93m1011\u001b[0m:\u001b[93m3\u001b[0m - \u001b[91merror\u001b[0m\u001b[90m TS1128: \u001b[0mDeclaration or statement expected.\n\n    \u001b[7m1011\u001b[0m   public init(data?: any): void {\n    \u001b[7m    \u001b[0m \u001b[91m  ~~~~~~\u001b[0m\n    \u001b[96m__tests__/kidsfight_scene_gamestate.test.ts\u001b[0m:\u001b[93m1011\u001b[0m:\u001b[93m20\u001b[0m - \u001b[91merror\u001b[0m\u001b[90m TS1109: \u001b[0mExpression expected.\n\n    \u001b[7m1011\u001b[0m   public init(data?: any): void {\n    \u001b[7m    \u001b[0m \u001b[91m                   ~\u001b[0m\n    \u001b[96m__tests__/kidsfight_scene_gamestate.test.ts\u001b[0m:\u001b[93m1011\u001b[0m:\u001b[93m26\u001b[0m - \u001b[91merror\u001b[0m\u001b[90m TS1005: \u001b[0m';' expected.\n\n    \u001b[7m1011\u001b[0m   public init(data?: any): void {\n    \u001b[7m    \u001b[0m \u001b[91m                         ~\u001b[0m\n    \u001b[96m__tests__/kidsfight_scene_gamestate.test.ts\u001b[0m:\u001b[93m1012\u001b[0m:\u001b[93m10\u001b[0m - \u001b[91merror\u001b[0m\u001b[90m TS1005: \u001b[0m':' expected.\n\n    \u001b[7m1012\u001b[0m     super.init(data);\n    \u001b[7m    \u001b[0m \u001b[91m         ~\u001b[0m\n    \u001b[96m__tests__/kidsfight_scene_gamestate.test.ts\u001b[0m:\u001b[93m1012\u001b[0m:\u001b[93m21\u001b[0m - \u001b[91merror\u001b[0m\u001b[90m TS1005: \u001b[0m',' expected.\n\n    \u001b[7m1012\u001b[0m     super.init(data);\n    \u001b[7m    \u001b[0m \u001b[91m                    ~\u001b[0m\n    \u001b[96m__tests__/kidsfight_scene_gamestate.test.ts\u001b[0m:\u001b[93m1015\u001b[0m:\u001b[93m9\u001b[0m - \u001b[91merror\u001b[0m\u001b[90m TS1005: \u001b[0m':' expected.\n\n    \u001b[7m1015\u001b[0m     this.time = {\n    \u001b[7m    \u001b[0m \u001b[91m        ~\u001b[0m\n    \u001b[96m__tests__/kidsfight_scene_gamestate.test.ts\u001b[0m:\u001b[93m1025\u001b[0m:\u001b[93m6\u001b[0m - \u001b[91merror\u001b[0m\u001b[90m TS1005: \u001b[0m',' expected.\n\n    \u001b[7m1025\u001b[0m     };\n    \u001b[7m    \u001b[0m \u001b[91m     ~\u001b[0m\n    \u001b[96m__tests__/kidsfight_scene_gamestate.test.ts\u001b[0m:\u001b[93m1028\u001b[0m:\u001b[93m9\u001b[0m - \u001b[91merror\u001b[0m\u001b[90m TS1005: \u001b[0m':' expected.\n\n    \u001b[7m1028\u001b[0m     this.cameras = {\n    \u001b[7m    \u001b[0m \u001b[91m        ~\u001b[0m\n    \u001b[96m__tests__/kidsfight_scene_gamestate.test.ts\u001b[0m:\u001b[93m1035\u001b[0m:\u001b[93m6\u001b[0m - \u001b[91merror\u001b[0m\u001b[90m TS1005: \u001b[0m',' expected.\n\n    \u001b[7m1035\u001b[0m     };\n    \u001b[7m    \u001b[0m \u001b[91m     ~\u001b[0m\n    \u001b[96m__tests__/kidsfight_scene_gamestate.test.ts\u001b[0m:\u001b[93m1037\u001b[0m:\u001b[93m9\u001b[0m - \u001b[91merror\u001b[0m\u001b[90m TS1005: \u001b[0m':' expected.\n\n    \u001b[7m1037\u001b[0m     this.physics = {\n    \u001b[7m    \u001b[0m \u001b[91m        ~\u001b[0m\n    \u001b[96m__tests__/kidsfight_scene_gamestate.test.ts\u001b[0m:\u001b[93m1045\u001b[0m:\u001b[93m6\u001b[0m - \u001b[91merror\u001b[0m\u001b[90m TS1005: \u001b[0m',' expected.\n\n    \u001b[7m1045\u001b[0m     };\n    \u001b[7m    \u001b[0m \u001b[91m     ~\u001b[0m\n    \u001b[96m__tests__/kidsfight_scene_gamestate.test.ts\u001b[0m:\u001b[93m1047\u001b[0m:\u001b[93m9\u001b[0m - \u001b[91merror\u001b[0m\u001b[90m TS1005: \u001b[0m':' expected.\n\n    \u001b[7m1047\u001b[0m     this.scale = {\n    \u001b[7m    \u001b[0m \u001b[91m        ~\u001b[0m\n    \u001b[96m__tests__/kidsfight_scene_gamestate.test.ts\u001b[0m:\u001b[93m1054\u001b[0m:\u001b[93m6\u001b[0m - \u001b[91merror\u001b[0m\u001b[90m TS1005: \u001b[0m',' expected.\n\n    \u001b[7m1054\u001b[0m     };\n    \u001b[7m    \u001b[0m \u001b[91m     ~\u001b[0m\n    \u001b[96m__tests__/kidsfight_scene_gamestate.test.ts\u001b[0m:\u001b[93m1056\u001b[0m:\u001b[93m9\u001b[0m - \u001b[91merror\u001b[0m\u001b[90m TS1005: \u001b[0m':' expected.\n\n    \u001b[7m1056\u001b[0m     this.gameTimer = this.testGameTimer;\n    \u001b[7m    \u001b[0m \u001b[91m        ~\u001b[0m\n    \u001b[96m__tests__/kidsfight_scene_gamestate.test.ts\u001b[0m:\u001b[93m1056\u001b[0m:\u001b[93m40\u001b[0m - \u001b[91merror\u001b[0m\u001b[90m TS1005: \u001b[0m',' expected.\n\n    \u001b[7m1056\u001b[0m     this.gameTimer = this.testGameTimer;\n    \u001b[7m    \u001b[0m \u001b[91m                                       ~\u001b[0m\n    \u001b[96m__tests__/kidsfight_scene_gamestate.test.ts\u001b[0m:\u001b[93m1060\u001b[0m:\u001b[93m3\u001b[0m - \u001b[91merror\u001b[0m\u001b[90m TS1128: \u001b[0mDeclaration or statement expected.\n\n    \u001b[7m1060\u001b[0m   public create(): void {\n    \u001b[7m    \u001b[0m \u001b[91m  ~~~~~~\u001b[0m\n    \u001b[96m__tests__/kidsfight_scene_gamestate.test.ts\u001b[0m:\u001b[93m1060\u001b[0m:\u001b[93m18\u001b[0m - \u001b[91merror\u001b[0m\u001b[90m TS1005: \u001b[0m';' expected.\n\n    \u001b[7m1060\u001b[0m   public create(): void {\n    \u001b[7m    \u001b[0m \u001b[91m                 ~\u001b[0m\n    \u001b[96m__tests__/kidsfight_scene_gamestate.test.ts\u001b[0m:\u001b[93m1062\u001b[0m:\u001b[93m9\u001b[0m - \u001b[91merror\u001b[0m\u001b[90m TS1005: \u001b[0m':' expected.\n\n    \u001b[7m1062\u001b[0m     this.winnerText = this.add.text(0, 0, '');\n    \u001b[7m    \u001b[0m \u001b[91m        ~\u001b[0m\n    \u001b[96m__tests__/kidsfight_scene_gamestate.test.ts\u001b[0m:\u001b[93m1062\u001b[0m:\u001b[93m46\u001b[0m - \u001b[91merror\u001b[0m\u001b[90m TS1005: \u001b[0m',' expected.\n\n    \u001b[7m1062\u001b[0m     this.winnerText = this.add.text(0, 0, '');\n    \u001b[7m    \u001b[0m \u001b[91m                                             ~\u001b[0m\n    \u001b[96m__tests__/kidsfight_scene_gamestate.test.ts\u001b[0m:\u001b[93m1063\u001b[0m:\u001b[93m9\u001b[0m - \u001b[91merror\u001b[0m\u001b[90m TS1005: \u001b[0m':' expected.\n\n    \u001b[7m1063\u001b[0m     this.gameTimer = this.testTime.addEvent({\n    \u001b[7m    \u001b[0m \u001b[91m        ~\u001b[0m\n    \u001b[96m__tests__/kidsfight_scene_gamestate.test.ts\u001b[0m:\u001b[93m1068\u001b[0m:\u001b[93m7\u001b[0m - \u001b[91merror\u001b[0m\u001b[90m TS1005: \u001b[0m',' expected.\n\n    \u001b[7m1068\u001b[0m     });\n    \u001b[7m    \u001b[0m \u001b[91m      ~\u001b[0m\n    \u001b[96m__tests__/kidsfight_scene_gamestate.test.ts\u001b[0m:\u001b[93m1070\u001b[0m:\u001b[93m1\u001b[0m - \u001b[91merror\u001b[0m\u001b[90m TS1128: \u001b[0mDeclaration or statement expected.\n\n    \u001b[7m1070\u001b[0m }\n    \u001b[7m    \u001b[0m \u001b[91m~\u001b[0m\n","name":"/Users/ivan/projects/kidsfight/__tests__/kidsfight_scene_gamestate.test.ts","startTime":1748212550274,"status":"failed","summary":""}],"wasInterrupted":false,"coverageMap":{"/Users/ivan/projects/kidsfight/src/types/images.d.ts":{"path":"/Users/ivan/projects/kidsfight/src/types/images.d.ts","statementMap":{},"fnMap":{},"branchMap":{},"s":{},"f":{},"b":{}},"/Users/ivan/projects/kidsfight/src/types/websocket_manager.d.ts":{"path":"/Users/ivan/projects/kidsfight/src/types/websocket_manager.d.ts","statementMap":{},"fnMap":{},"branchMap":{},"s":{},"f":{},"b":{}},"/Users/ivan/projects/kidsfight/src/types/phaser.d.ts":{"path":"/Users/ivan/projects/kidsfight/src/types/phaser.d.ts","statementMap":{},"fnMap":{},"branchMap":{},"s":{},"f":{},"b":{}}}}
