{"numFailedTestSuites":40,"numFailedTests":80,"numPassedTestSuites":33,"numPassedTests":304,"numPendingTestSuites":0,"numPendingTests":0,"numRuntimeErrorTestSuites":18,"numTodoTests":0,"numTotalTestSuites":73,"numTotalTests":384,"openHandles":[],"snapshot":{"added":0,"didUpdate":false,"failure":false,"filesAdded":0,"filesRemoved":0,"filesRemovedList":[],"filesUnmatched":0,"filesUpdated":0,"matched":0,"total":0,"unchecked":0,"uncheckedKeysByFile":[],"unmatched":0,"updated":0},"startTime":1750397505374,"success":false,"testResults":[{"assertionResults":[{"ancestorTitles":["KidsFightScene - Special Attack","handleSpecial"],"duration":20,"failureDetails":[{"matcherResult":{"actual":3,"expected":0,"message":"\u001b[2mexpect(\u001b[22m\u001b[31mreceived\u001b[39m\u001b[2m).\u001b[22mtoBe\u001b[2m(\u001b[22m\u001b[32mexpected\u001b[39m\u001b[2m) // Object.is equality\u001b[22m\n\nExpected: \u001b[32m0\u001b[39m\nReceived: \u001b[31m3\u001b[39m","name":"toBe","pass":false}}],"failureMessages":["Error: \u001b[2mexpect(\u001b[22m\u001b[31mreceived\u001b[39m\u001b[2m).\u001b[22mtoBe\u001b[2m(\u001b[22m\u001b[32mexpected\u001b[39m\u001b[2m) // Object.is equality\u001b[22m\n\nExpected: \u001b[32m0\u001b[39m\nReceived: \u001b[31m3\u001b[39m\n    at Object.<anonymous> (/Users/ivan/projects/kidsfight/__tests__/kidsfight_scene_special_attack.test.ts:120:47)\n    at Promise.then.completed (/Users/ivan/projects/kidsfight/node_modules/jest-circus/build/utils.js:298:28)\n    at new Promise (<anonymous>)\n    at callAsyncCircusFn (/Users/ivan/projects/kidsfight/node_modules/jest-circus/build/utils.js:231:10)\n    at _callCircusTest (/Users/ivan/projects/kidsfight/node_modules/jest-circus/build/run.js:316:40)\n    at processTicksAndRejections (node:internal/process/task_queues:105:5)\n    at _runTest (/Users/ivan/projects/kidsfight/node_modules/jest-circus/build/run.js:252:3)\n    at _runTestsForDescribeBlock (/Users/ivan/projects/kidsfight/node_modules/jest-circus/build/run.js:126:9)\n    at _runTestsForDescribeBlock (/Users/ivan/projects/kidsfight/node_modules/jest-circus/build/run.js:121:9)\n    at _runTestsForDescribeBlock (/Users/ivan/projects/kidsfight/node_modules/jest-circus/build/run.js:121:9)\n    at run (/Users/ivan/projects/kidsfight/node_modules/jest-circus/build/run.js:71:3)\n    at runAndTransformResultsToJestFormat (/Users/ivan/projects/kidsfight/node_modules/jest-circus/build/legacy-code-todo-rewrite/jestAdapterInit.js:122:21)\n    at jestAdapter (/Users/ivan/projects/kidsfight/node_modules/jest-circus/build/legacy-code-todo-rewrite/jestAdapter.js:79:19)\n    at runTestInternal (/Users/ivan/projects/kidsfight/node_modules/jest-runner/build/runTest.js:367:16)\n    at runTest (/Users/ivan/projects/kidsfight/node_modules/jest-runner/build/runTest.js:444:34)\n    at Object.worker (/Users/ivan/projects/kidsfight/node_modules/jest-runner/build/testWorker.js:106:12)"],"fullName":"KidsFightScene - Special Attack handleSpecial should consume all special pips when performing a special attack","invocations":1,"location":null,"numPassingAsserts":0,"retryReasons":[],"status":"failed","title":"should consume all special pips when performing a special attack"},{"ancestorTitles":["KidsFightScene - Special Attack","handleSpecial"],"duration":1,"failureDetails":[],"failureMessages":[],"fullName":"KidsFightScene - Special Attack handleSpecial should not perform special attack if not enough pips","invocations":1,"location":null,"numPassingAsserts":2,"retryReasons":[],"status":"passed","title":"should not perform special attack if not enough pips"},{"ancestorTitles":["KidsFightScene - Special Attack","handleSpecial"],"duration":59,"failureDetails":[{"matcherResult":{"message":"\u001b[2mexpect(\u001b[22m\u001b[31mjest.fn()\u001b[39m\u001b[2m).\u001b[22mtoHaveBeenCalledWith\u001b[2m(\u001b[22m\u001b[32m...expected\u001b[39m\u001b[2m)\u001b[22m\n\nExpected: \u001b[32m{\"playerIndex\": 0, \"type\": \"special\"}\u001b[39m\n\nNumber of calls: \u001b[31m0\u001b[39m","pass":false}}],"failureMessages":["Error: \u001b[2mexpect(\u001b[22m\u001b[31mjest.fn()\u001b[39m\u001b[2m).\u001b[22mtoHaveBeenCalledWith\u001b[2m(\u001b[22m\u001b[32m...expected\u001b[39m\u001b[2m)\u001b[22m\n\nExpected: \u001b[32m{\"playerIndex\": 0, \"type\": \"special\"}\u001b[39m\n\nNumber of calls: \u001b[31m0\u001b[39m\n    at Object.<anonymous> (/Users/ivan/projects/kidsfight/__tests__/kidsfight_scene_special_attack.test.ts:162:34)\n    at Promise.then.completed (/Users/ivan/projects/kidsfight/node_modules/jest-circus/build/utils.js:298:28)\n    at new Promise (<anonymous>)\n    at callAsyncCircusFn (/Users/ivan/projects/kidsfight/node_modules/jest-circus/build/utils.js:231:10)\n    at _callCircusTest (/Users/ivan/projects/kidsfight/node_modules/jest-circus/build/run.js:316:40)\n    at processTicksAndRejections (node:internal/process/task_queues:105:5)\n    at _runTest (/Users/ivan/projects/kidsfight/node_modules/jest-circus/build/run.js:252:3)\n    at _runTestsForDescribeBlock (/Users/ivan/projects/kidsfight/node_modules/jest-circus/build/run.js:126:9)\n    at _runTestsForDescribeBlock (/Users/ivan/projects/kidsfight/node_modules/jest-circus/build/run.js:121:9)\n    at _runTestsForDescribeBlock (/Users/ivan/projects/kidsfight/node_modules/jest-circus/build/run.js:121:9)\n    at run (/Users/ivan/projects/kidsfight/node_modules/jest-circus/build/run.js:71:3)\n    at runAndTransformResultsToJestFormat (/Users/ivan/projects/kidsfight/node_modules/jest-circus/build/legacy-code-todo-rewrite/jestAdapterInit.js:122:21)\n    at jestAdapter (/Users/ivan/projects/kidsfight/node_modules/jest-circus/build/legacy-code-todo-rewrite/jestAdapter.js:79:19)\n    at runTestInternal (/Users/ivan/projects/kidsfight/node_modules/jest-runner/build/runTest.js:367:16)\n    at runTest (/Users/ivan/projects/kidsfight/node_modules/jest-runner/build/runTest.js:444:34)\n    at Object.worker (/Users/ivan/projects/kidsfight/node_modules/jest-runner/build/testWorker.js:106:12)"],"fullName":"KidsFightScene - Special Attack handleSpecial should send special attack message in online mode","invocations":1,"location":null,"numPassingAsserts":0,"retryReasons":[],"status":"failed","title":"should send special attack message in online mode"},{"ancestorTitles":["KidsFightScene - Special Attack","tryAction with special attack"],"duration":2,"failureDetails":[{}],"failureMessages":["TypeError: scene.tryAction is not a function\n    at Object.<anonymous> (/Users/ivan/projects/kidsfight/__tests__/kidsfight_scene_special_attack.test.ts:206:25)\n    at Promise.then.completed (/Users/ivan/projects/kidsfight/node_modules/jest-circus/build/utils.js:298:28)\n    at new Promise (<anonymous>)\n    at callAsyncCircusFn (/Users/ivan/projects/kidsfight/node_modules/jest-circus/build/utils.js:231:10)\n    at _callCircusTest (/Users/ivan/projects/kidsfight/node_modules/jest-circus/build/run.js:316:40)\n    at processTicksAndRejections (node:internal/process/task_queues:105:5)\n    at _runTest (/Users/ivan/projects/kidsfight/node_modules/jest-circus/build/run.js:252:3)\n    at _runTestsForDescribeBlock (/Users/ivan/projects/kidsfight/node_modules/jest-circus/build/run.js:126:9)\n    at _runTestsForDescribeBlock (/Users/ivan/projects/kidsfight/node_modules/jest-circus/build/run.js:121:9)\n    at _runTestsForDescribeBlock (/Users/ivan/projects/kidsfight/node_modules/jest-circus/build/run.js:121:9)\n    at run (/Users/ivan/projects/kidsfight/node_modules/jest-circus/build/run.js:71:3)\n    at runAndTransformResultsToJestFormat (/Users/ivan/projects/kidsfight/node_modules/jest-circus/build/legacy-code-todo-rewrite/jestAdapterInit.js:122:21)\n    at jestAdapter (/Users/ivan/projects/kidsfight/node_modules/jest-circus/build/legacy-code-todo-rewrite/jestAdapter.js:79:19)\n    at runTestInternal (/Users/ivan/projects/kidsfight/node_modules/jest-runner/build/runTest.js:367:16)\n    at runTest (/Users/ivan/projects/kidsfight/node_modules/jest-runner/build/runTest.js:444:34)\n    at Object.worker (/Users/ivan/projects/kidsfight/node_modules/jest-runner/build/testWorker.js:106:12)"],"fullName":"KidsFightScene - Special Attack tryAction with special attack should apply special damage to opponent","invocations":1,"location":null,"numPassingAsserts":0,"retryReasons":[],"status":"failed","title":"should apply special damage to opponent"},{"ancestorTitles":["KidsFightScene - Special Attack","updateSpecialPips"],"duration":2,"failureDetails":[{}],"failureMessages":["Error: \u001b[2mexpect(\u001b[22m\u001b[31mreceived\u001b[39m\u001b[2m).\u001b[22mtoHaveBeenCalledWith\u001b[2m(\u001b[22m\u001b[32m...expected\u001b[39m\u001b[2m)\u001b[22m\n\n\u001b[1mMatcher error\u001b[22m: \u001b[31mreceived\u001b[39m value must be a mock or spy function\n\nReceived has value: \u001b[31mundefined\u001b[39m\n    at Object.<anonymous> (/Users/ivan/projects/kidsfight/__tests__/kidsfight_scene_special_attack.test.ts:258:50)\n    at Promise.then.completed (/Users/ivan/projects/kidsfight/node_modules/jest-circus/build/utils.js:298:28)\n    at new Promise (<anonymous>)\n    at callAsyncCircusFn (/Users/ivan/projects/kidsfight/node_modules/jest-circus/build/utils.js:231:10)\n    at _callCircusTest (/Users/ivan/projects/kidsfight/node_modules/jest-circus/build/run.js:316:40)\n    at processTicksAndRejections (node:internal/process/task_queues:105:5)\n    at _runTest (/Users/ivan/projects/kidsfight/node_modules/jest-circus/build/run.js:252:3)\n    at _runTestsForDescribeBlock (/Users/ivan/projects/kidsfight/node_modules/jest-circus/build/run.js:126:9)\n    at _runTestsForDescribeBlock (/Users/ivan/projects/kidsfight/node_modules/jest-circus/build/run.js:121:9)\n    at _runTestsForDescribeBlock (/Users/ivan/projects/kidsfight/node_modules/jest-circus/build/run.js:121:9)\n    at run (/Users/ivan/projects/kidsfight/node_modules/jest-circus/build/run.js:71:3)\n    at runAndTransformResultsToJestFormat (/Users/ivan/projects/kidsfight/node_modules/jest-circus/build/legacy-code-todo-rewrite/jestAdapterInit.js:122:21)\n    at jestAdapter (/Users/ivan/projects/kidsfight/node_modules/jest-circus/build/legacy-code-todo-rewrite/jestAdapter.js:79:19)\n    at runTestInternal (/Users/ivan/projects/kidsfight/node_modules/jest-runner/build/runTest.js:367:16)\n    at runTest (/Users/ivan/projects/kidsfight/node_modules/jest-runner/build/runTest.js:444:34)\n    at Object.worker (/Users/ivan/projects/kidsfight/node_modules/jest-runner/build/testWorker.js:106:12)"],"fullName":"KidsFightScene - Special Attack updateSpecialPips should update special pips UI correctly","invocations":1,"location":null,"numPassingAsserts":0,"retryReasons":[],"status":"failed","title":"should update special pips UI correctly"}],"endTime":1750397507923,"message":"\u001b[1m\u001b[31m  \u001b[1m● \u001b[22m\u001b[1mKidsFightScene - Special Attack › handleSpecial › should consume all special pips when performing a special attack\u001b[39m\u001b[22m\n\n    \u001b[2mexpect(\u001b[22m\u001b[31mreceived\u001b[39m\u001b[2m).\u001b[22mtoBe\u001b[2m(\u001b[22m\u001b[32mexpected\u001b[39m\u001b[2m) // Object.is equality\u001b[22m\n\n    Expected: \u001b[32m0\u001b[39m\n    Received: \u001b[31m3\u001b[39m\n\u001b[2m\u001b[22m\n\u001b[2m    \u001b[0m \u001b[90m 118 |\u001b[39m       \u001b[22m\n\u001b[2m     \u001b[90m 119 |\u001b[39m       \u001b[90m// Assert - Check initial state\u001b[39m\u001b[22m\n\u001b[2m    \u001b[31m\u001b[1m>\u001b[22m\u001b[2m\u001b[39m\u001b[90m 120 |\u001b[39m       expect((scene \u001b[36mas\u001b[39m any)\u001b[33m.\u001b[39mplayerSpecial[\u001b[35m0\u001b[39m])\u001b[33m.\u001b[39mtoBe(\u001b[35m0\u001b[39m)\u001b[33m;\u001b[39m \u001b[90m// Should consume all pips\u001b[39m\u001b[22m\n\u001b[2m     \u001b[90m     |\u001b[39m                                               \u001b[31m\u001b[1m^\u001b[22m\u001b[2m\u001b[39m\u001b[22m\n\u001b[2m     \u001b[90m 121 |\u001b[39m       \u001b[22m\n\u001b[2m     \u001b[90m 122 |\u001b[39m       \u001b[90m// Verify the special attack state is set to true during attack\u001b[39m\u001b[22m\n\u001b[2m     \u001b[90m 123 |\u001b[39m       expect(mockPlayer\u001b[33m.\u001b[39msetData)\u001b[33m.\u001b[39mtoHaveBeenCalledWith(\u001b[32m'isSpecialAttacking'\u001b[39m\u001b[33m,\u001b[39m \u001b[36mtrue\u001b[39m)\u001b[33m;\u001b[39m\u001b[0m\u001b[22m\n\u001b[2m\u001b[22m\n\u001b[2m      \u001b[2mat Object.<anonymous> (\u001b[22m\u001b[2m\u001b[0m\u001b[36m__tests__/kidsfight_scene_special_attack.test.ts\u001b[39m\u001b[0m\u001b[2m:120:47)\u001b[22m\u001b[2m\u001b[22m\n\n\u001b[1m\u001b[31m  \u001b[1m● \u001b[22m\u001b[1mKidsFightScene - Special Attack › handleSpecial › should send special attack message in online mode\u001b[39m\u001b[22m\n\n    \u001b[2mexpect(\u001b[22m\u001b[31mjest.fn()\u001b[39m\u001b[2m).\u001b[22mtoHaveBeenCalledWith\u001b[2m(\u001b[22m\u001b[32m...expected\u001b[39m\u001b[2m)\u001b[22m\n\n    Expected: \u001b[32m{\"playerIndex\": 0, \"type\": \"special\"}\u001b[39m\n\n    Number of calls: \u001b[31m0\u001b[39m\n\u001b[2m\u001b[22m\n\u001b[2m    \u001b[0m \u001b[90m 160 |\u001b[39m\u001b[22m\n\u001b[2m     \u001b[90m 161 |\u001b[39m       \u001b[90m// Assert\u001b[39m\u001b[22m\n\u001b[2m    \u001b[31m\u001b[1m>\u001b[22m\u001b[2m\u001b[39m\u001b[90m 162 |\u001b[39m       expect(mockWsManager\u001b[33m.\u001b[39msend)\u001b[33m.\u001b[39mtoHaveBeenCalledWith({\u001b[22m\n\u001b[2m     \u001b[90m     |\u001b[39m                                  \u001b[31m\u001b[1m^\u001b[22m\u001b[2m\u001b[39m\u001b[22m\n\u001b[2m     \u001b[90m 163 |\u001b[39m         type\u001b[33m:\u001b[39m \u001b[32m'special'\u001b[39m\u001b[33m,\u001b[39m\u001b[22m\n\u001b[2m     \u001b[90m 164 |\u001b[39m         playerIndex\u001b[33m:\u001b[39m \u001b[35m0\u001b[39m\u001b[22m\n\u001b[2m     \u001b[90m 165 |\u001b[39m       })\u001b[33m;\u001b[39m\u001b[0m\u001b[22m\n\u001b[2m\u001b[22m\n\u001b[2m      \u001b[2mat Object.<anonymous> (\u001b[22m\u001b[2m\u001b[0m\u001b[36m__tests__/kidsfight_scene_special_attack.test.ts\u001b[39m\u001b[0m\u001b[2m:162:34)\u001b[22m\u001b[2m\u001b[22m\n\n\u001b[1m\u001b[31m  \u001b[1m● \u001b[22m\u001b[1mKidsFightScene - Special Attack › tryAction with special attack › should apply special damage to opponent\u001b[39m\u001b[22m\n\n    TypeError: scene.tryAction is not a function\n\u001b[2m\u001b[22m\n\u001b[2m    \u001b[0m \u001b[90m 204 |\u001b[39m       \u001b[22m\n\u001b[2m     \u001b[90m 205 |\u001b[39m       \u001b[90m// Act\u001b[39m\u001b[22m\n\u001b[2m    \u001b[31m\u001b[1m>\u001b[22m\u001b[2m\u001b[39m\u001b[90m 206 |\u001b[39m       scene[\u001b[32m'tryAction'\u001b[39m](\u001b[35m0\u001b[39m\u001b[33m,\u001b[39m \u001b[32m'special'\u001b[39m\u001b[33m,\u001b[39m \u001b[36mtrue\u001b[39m)\u001b[33m;\u001b[39m\u001b[22m\n\u001b[2m     \u001b[90m     |\u001b[39m                         \u001b[31m\u001b[1m^\u001b[22m\u001b[2m\u001b[39m\u001b[22m\n\u001b[2m     \u001b[90m 207 |\u001b[39m       \u001b[22m\n\u001b[2m     \u001b[90m 208 |\u001b[39m       \u001b[90m// Assert - Verify damage was applied\u001b[39m\u001b[22m\n\u001b[2m     \u001b[90m 209 |\u001b[39m       expect(scene\u001b[33m.\u001b[39mplayerHealth[\u001b[35m1\u001b[39m])\u001b[33m.\u001b[39mtoBe(initialHealth \u001b[33m-\u001b[39m \u001b[35m10\u001b[39m)\u001b[33m;\u001b[39m\u001b[0m\u001b[22m\n\u001b[2m\u001b[22m\n\u001b[2m      \u001b[2mat Object.<anonymous> (\u001b[22m\u001b[2m\u001b[0m\u001b[36m__tests__/kidsfight_scene_special_attack.test.ts\u001b[39m\u001b[0m\u001b[2m:206:25)\u001b[22m\u001b[2m\u001b[22m\n\n\u001b[1m\u001b[31m  \u001b[1m● \u001b[22m\u001b[1mKidsFightScene - Special Attack › updateSpecialPips › should update special pips UI correctly\u001b[39m\u001b[22m\n\n    \u001b[2mexpect(\u001b[22m\u001b[31mreceived\u001b[39m\u001b[2m).\u001b[22mtoHaveBeenCalledWith\u001b[2m(\u001b[22m\u001b[32m...expected\u001b[39m\u001b[2m)\u001b[22m\n\n    \u001b[1mMatcher error\u001b[22m: \u001b[31mreceived\u001b[39m value must be a mock or spy function\n\n    Received has value: \u001b[31mundefined\u001b[39m\n\u001b[2m\u001b[22m\n\u001b[2m    \u001b[0m \u001b[90m 256 |\u001b[39m       \u001b[90m// Should set fillStyle with full opacity for first 2 pips, and 30% for the last one\u001b[39m\u001b[22m\n\u001b[2m     \u001b[90m 257 |\u001b[39m       \u001b[90m// Check that fillStyle was called appropriately on the pip graphics\u001b[39m\u001b[22m\n\u001b[2m    \u001b[31m\u001b[1m>\u001b[22m\u001b[2m\u001b[39m\u001b[90m 258 |\u001b[39m       expect(scene[\u001b[32m'specialPips1'\u001b[39m][\u001b[35m0\u001b[39m]\u001b[33m.\u001b[39mfillStyle)\u001b[33m.\u001b[39mtoHaveBeenCalledWith(\u001b[35m0xffe066\u001b[39m\u001b[33m,\u001b[39m \u001b[35m1\u001b[39m)\u001b[33m;\u001b[39m \u001b[90m// First pip filled\u001b[39m\u001b[22m\n\u001b[2m     \u001b[90m     |\u001b[39m                                                  \u001b[31m\u001b[1m^\u001b[22m\u001b[2m\u001b[39m\u001b[22m\n\u001b[2m     \u001b[90m 259 |\u001b[39m       expect(scene[\u001b[32m'specialPips1'\u001b[39m][\u001b[35m1\u001b[39m]\u001b[33m.\u001b[39mfillStyle)\u001b[33m.\u001b[39mtoHaveBeenCalledWith(\u001b[35m0xffe066\u001b[39m\u001b[33m,\u001b[39m \u001b[35m1\u001b[39m)\u001b[33m;\u001b[39m \u001b[90m// Second pip filled\u001b[39m\u001b[22m\n\u001b[2m     \u001b[90m 260 |\u001b[39m       expect(scene[\u001b[32m'specialPips1'\u001b[39m][\u001b[35m2\u001b[39m]\u001b[33m.\u001b[39mfillStyle)\u001b[33m.\u001b[39mtoHaveBeenCalledWith(\u001b[35m0xffffff\u001b[39m\u001b[33m,\u001b[39m \u001b[35m0.3\u001b[39m)\u001b[33m;\u001b[39m \u001b[90m// Last pip empty\u001b[39m\u001b[22m\n\u001b[2m     \u001b[90m 261 |\u001b[39m     })\u001b[33m;\u001b[39m\u001b[0m\u001b[22m\n\u001b[2m\u001b[22m\n\u001b[2m      \u001b[2mat Object.<anonymous> (\u001b[22m\u001b[2m\u001b[0m\u001b[36m__tests__/kidsfight_scene_special_attack.test.ts\u001b[39m\u001b[0m\u001b[2m:258:50)\u001b[22m\u001b[2m\u001b[22m\n","name":"/Users/ivan/projects/kidsfight/__tests__/kidsfight_scene_special_attack.test.ts","startTime":1750397506950,"status":"failed","summary":""},{"assertionResults":[{"ancestorTitles":["KidsFightScene - Attack and Health"],"duration":1,"failureDetails":[],"failureMessages":[],"fullName":"KidsFightScene - Attack and Health should apply normal attack damage of 5","invocations":1,"location":null,"numPassingAsserts":3,"retryReasons":[],"status":"passed","title":"should apply normal attack damage of 5"},{"ancestorTitles":["KidsFightScene - Attack and Health"],"duration":1,"failureDetails":[{"matcherResult":{"actual":85,"expected":90,"message":"\u001b[2mexpect(\u001b[22m\u001b[31mreceived\u001b[39m\u001b[2m).\u001b[22mtoBe\u001b[2m(\u001b[22m\u001b[32mexpected\u001b[39m\u001b[2m) // Object.is equality\u001b[22m\n\nExpected: \u001b[32m90\u001b[39m\nReceived: \u001b[31m85\u001b[39m","name":"toBe","pass":false}}],"failureMessages":["Error: \u001b[2mexpect(\u001b[22m\u001b[31mreceived\u001b[39m\u001b[2m).\u001b[22mtoBe\u001b[2m(\u001b[22m\u001b[32mexpected\u001b[39m\u001b[2m) // Object.is equality\u001b[22m\n\nExpected: \u001b[32m90\u001b[39m\nReceived: \u001b[31m85\u001b[39m\n    at Object.<anonymous> (/Users/ivan/projects/kidsfight/__tests__/kidsfight_scene_attack.test.ts:132:35)\n    at Promise.then.completed (/Users/ivan/projects/kidsfight/node_modules/jest-circus/build/utils.js:298:28)\n    at new Promise (<anonymous>)\n    at callAsyncCircusFn (/Users/ivan/projects/kidsfight/node_modules/jest-circus/build/utils.js:231:10)\n    at _callCircusTest (/Users/ivan/projects/kidsfight/node_modules/jest-circus/build/run.js:316:40)\n    at processTicksAndRejections (node:internal/process/task_queues:105:5)\n    at _runTest (/Users/ivan/projects/kidsfight/node_modules/jest-circus/build/run.js:252:3)\n    at _runTestsForDescribeBlock (/Users/ivan/projects/kidsfight/node_modules/jest-circus/build/run.js:126:9)\n    at _runTestsForDescribeBlock (/Users/ivan/projects/kidsfight/node_modules/jest-circus/build/run.js:121:9)\n    at run (/Users/ivan/projects/kidsfight/node_modules/jest-circus/build/run.js:71:3)\n    at runAndTransformResultsToJestFormat (/Users/ivan/projects/kidsfight/node_modules/jest-circus/build/legacy-code-todo-rewrite/jestAdapterInit.js:122:21)\n    at jestAdapter (/Users/ivan/projects/kidsfight/node_modules/jest-circus/build/legacy-code-todo-rewrite/jestAdapter.js:79:19)\n    at runTestInternal (/Users/ivan/projects/kidsfight/node_modules/jest-runner/build/runTest.js:367:16)\n    at runTest (/Users/ivan/projects/kidsfight/node_modules/jest-runner/build/runTest.js:444:34)\n    at Object.worker (/Users/ivan/projects/kidsfight/node_modules/jest-runner/build/testWorker.js:106:12)"],"fullName":"KidsFightScene - Attack and Health should apply special attack damage of 10","invocations":1,"location":null,"numPassingAsserts":0,"retryReasons":[],"status":"failed","title":"should apply special attack damage of 10"},{"ancestorTitles":["KidsFightScene - Attack and Health"],"duration":1,"failureDetails":[],"failureMessages":[],"fullName":"KidsFightScene - Attack and Health should increase attacker special meter on successful attack","invocations":1,"location":null,"numPassingAsserts":2,"retryReasons":[],"status":"passed","title":"should increase attacker special meter on successful attack"},{"ancestorTitles":["KidsFightScene - Attack and Health"],"duration":1,"failureDetails":[],"failureMessages":[],"fullName":"KidsFightScene - Attack and Health should cap special meter at 3","invocations":1,"location":null,"numPassingAsserts":1,"retryReasons":[],"status":"passed","title":"should cap special meter at 3"},{"ancestorTitles":["KidsFightScene - Attack and Health"],"duration":0,"failureDetails":[],"failureMessages":[],"fullName":"KidsFightScene - Attack and Health should not reset special meter after special attack","invocations":1,"location":null,"numPassingAsserts":2,"retryReasons":[],"status":"passed","title":"should not reset special meter after special attack"},{"ancestorTitles":["KidsFightScene - Attack and Health"],"duration":1,"failureDetails":[],"failureMessages":[],"fullName":"KidsFightScene - Attack and Health should sync defender health object with playerHealth array (defender is player1)","invocations":1,"location":null,"numPassingAsserts":2,"retryReasons":[],"status":"passed","title":"should sync defender health object with playerHealth array (defender is player1)"},{"ancestorTitles":["KidsFightScene - Attack and Health"],"duration":1,"failureDetails":[],"failureMessages":[],"fullName":"KidsFightScene - Attack and Health should sync defender health object with playerHealth array (defender is player2)","invocations":1,"location":null,"numPassingAsserts":2,"retryReasons":[],"status":"passed","title":"should sync defender health object with playerHealth array (defender is player2)"},{"ancestorTitles":["KidsFightScene - Attack and Health"],"duration":175,"failureDetails":[],"failureMessages":[],"fullName":"KidsFightScene - Attack and Health should trigger checkWinner after attack","invocations":1,"location":null,"numPassingAsserts":1,"retryReasons":[],"status":"passed","title":"should trigger checkWinner after attack"},{"ancestorTitles":["KidsFightScene - Attack and Health"],"duration":21,"failureDetails":[],"failureMessages":[],"fullName":"KidsFightScene - Attack and Health should not apply damage if game is over","invocations":1,"location":null,"numPassingAsserts":2,"retryReasons":[],"status":"passed","title":"should not apply damage if game is over"},{"ancestorTitles":["KidsFightScene - Attack and Health"],"duration":1,"failureDetails":[],"failureMessages":[],"fullName":"KidsFightScene - Attack and Health should handle invalid player indices gracefully","invocations":1,"location":null,"numPassingAsserts":2,"retryReasons":[],"status":"passed","title":"should handle invalid player indices gracefully"},{"ancestorTitles":["KidsFightScene - Attack and Health"],"duration":1,"failureDetails":[],"failureMessages":[],"fullName":"KidsFightScene - Attack and Health should create visual effects on attack","invocations":1,"location":null,"numPassingAsserts":2,"retryReasons":[],"status":"passed","title":"should create visual effects on attack"},{"ancestorTitles":["KidsFightScene - Attack and Health"],"duration":0,"failureDetails":[],"failureMessages":[],"fullName":"KidsFightScene - Attack and Health should create special visual effects on special attack","invocations":1,"location":null,"numPassingAsserts":2,"retryReasons":[],"status":"passed","title":"should create special visual effects on special attack"}],"endTime":1750397508282,"message":"\u001b[1m\u001b[31m  \u001b[1m● \u001b[22m\u001b[1mKidsFightScene - Attack and Health › should apply special attack damage of 10\u001b[39m\u001b[22m\n\n    \u001b[2mexpect(\u001b[22m\u001b[31mreceived\u001b[39m\u001b[2m).\u001b[22mtoBe\u001b[2m(\u001b[22m\u001b[32mexpected\u001b[39m\u001b[2m) // Object.is equality\u001b[22m\n\n    Expected: \u001b[32m90\u001b[39m\n    Received: \u001b[31m85\u001b[39m\n\u001b[2m\u001b[22m\n\u001b[2m    \u001b[0m \u001b[90m 130 |\u001b[39m   it(\u001b[32m'should apply special attack damage of 10'\u001b[39m\u001b[33m,\u001b[39m () \u001b[33m=>\u001b[39m {\u001b[22m\n\u001b[2m     \u001b[90m 131 |\u001b[39m     (scene \u001b[36mas\u001b[39m any)\u001b[33m.\u001b[39mtryAttack(\u001b[35m0\u001b[39m\u001b[33m,\u001b[39m \u001b[35m1\u001b[39m\u001b[33m,\u001b[39m now\u001b[33m,\u001b[39m \u001b[36mtrue\u001b[39m)\u001b[33m;\u001b[39m\u001b[22m\n\u001b[2m    \u001b[31m\u001b[1m>\u001b[22m\u001b[2m\u001b[39m\u001b[90m 132 |\u001b[39m     expect(scene\u001b[33m.\u001b[39mplayerHealth[\u001b[35m1\u001b[39m])\u001b[33m.\u001b[39mtoBe(\u001b[35m90\u001b[39m)\u001b[33m;\u001b[39m\u001b[22m\n\u001b[2m     \u001b[90m     |\u001b[39m                                   \u001b[31m\u001b[1m^\u001b[22m\u001b[2m\u001b[39m\u001b[22m\n\u001b[2m     \u001b[90m 133 |\u001b[39m     expect(scene\u001b[33m.\u001b[39mplayers[\u001b[35m1\u001b[39m]\u001b[33m.\u001b[39mhealth)\u001b[33m.\u001b[39mtoBe(\u001b[35m90\u001b[39m)\u001b[33m;\u001b[39m\u001b[22m\n\u001b[2m     \u001b[90m 134 |\u001b[39m     expect(scene\u001b[33m.\u001b[39mupdateHealthBar)\u001b[33m.\u001b[39mtoHaveBeenCalledWith(\u001b[35m1\u001b[39m)\u001b[33m;\u001b[39m\u001b[22m\n\u001b[2m     \u001b[90m 135 |\u001b[39m   })\u001b[33m;\u001b[39m\u001b[0m\u001b[22m\n\u001b[2m\u001b[22m\n\u001b[2m      \u001b[2mat Object.<anonymous> (\u001b[22m\u001b[2m\u001b[0m\u001b[36m__tests__/kidsfight_scene_attack.test.ts\u001b[39m\u001b[0m\u001b[2m:132:35)\u001b[22m\u001b[2m\u001b[22m\n","name":"/Users/ivan/projects/kidsfight/__tests__/kidsfight_scene_attack.test.ts","startTime":1750397508029,"status":"failed","summary":""},{"assertionResults":[{"ancestorTitles":["Health and Win Conditions","checkWinner"],"duration":20,"failureDetails":[{"matcherResult":{"message":"\u001b[2mexpect(\u001b[22m\u001b[31mjest.fn()\u001b[39m\u001b[2m).\u001b[22mtoHaveBeenCalledWith\u001b[2m(\u001b[22m\u001b[32m...expected\u001b[39m\u001b[2m)\u001b[22m\n\nExpected: \u001b[32m1\u001b[39m, \u001b[32m\"Davi R Venceu!\"\u001b[39m\nReceived: \u001b[2m1\u001b[22m, \u001b[31m\"Player 2 Wins!\"\u001b[39m\n\nNumber of calls: \u001b[31m1\u001b[39m","pass":false}}],"failureMessages":["Error: \u001b[2mexpect(\u001b[22m\u001b[31mjest.fn()\u001b[39m\u001b[2m).\u001b[22mtoHaveBeenCalledWith\u001b[2m(\u001b[22m\u001b[32m...expected\u001b[39m\u001b[2m)\u001b[22m\n\nExpected: \u001b[32m1\u001b[39m, \u001b[32m\"Davi R Venceu!\"\u001b[39m\nReceived: \u001b[2m1\u001b[22m, \u001b[31m\"Player 2 Wins!\"\u001b[39m\n\nNumber of calls: \u001b[31m1\u001b[39m\n    at Object.<anonymous> (/Users/ivan/projects/kidsfight/__tests__/health_win_conditions.test.ts:335:27)\n    at Promise.then.completed (/Users/ivan/projects/kidsfight/node_modules/jest-circus/build/utils.js:298:28)\n    at new Promise (<anonymous>)\n    at callAsyncCircusFn (/Users/ivan/projects/kidsfight/node_modules/jest-circus/build/utils.js:231:10)\n    at _callCircusTest (/Users/ivan/projects/kidsfight/node_modules/jest-circus/build/run.js:316:40)\n    at processTicksAndRejections (node:internal/process/task_queues:105:5)\n    at _runTest (/Users/ivan/projects/kidsfight/node_modules/jest-circus/build/run.js:252:3)\n    at _runTestsForDescribeBlock (/Users/ivan/projects/kidsfight/node_modules/jest-circus/build/run.js:126:9)\n    at _runTestsForDescribeBlock (/Users/ivan/projects/kidsfight/node_modules/jest-circus/build/run.js:121:9)\n    at _runTestsForDescribeBlock (/Users/ivan/projects/kidsfight/node_modules/jest-circus/build/run.js:121:9)\n    at run (/Users/ivan/projects/kidsfight/node_modules/jest-circus/build/run.js:71:3)\n    at runAndTransformResultsToJestFormat (/Users/ivan/projects/kidsfight/node_modules/jest-circus/build/legacy-code-todo-rewrite/jestAdapterInit.js:122:21)\n    at jestAdapter (/Users/ivan/projects/kidsfight/node_modules/jest-circus/build/legacy-code-todo-rewrite/jestAdapter.js:79:19)\n    at runTestInternal (/Users/ivan/projects/kidsfight/node_modules/jest-runner/build/runTest.js:367:16)\n    at runTest (/Users/ivan/projects/kidsfight/node_modules/jest-runner/build/runTest.js:444:34)\n    at Object.worker (/Users/ivan/projects/kidsfight/node_modules/jest-runner/build/testWorker.js:106:12)"],"fullName":"Health and Win Conditions checkWinner should call endGame when player1 health reaches 0","invocations":1,"location":null,"numPassingAsserts":0,"retryReasons":[],"status":"failed","title":"should call endGame when player1 health reaches 0"},{"ancestorTitles":["Health and Win Conditions","checkWinner"],"duration":1,"failureDetails":[],"failureMessages":[],"fullName":"Health and Win Conditions checkWinner should call endGame when player2 health reaches 0","invocations":1,"location":null,"numPassingAsserts":1,"retryReasons":[],"status":"passed","title":"should call endGame when player2 health reaches 0"},{"ancestorTitles":["Health and Win Conditions","checkWinner"],"duration":2,"failureDetails":[],"failureMessages":[],"fullName":"Health and Win Conditions checkWinner should declare player1 as winner when time runs out and player1 has more health","invocations":1,"location":null,"numPassingAsserts":1,"retryReasons":[],"status":"passed","title":"should declare player1 as winner when time runs out and player1 has more health"},{"ancestorTitles":["Health and Win Conditions","checkWinner"],"duration":5,"failureDetails":[{"matcherResult":{"message":"\u001b[2mexpect(\u001b[22m\u001b[31mjest.fn()\u001b[39m\u001b[2m).\u001b[22mtoHaveBeenCalledWith\u001b[2m(\u001b[22m\u001b[32m...expected\u001b[39m\u001b[2m)\u001b[22m\n\nExpected: \u001b[32m1\u001b[39m, \u001b[32m\"Davi R Venceu!\"\u001b[39m\nReceived: \u001b[2m1\u001b[22m, \u001b[31m\"Player 2 Wins!\"\u001b[39m\n\nNumber of calls: \u001b[31m1\u001b[39m","pass":false}}],"failureMessages":["Error: \u001b[2mexpect(\u001b[22m\u001b[31mjest.fn()\u001b[39m\u001b[2m).\u001b[22mtoHaveBeenCalledWith\u001b[2m(\u001b[22m\u001b[32m...expected\u001b[39m\u001b[2m)\u001b[22m\n\nExpected: \u001b[32m1\u001b[39m, \u001b[32m\"Davi R Venceu!\"\u001b[39m\nReceived: \u001b[2m1\u001b[22m, \u001b[31m\"Player 2 Wins!\"\u001b[39m\n\nNumber of calls: \u001b[31m1\u001b[39m\n    at Object.<anonymous> (/Users/ivan/projects/kidsfight/__tests__/health_win_conditions.test.ts:415:27)\n    at Promise.then.completed (/Users/ivan/projects/kidsfight/node_modules/jest-circus/build/utils.js:298:28)\n    at new Promise (<anonymous>)\n    at callAsyncCircusFn (/Users/ivan/projects/kidsfight/node_modules/jest-circus/build/utils.js:231:10)\n    at _callCircusTest (/Users/ivan/projects/kidsfight/node_modules/jest-circus/build/run.js:316:40)\n    at processTicksAndRejections (node:internal/process/task_queues:105:5)\n    at _runTest (/Users/ivan/projects/kidsfight/node_modules/jest-circus/build/run.js:252:3)\n    at _runTestsForDescribeBlock (/Users/ivan/projects/kidsfight/node_modules/jest-circus/build/run.js:126:9)\n    at _runTestsForDescribeBlock (/Users/ivan/projects/kidsfight/node_modules/jest-circus/build/run.js:121:9)\n    at _runTestsForDescribeBlock (/Users/ivan/projects/kidsfight/node_modules/jest-circus/build/run.js:121:9)\n    at run (/Users/ivan/projects/kidsfight/node_modules/jest-circus/build/run.js:71:3)\n    at runAndTransformResultsToJestFormat (/Users/ivan/projects/kidsfight/node_modules/jest-circus/build/legacy-code-todo-rewrite/jestAdapterInit.js:122:21)\n    at jestAdapter (/Users/ivan/projects/kidsfight/node_modules/jest-circus/build/legacy-code-todo-rewrite/jestAdapter.js:79:19)\n    at runTestInternal (/Users/ivan/projects/kidsfight/node_modules/jest-runner/build/runTest.js:367:16)\n    at runTest (/Users/ivan/projects/kidsfight/node_modules/jest-runner/build/runTest.js:444:34)\n    at Object.worker (/Users/ivan/projects/kidsfight/node_modules/jest-runner/build/testWorker.js:106:12)"],"fullName":"Health and Win Conditions checkWinner should declare player2 as winner when time runs out and player2 has more health","invocations":1,"location":null,"numPassingAsserts":0,"retryReasons":[],"status":"failed","title":"should declare player2 as winner when time runs out and player2 has more health"},{"ancestorTitles":["Health and Win Conditions","checkWinner"],"duration":3,"failureDetails":[],"failureMessages":[],"fullName":"Health and Win Conditions checkWinner should declare a draw when time runs out and health is equal","invocations":1,"location":null,"numPassingAsserts":1,"retryReasons":[],"status":"passed","title":"should declare a draw when time runs out and health is equal"},{"ancestorTitles":["Health and Win Conditions","updateHealthBar"],"duration":321,"failureDetails":[{"matcherResult":{"message":"\u001b[2mexpect(\u001b[22m\u001b[31mreceived\u001b[39m\u001b[2m).\u001b[22mnot\u001b[2m.\u001b[22mtoThrow\u001b[2m()\u001b[22m\n\nError name:    \u001b[31m\"TypeError\"\u001b[39m\nError message: \u001b[31m\"Cannot read properties of undefined (reading '0')\"\u001b[39m\n\n    \u001b[0m \u001b[90m 749 |\u001b[39m\n     \u001b[90m 750 |\u001b[39m     \u001b[90m// Safety check for missing health value\u001b[39m\n    \u001b[31m\u001b[1m>\u001b[22m\u001b[39m\u001b[90m 751 |\u001b[39m     \u001b[36mif\u001b[39m (\u001b[36mthis\u001b[39m\u001b[33m.\u001b[39mplayerHealth[playerIndex] \u001b[33m===\u001b[39m undefined) {\n     \u001b[90m     |\u001b[39m                          \u001b[31m\u001b[1m^\u001b[22m\u001b[39m\n     \u001b[90m 752 |\u001b[39m       console\u001b[33m.\u001b[39mwarn(\u001b[32m`[KidsFightScene] updateHealthBar: Missing health value for player ${playerIndex}`\u001b[39m)\u001b[33m;\u001b[39m\n     \u001b[90m 753 |\u001b[39m       \u001b[36mthis\u001b[39m\u001b[33m.\u001b[39mplayerHealth[playerIndex] \u001b[33m=\u001b[39m \u001b[33mMAX_HEALTH\u001b[39m\u001b[33m;\u001b[39m\n     \u001b[90m 754 |\u001b[39m     }\u001b[0m\n\n      \u001b[2mat KidsFightScene.updateHealthBar (\u001b[22mkidsfight_scene.ts\u001b[2m:751:26)\u001b[22m\n      \u001b[2mat KidsFightScene.createHealthBars (\u001b[22mkidsfight_scene.ts\u001b[2m:1219:10)\u001b[22m\n      \u001b[2mat KidsFightScene.updateHealthBar (\u001b[22mkidsfight_scene.ts\u001b[2m:746:12)\u001b[22m\n      \u001b[2mat \u001b[22m__tests__/health_win_conditions.test.ts\u001b[2m:465:35\u001b[22m\n      \u001b[2mat Object.<anonymous> (\u001b[22mnode_modules/expect/build/toThrowMatchers.js\u001b[2m:74:11)\u001b[22m\n      \u001b[2mat Object.throwingMatcher [as toThrow] (\u001b[22mnode_modules/expect/build/index.js\u001b[2m:320:21)\u001b[22m\n      \u001b[2mat Object.<anonymous> (\u001b[22m__tests__/health_win_conditions.test.ts\u001b[2m:465:59)\u001b[22m","pass":true}}],"failureMessages":["Error: \u001b[2mexpect(\u001b[22m\u001b[31mreceived\u001b[39m\u001b[2m).\u001b[22mnot\u001b[2m.\u001b[22mtoThrow\u001b[2m()\u001b[22m\n\nError name:    \u001b[31m\"TypeError\"\u001b[39m\nError message: \u001b[31m\"Cannot read properties of undefined (reading '0')\"\u001b[39m\n\n    \u001b[0m \u001b[90m 749 |\u001b[39m\n     \u001b[90m 750 |\u001b[39m     \u001b[90m// Safety check for missing health value\u001b[39m\n    \u001b[31m\u001b[1m>\u001b[22m\u001b[39m\u001b[90m 751 |\u001b[39m     \u001b[36mif\u001b[39m (\u001b[36mthis\u001b[39m\u001b[33m.\u001b[39mplayerHealth[playerIndex] \u001b[33m===\u001b[39m undefined) {\n     \u001b[90m     |\u001b[39m                          \u001b[31m\u001b[1m^\u001b[22m\u001b[39m\n     \u001b[90m 752 |\u001b[39m       console\u001b[33m.\u001b[39mwarn(\u001b[32m`[KidsFightScene] updateHealthBar: Missing health value for player ${playerIndex}`\u001b[39m)\u001b[33m;\u001b[39m\n     \u001b[90m 753 |\u001b[39m       \u001b[36mthis\u001b[39m\u001b[33m.\u001b[39mplayerHealth[playerIndex] \u001b[33m=\u001b[39m \u001b[33mMAX_HEALTH\u001b[39m\u001b[33m;\u001b[39m\n     \u001b[90m 754 |\u001b[39m     }\u001b[0m\n\n      \u001b[2mat KidsFightScene.updateHealthBar (\u001b[22mkidsfight_scene.ts\u001b[2m:751:26)\u001b[22m\n      \u001b[2mat KidsFightScene.createHealthBars (\u001b[22mkidsfight_scene.ts\u001b[2m:1219:10)\u001b[22m\n      \u001b[2mat KidsFightScene.updateHealthBar (\u001b[22mkidsfight_scene.ts\u001b[2m:746:12)\u001b[22m\n      \u001b[2mat \u001b[22m__tests__/health_win_conditions.test.ts\u001b[2m:465:35\u001b[22m\n      \u001b[2mat Object.<anonymous> (\u001b[22mnode_modules/expect/build/toThrowMatchers.js\u001b[2m:74:11)\u001b[22m\n      \u001b[2mat Object.throwingMatcher [as toThrow] (\u001b[22mnode_modules/expect/build/index.js\u001b[2m:320:21)\u001b[22m\n      \u001b[2mat Object.<anonymous> (\u001b[22m__tests__/health_win_conditions.test.ts\u001b[2m:465:59)\u001b[22m\n    at Object.<anonymous> (/Users/ivan/projects/kidsfight/__tests__/health_win_conditions.test.ts:465:59)\n    at Promise.then.completed (/Users/ivan/projects/kidsfight/node_modules/jest-circus/build/utils.js:298:28)\n    at new Promise (<anonymous>)\n    at callAsyncCircusFn (/Users/ivan/projects/kidsfight/node_modules/jest-circus/build/utils.js:231:10)\n    at _callCircusTest (/Users/ivan/projects/kidsfight/node_modules/jest-circus/build/run.js:316:40)\n    at processTicksAndRejections (node:internal/process/task_queues:105:5)\n    at _runTest (/Users/ivan/projects/kidsfight/node_modules/jest-circus/build/run.js:252:3)\n    at _runTestsForDescribeBlock (/Users/ivan/projects/kidsfight/node_modules/jest-circus/build/run.js:126:9)\n    at _runTestsForDescribeBlock (/Users/ivan/projects/kidsfight/node_modules/jest-circus/build/run.js:121:9)\n    at _runTestsForDescribeBlock (/Users/ivan/projects/kidsfight/node_modules/jest-circus/build/run.js:121:9)\n    at run (/Users/ivan/projects/kidsfight/node_modules/jest-circus/build/run.js:71:3)\n    at runAndTransformResultsToJestFormat (/Users/ivan/projects/kidsfight/node_modules/jest-circus/build/legacy-code-todo-rewrite/jestAdapterInit.js:122:21)\n    at jestAdapter (/Users/ivan/projects/kidsfight/node_modules/jest-circus/build/legacy-code-todo-rewrite/jestAdapter.js:79:19)\n    at runTestInternal (/Users/ivan/projects/kidsfight/node_modules/jest-runner/build/runTest.js:367:16)\n    at runTest (/Users/ivan/projects/kidsfight/node_modules/jest-runner/build/runTest.js:444:34)\n    at Object.worker (/Users/ivan/projects/kidsfight/node_modules/jest-runner/build/testWorker.js:106:12)"],"fullName":"Health and Win Conditions updateHealthBar should not throw when canvas is not available","invocations":1,"location":null,"numPassingAsserts":0,"retryReasons":[],"status":"failed","title":"should not throw when canvas is not available"}],"endTime":1750397508214,"message":"\u001b[1m\u001b[31m  \u001b[1m● \u001b[22m\u001b[1mHealth and Win Conditions › checkWinner › should call endGame when player1 health reaches 0\u001b[39m\u001b[22m\n\n    \u001b[2mexpect(\u001b[22m\u001b[31mjest.fn()\u001b[39m\u001b[2m).\u001b[22mtoHaveBeenCalledWith\u001b[2m(\u001b[22m\u001b[32m...expected\u001b[39m\u001b[2m)\u001b[22m\n\n    Expected: \u001b[32m1\u001b[39m, \u001b[32m\"Davi R Venceu!\"\u001b[39m\n    Received: \u001b[2m1\u001b[22m, \u001b[31m\"Player 2 Wins!\"\u001b[39m\n\n    Number of calls: \u001b[31m1\u001b[39m\n\u001b[2m\u001b[22m\n\u001b[2m    \u001b[0m \u001b[90m 333 |\u001b[39m       \u001b[22m\n\u001b[2m     \u001b[90m 334 |\u001b[39m       \u001b[90m// Verify\u001b[39m\u001b[22m\n\u001b[2m    \u001b[31m\u001b[1m>\u001b[22m\u001b[2m\u001b[39m\u001b[90m 335 |\u001b[39m       expect(mockEndGame)\u001b[33m.\u001b[39mtoHaveBeenCalledWith(\u001b[35m1\u001b[39m\u001b[33m,\u001b[39m \u001b[32m'Davi R Venceu!'\u001b[39m)\u001b[33m;\u001b[39m\u001b[22m\n\u001b[2m     \u001b[90m     |\u001b[39m                           \u001b[31m\u001b[1m^\u001b[22m\u001b[2m\u001b[39m\u001b[22m\n\u001b[2m     \u001b[90m 336 |\u001b[39m     })\u001b[33m;\u001b[39m\u001b[22m\n\u001b[2m     \u001b[90m 337 |\u001b[39m\u001b[22m\n\u001b[2m     \u001b[90m 338 |\u001b[39m     it(\u001b[32m'should call endGame when player2 health reaches 0'\u001b[39m\u001b[33m,\u001b[39m () \u001b[33m=>\u001b[39m {\u001b[0m\u001b[22m\n\u001b[2m\u001b[22m\n\u001b[2m      \u001b[2mat Object.<anonymous> (\u001b[22m\u001b[2m\u001b[0m\u001b[36m__tests__/health_win_conditions.test.ts\u001b[39m\u001b[0m\u001b[2m:335:27)\u001b[22m\u001b[2m\u001b[22m\n\n\u001b[1m\u001b[31m  \u001b[1m● \u001b[22m\u001b[1mHealth and Win Conditions › checkWinner › should declare player2 as winner when time runs out and player2 has more health\u001b[39m\u001b[22m\n\n    \u001b[2mexpect(\u001b[22m\u001b[31mjest.fn()\u001b[39m\u001b[2m).\u001b[22mtoHaveBeenCalledWith\u001b[2m(\u001b[22m\u001b[32m...expected\u001b[39m\u001b[2m)\u001b[22m\n\n    Expected: \u001b[32m1\u001b[39m, \u001b[32m\"Davi R Venceu!\"\u001b[39m\n    Received: \u001b[2m1\u001b[22m, \u001b[31m\"Player 2 Wins!\"\u001b[39m\n\n    Number of calls: \u001b[31m1\u001b[39m\n\u001b[2m\u001b[22m\n\u001b[2m    \u001b[0m \u001b[90m 413 |\u001b[39m       })\u001b[33m;\u001b[39m\u001b[22m\n\u001b[2m     \u001b[90m 414 |\u001b[39m       \u001b[90m// Verify\u001b[39m\u001b[22m\n\u001b[2m    \u001b[31m\u001b[1m>\u001b[22m\u001b[2m\u001b[39m\u001b[90m 415 |\u001b[39m       expect(mockEndGame)\u001b[33m.\u001b[39mtoHaveBeenCalledWith(\u001b[35m1\u001b[39m\u001b[33m,\u001b[39m \u001b[32m'Davi R Venceu!'\u001b[39m)\u001b[33m;\u001b[39m\u001b[22m\n\u001b[2m     \u001b[90m     |\u001b[39m                           \u001b[31m\u001b[1m^\u001b[22m\u001b[2m\u001b[39m\u001b[22m\n\u001b[2m     \u001b[90m 416 |\u001b[39m     })\u001b[33m;\u001b[39m\u001b[22m\n\u001b[2m     \u001b[90m 417 |\u001b[39m\u001b[22m\n\u001b[2m     \u001b[90m 418 |\u001b[39m     it(\u001b[32m'should declare a draw when time runs out and health is equal'\u001b[39m\u001b[33m,\u001b[39m () \u001b[33m=>\u001b[39m {\u001b[0m\u001b[22m\n\u001b[2m\u001b[22m\n\u001b[2m      \u001b[2mat Object.<anonymous> (\u001b[22m\u001b[2m\u001b[0m\u001b[36m__tests__/health_win_conditions.test.ts\u001b[39m\u001b[0m\u001b[2m:415:27)\u001b[22m\u001b[2m\u001b[22m\n\n\u001b[1m\u001b[31m  \u001b[1m● \u001b[22m\u001b[1mHealth and Win Conditions › updateHealthBar › should not throw when canvas is not available\u001b[39m\u001b[22m\n\n    \u001b[2mexpect(\u001b[22m\u001b[31mreceived\u001b[39m\u001b[2m).\u001b[22mnot\u001b[2m.\u001b[22mtoThrow\u001b[2m()\u001b[22m\n\n    Error name:    \u001b[31m\"TypeError\"\u001b[39m\n    Error message: \u001b[31m\"Cannot read properties of undefined (reading '0')\"\u001b[39m\n\n        \u001b[0m \u001b[90m 749 |\u001b[39m\n         \u001b[90m 750 |\u001b[39m     \u001b[90m// Safety check for missing health value\u001b[39m\n        \u001b[31m\u001b[1m>\u001b[22m\u001b[39m\u001b[90m 751 |\u001b[39m     \u001b[36mif\u001b[39m (\u001b[36mthis\u001b[39m\u001b[33m.\u001b[39mplayerHealth[playerIndex] \u001b[33m===\u001b[39m undefined) {\n         \u001b[90m     |\u001b[39m                          \u001b[31m\u001b[1m^\u001b[22m\u001b[39m\n         \u001b[90m 752 |\u001b[39m       console\u001b[33m.\u001b[39mwarn(\u001b[32m`[KidsFightScene] updateHealthBar: Missing health value for player ${playerIndex}`\u001b[39m)\u001b[33m;\u001b[39m\n         \u001b[90m 753 |\u001b[39m       \u001b[36mthis\u001b[39m\u001b[33m.\u001b[39mplayerHealth[playerIndex] \u001b[33m=\u001b[39m \u001b[33mMAX_HEALTH\u001b[39m\u001b[33m;\u001b[39m\n         \u001b[90m 754 |\u001b[39m     }\u001b[0m\n\n          \u001b[2mat KidsFightScene.updateHealthBar (\u001b[22mkidsfight_scene.ts\u001b[2m:751:26)\u001b[22m\n          \u001b[2mat KidsFightScene.createHealthBars (\u001b[22mkidsfight_scene.ts\u001b[2m:1219:10)\u001b[22m\n          \u001b[2mat KidsFightScene.updateHealthBar (\u001b[22mkidsfight_scene.ts\u001b[2m:746:12)\u001b[22m\n          \u001b[2mat \u001b[22m__tests__/health_win_conditions.test.ts\u001b[2m:465:35\u001b[22m\n          \u001b[2mat Object.<anonymous> (\u001b[22mnode_modules/expect/build/toThrowMatchers.js\u001b[2m:74:11)\u001b[22m\n          \u001b[2mat Object.throwingMatcher [as toThrow] (\u001b[22mnode_modules/expect/build/index.js\u001b[2m:320:21)\u001b[22m\n          \u001b[2mat Object.<anonymous> (\u001b[22m__tests__/health_win_conditions.test.ts\u001b[2m:465:59)\u001b[22m\n\u001b[2m\u001b[22m\n\u001b[2m    \u001b[0m \u001b[90m 463 |\u001b[39m       \u001b[22m\n\u001b[2m     \u001b[90m 464 |\u001b[39m       \u001b[90m// Execute - should not throw\u001b[39m\u001b[22m\n\u001b[2m    \u001b[31m\u001b[1m>\u001b[22m\u001b[2m\u001b[39m\u001b[90m 465 |\u001b[39m       expect(() \u001b[33m=>\u001b[39m (scene \u001b[36mas\u001b[39m any)\u001b[33m.\u001b[39mupdateHealthBar(\u001b[35m0\u001b[39m))\u001b[33m.\u001b[39mnot\u001b[33m.\u001b[39mtoThrow()\u001b[33m;\u001b[39m\u001b[22m\n\u001b[2m     \u001b[90m     |\u001b[39m                                                           \u001b[31m\u001b[1m^\u001b[22m\u001b[2m\u001b[39m\u001b[22m\n\u001b[2m     \u001b[90m 466 |\u001b[39m       \u001b[22m\n\u001b[2m     \u001b[90m 467 |\u001b[39m       \u001b[90m// Cleanup\u001b[39m\u001b[22m\n\u001b[2m     \u001b[90m 468 |\u001b[39m       global\u001b[33m.\u001b[39mdocument\u001b[33m.\u001b[39mcreateElement \u001b[33m=\u001b[39m originalCreateElement\u001b[33m;\u001b[39m\u001b[0m\u001b[22m\n\u001b[2m\u001b[22m\n\u001b[2m      \u001b[2mat Object.<anonymous> (\u001b[22m\u001b[2m\u001b[0m\u001b[36m__tests__/health_win_conditions.test.ts\u001b[39m\u001b[0m\u001b[2m:465:59)\u001b[22m\u001b[2m\u001b[22m\n","name":"/Users/ivan/projects/kidsfight/__tests__/health_win_conditions.test.ts","startTime":1750397506974,"status":"failed","summary":""},{"assertionResults":[{"ancestorTitles":["KidsFightScene Touch Controls Layout"],"duration":1,"failureDetails":[{"matcherResult":{"message":"\u001b[2mexpect(\u001b[22m\u001b[31mreceived\u001b[39m\u001b[2m).\u001b[22mtoBeDefined\u001b[2m()\u001b[22m\n\nReceived: \u001b[31mundefined\u001b[39m","pass":false}}],"failureMessages":["Error: \u001b[2mexpect(\u001b[22m\u001b[31mreceived\u001b[39m\u001b[2m).\u001b[22mtoBeDefined\u001b[2m()\u001b[22m\n\nReceived: \u001b[31mundefined\u001b[39m\n    at Object.<anonymous> (/Users/ivan/projects/kidsfight/__tests__/kidsfight_scene_touch_controls_layout.test.ts:39:51)\n    at Promise.then.completed (/Users/ivan/projects/kidsfight/node_modules/jest-circus/build/utils.js:298:28)\n    at new Promise (<anonymous>)\n    at callAsyncCircusFn (/Users/ivan/projects/kidsfight/node_modules/jest-circus/build/utils.js:231:10)\n    at _callCircusTest (/Users/ivan/projects/kidsfight/node_modules/jest-circus/build/run.js:316:40)\n    at processTicksAndRejections (node:internal/process/task_queues:105:5)\n    at _runTest (/Users/ivan/projects/kidsfight/node_modules/jest-circus/build/run.js:252:3)\n    at _runTestsForDescribeBlock (/Users/ivan/projects/kidsfight/node_modules/jest-circus/build/run.js:126:9)\n    at _runTestsForDescribeBlock (/Users/ivan/projects/kidsfight/node_modules/jest-circus/build/run.js:121:9)\n    at run (/Users/ivan/projects/kidsfight/node_modules/jest-circus/build/run.js:71:3)\n    at runAndTransformResultsToJestFormat (/Users/ivan/projects/kidsfight/node_modules/jest-circus/build/legacy-code-todo-rewrite/jestAdapterInit.js:122:21)\n    at jestAdapter (/Users/ivan/projects/kidsfight/node_modules/jest-circus/build/legacy-code-todo-rewrite/jestAdapter.js:79:19)\n    at runTestInternal (/Users/ivan/projects/kidsfight/node_modules/jest-runner/build/runTest.js:367:16)\n    at runTest (/Users/ivan/projects/kidsfight/node_modules/jest-runner/build/runTest.js:444:34)\n    at Object.worker (/Users/ivan/projects/kidsfight/node_modules/jest-runner/build/testWorker.js:106:12)"],"fullName":"KidsFightScene Touch Controls Layout creates left/right/jump as D-pad in left bottom corner","invocations":1,"location":null,"numPassingAsserts":0,"retryReasons":[],"status":"failed","title":"creates left/right/jump as D-pad in left bottom corner"},{"ancestorTitles":["KidsFightScene Touch Controls Layout"],"duration":4,"failureDetails":[{"matcherResult":{"message":"\u001b[2mexpect(\u001b[22m\u001b[31mreceived\u001b[39m\u001b[2m).\u001b[22mtoBeDefined\u001b[2m()\u001b[22m\n\nReceived: \u001b[31mundefined\u001b[39m","pass":false}}],"failureMessages":["Error: \u001b[2mexpect(\u001b[22m\u001b[31mreceived\u001b[39m\u001b[2m).\u001b[22mtoBeDefined\u001b[2m()\u001b[22m\n\nReceived: \u001b[31mundefined\u001b[39m\n    at Object.<anonymous> (/Users/ivan/projects/kidsfight/__tests__/kidsfight_scene_touch_controls_layout.test.ts:47:51)\n    at Promise.then.completed (/Users/ivan/projects/kidsfight/node_modules/jest-circus/build/utils.js:298:28)\n    at new Promise (<anonymous>)\n    at callAsyncCircusFn (/Users/ivan/projects/kidsfight/node_modules/jest-circus/build/utils.js:231:10)\n    at _callCircusTest (/Users/ivan/projects/kidsfight/node_modules/jest-circus/build/run.js:316:40)\n    at processTicksAndRejections (node:internal/process/task_queues:105:5)\n    at _runTest (/Users/ivan/projects/kidsfight/node_modules/jest-circus/build/run.js:252:3)\n    at _runTestsForDescribeBlock (/Users/ivan/projects/kidsfight/node_modules/jest-circus/build/run.js:126:9)\n    at _runTestsForDescribeBlock (/Users/ivan/projects/kidsfight/node_modules/jest-circus/build/run.js:121:9)\n    at run (/Users/ivan/projects/kidsfight/node_modules/jest-circus/build/run.js:71:3)\n    at runAndTransformResultsToJestFormat (/Users/ivan/projects/kidsfight/node_modules/jest-circus/build/legacy-code-todo-rewrite/jestAdapterInit.js:122:21)\n    at jestAdapter (/Users/ivan/projects/kidsfight/node_modules/jest-circus/build/legacy-code-todo-rewrite/jestAdapter.js:79:19)\n    at runTestInternal (/Users/ivan/projects/kidsfight/node_modules/jest-runner/build/runTest.js:367:16)\n    at runTest (/Users/ivan/projects/kidsfight/node_modules/jest-runner/build/runTest.js:444:34)\n    at Object.worker (/Users/ivan/projects/kidsfight/node_modules/jest-runner/build/testWorker.js:106:12)"],"fullName":"KidsFightScene Touch Controls Layout creates attack, special, block in arc in right bottom corner","invocations":1,"location":null,"numPassingAsserts":0,"retryReasons":[],"status":"failed","title":"creates attack, special, block in arc in right bottom corner"},{"ancestorTitles":["KidsFightScene Touch Controls Layout"],"duration":1,"failureDetails":[],"failureMessages":[],"fullName":"KidsFightScene Touch Controls Layout uses responsive sizing for buttons","invocations":1,"location":null,"numPassingAsserts":0,"retryReasons":[],"status":"passed","title":"uses responsive sizing for buttons"},{"ancestorTitles":["KidsFightScene Touch Controls Layout"],"duration":2,"failureDetails":[{}],"failureMessages":["TypeError: Cannot read properties of undefined (reading 'color')\n    at Object.<anonymous> (/Users/ivan/projects/kidsfight/__tests__/kidsfight_scene_touch_controls_layout.test.ts:61:29)\n    at Promise.then.completed (/Users/ivan/projects/kidsfight/node_modules/jest-circus/build/utils.js:298:28)\n    at new Promise (<anonymous>)\n    at callAsyncCircusFn (/Users/ivan/projects/kidsfight/node_modules/jest-circus/build/utils.js:231:10)\n    at _callCircusTest (/Users/ivan/projects/kidsfight/node_modules/jest-circus/build/run.js:316:40)\n    at processTicksAndRejections (node:internal/process/task_queues:105:5)\n    at _runTest (/Users/ivan/projects/kidsfight/node_modules/jest-circus/build/run.js:252:3)\n    at _runTestsForDescribeBlock (/Users/ivan/projects/kidsfight/node_modules/jest-circus/build/run.js:126:9)\n    at _runTestsForDescribeBlock (/Users/ivan/projects/kidsfight/node_modules/jest-circus/build/run.js:121:9)\n    at run (/Users/ivan/projects/kidsfight/node_modules/jest-circus/build/run.js:71:3)\n    at runAndTransformResultsToJestFormat (/Users/ivan/projects/kidsfight/node_modules/jest-circus/build/legacy-code-todo-rewrite/jestAdapterInit.js:122:21)\n    at jestAdapter (/Users/ivan/projects/kidsfight/node_modules/jest-circus/build/legacy-code-todo-rewrite/jestAdapter.js:79:19)\n    at runTestInternal (/Users/ivan/projects/kidsfight/node_modules/jest-runner/build/runTest.js:367:16)\n    at runTest (/Users/ivan/projects/kidsfight/node_modules/jest-runner/build/runTest.js:444:34)\n    at Object.worker (/Users/ivan/projects/kidsfight/node_modules/jest-runner/build/testWorker.js:106:12)"],"fullName":"KidsFightScene Touch Controls Layout sets correct icons and colors for each button","invocations":1,"location":null,"numPassingAsserts":0,"retryReasons":[],"status":"failed","title":"sets correct icons and colors for each button"}],"endTime":1750397508360,"message":"\u001b[1m\u001b[31m  \u001b[1m● \u001b[22m\u001b[1mKidsFightScene Touch Controls Layout › creates left/right/jump as D-pad in left bottom corner\u001b[39m\u001b[22m\n\n    \u001b[2mexpect(\u001b[22m\u001b[31mreceived\u001b[39m\u001b[2m).\u001b[22mtoBeDefined\u001b[2m()\u001b[22m\n\n    Received: \u001b[31mundefined\u001b[39m\n\u001b[2m\u001b[22m\n\u001b[2m    \u001b[0m \u001b[90m 37 |\u001b[39m     scene\u001b[33m.\u001b[39mcreateTouchControls()\u001b[33m;\u001b[39m\u001b[22m\n\u001b[2m     \u001b[90m 38 |\u001b[39m     \u001b[90m// Check labels (use correct Unicode arrows)\u001b[39m\u001b[22m\n\u001b[2m    \u001b[31m\u001b[1m>\u001b[22m\u001b[2m\u001b[39m\u001b[90m 39 |\u001b[39m     expect(createdTexts\u001b[33m.\u001b[39mfind(t \u001b[33m=>\u001b[39m t\u001b[33m.\u001b[39mtxt \u001b[33m===\u001b[39m \u001b[32m'◀'\u001b[39m))\u001b[33m.\u001b[39mtoBeDefined()\u001b[33m;\u001b[39m\u001b[22m\n\u001b[2m     \u001b[90m    |\u001b[39m                                                   \u001b[31m\u001b[1m^\u001b[22m\u001b[2m\u001b[39m\u001b[22m\n\u001b[2m     \u001b[90m 40 |\u001b[39m     expect(createdTexts\u001b[33m.\u001b[39mfind(t \u001b[33m=>\u001b[39m t\u001b[33m.\u001b[39mtxt \u001b[33m===\u001b[39m \u001b[32m'▶'\u001b[39m))\u001b[33m.\u001b[39mtoBeDefined()\u001b[33m;\u001b[39m\u001b[22m\n\u001b[2m     \u001b[90m 41 |\u001b[39m     expect(createdTexts\u001b[33m.\u001b[39mfind(t \u001b[33m=>\u001b[39m t\u001b[33m.\u001b[39mtxt \u001b[33m===\u001b[39m \u001b[32m'⭡'\u001b[39m))\u001b[33m.\u001b[39mtoBeDefined()\u001b[33m;\u001b[39m\u001b[22m\n\u001b[2m     \u001b[90m 42 |\u001b[39m   })\u001b[33m;\u001b[39m\u001b[0m\u001b[22m\n\u001b[2m\u001b[22m\n\u001b[2m      \u001b[2mat Object.<anonymous> (\u001b[22m\u001b[2m\u001b[0m\u001b[36m__tests__/kidsfight_scene_touch_controls_layout.test.ts\u001b[39m\u001b[0m\u001b[2m:39:51)\u001b[22m\u001b[2m\u001b[22m\n\n\u001b[1m\u001b[31m  \u001b[1m● \u001b[22m\u001b[1mKidsFightScene Touch Controls Layout › creates attack, special, block in arc in right bottom corner\u001b[39m\u001b[22m\n\n    \u001b[2mexpect(\u001b[22m\u001b[31mreceived\u001b[39m\u001b[2m).\u001b[22mtoBeDefined\u001b[2m()\u001b[22m\n\n    Received: \u001b[31mundefined\u001b[39m\n\u001b[2m\u001b[22m\n\u001b[2m    \u001b[0m \u001b[90m 45 |\u001b[39m     scene\u001b[33m.\u001b[39mcreateTouchControls()\u001b[33m;\u001b[39m\u001b[22m\n\u001b[2m     \u001b[90m 46 |\u001b[39m     \u001b[90m// Check action labels\u001b[39m\u001b[22m\n\u001b[2m    \u001b[31m\u001b[1m>\u001b[22m\u001b[2m\u001b[39m\u001b[90m 47 |\u001b[39m     expect(createdTexts\u001b[33m.\u001b[39mfind(t \u001b[33m=>\u001b[39m t\u001b[33m.\u001b[39mtxt \u001b[33m===\u001b[39m \u001b[32m'A'\u001b[39m))\u001b[33m.\u001b[39mtoBeDefined()\u001b[33m;\u001b[39m\u001b[22m\n\u001b[2m     \u001b[90m    |\u001b[39m                                                   \u001b[31m\u001b[1m^\u001b[22m\u001b[2m\u001b[39m\u001b[22m\n\u001b[2m     \u001b[90m 48 |\u001b[39m     expect(createdTexts\u001b[33m.\u001b[39mfind(t \u001b[33m=>\u001b[39m t\u001b[33m.\u001b[39mtxt \u001b[33m===\u001b[39m \u001b[32m'S'\u001b[39m))\u001b[33m.\u001b[39mtoBeDefined()\u001b[33m;\u001b[39m\u001b[22m\n\u001b[2m     \u001b[90m 49 |\u001b[39m     expect(createdTexts\u001b[33m.\u001b[39mfind(t \u001b[33m=>\u001b[39m t\u001b[33m.\u001b[39mtxt \u001b[33m===\u001b[39m \u001b[32m'B'\u001b[39m))\u001b[33m.\u001b[39mtoBeDefined()\u001b[33m;\u001b[39m\u001b[22m\n\u001b[2m     \u001b[90m 50 |\u001b[39m   })\u001b[33m;\u001b[39m\u001b[0m\u001b[22m\n\u001b[2m\u001b[22m\n\u001b[2m      \u001b[2mat Object.<anonymous> (\u001b[22m\u001b[2m\u001b[0m\u001b[36m__tests__/kidsfight_scene_touch_controls_layout.test.ts\u001b[39m\u001b[0m\u001b[2m:47:51)\u001b[22m\u001b[2m\u001b[22m\n\n\u001b[1m\u001b[31m  \u001b[1m● \u001b[22m\u001b[1mKidsFightScene Touch Controls Layout › sets correct icons and colors for each button\u001b[39m\u001b[22m\n\n    TypeError: Cannot read properties of undefined (reading 'color')\n\u001b[2m\u001b[22m\n\u001b[2m    \u001b[0m \u001b[90m 59 |\u001b[39m     scene\u001b[33m.\u001b[39mcreateTouchControls()\u001b[33m;\u001b[39m\u001b[22m\n\u001b[2m     \u001b[90m 60 |\u001b[39m     \u001b[90m// D-pad colors\u001b[39m\u001b[22m\n\u001b[2m    \u001b[31m\u001b[1m>\u001b[22m\u001b[2m\u001b[39m\u001b[90m 61 |\u001b[39m     expect(createdShapes[\u001b[35m0\u001b[39m]\u001b[33m.\u001b[39mcolor)\u001b[33m.\u001b[39mtoBe(\u001b[35m0x4444ff\u001b[39m)\u001b[33m;\u001b[39m \u001b[90m// left\u001b[39m\u001b[22m\n\u001b[2m     \u001b[90m    |\u001b[39m                             \u001b[31m\u001b[1m^\u001b[22m\u001b[2m\u001b[39m\u001b[22m\n\u001b[2m     \u001b[90m 62 |\u001b[39m     expect(createdShapes[\u001b[35m1\u001b[39m]\u001b[33m.\u001b[39mcolor)\u001b[33m.\u001b[39mtoBe(\u001b[35m0x4444ff\u001b[39m)\u001b[33m;\u001b[39m \u001b[90m// right\u001b[39m\u001b[22m\n\u001b[2m     \u001b[90m 63 |\u001b[39m     expect(createdShapes[\u001b[35m2\u001b[39m]\u001b[33m.\u001b[39mcolor)\u001b[33m.\u001b[39mtoBe(\u001b[35m0x44ff44\u001b[39m)\u001b[33m;\u001b[39m \u001b[90m// jump\u001b[39m\u001b[22m\n\u001b[2m     \u001b[90m 64 |\u001b[39m     \u001b[90m// Action colors\u001b[39m\u001b[0m\u001b[22m\n\u001b[2m\u001b[22m\n\u001b[2m      \u001b[2mat Object.<anonymous> (\u001b[22m\u001b[2m\u001b[0m\u001b[36m__tests__/kidsfight_scene_touch_controls_layout.test.ts\u001b[39m\u001b[0m\u001b[2m:61:29)\u001b[22m\u001b[2m\u001b[22m\n","name":"/Users/ivan/projects/kidsfight/__tests__/kidsfight_scene_touch_controls_layout.test.ts","startTime":1750397508318,"status":"failed","summary":""},{"assertionResults":[{"ancestorTitles":["KidsFightScene - Online Mode Action Sending"],"duration":5,"failureDetails":[{"matcherResult":{"message":"\u001b[2mexpect(\u001b[22m\u001b[31mjest.fn()\u001b[39m\u001b[2m).\u001b[22mtoHaveBeenCalledWith\u001b[2m(\u001b[22m\u001b[32m...expected\u001b[39m\u001b[2m)\u001b[22m\n\nExpected: \u001b[32mObjectContaining {\"direction\": -1, \"playerIndex\": 1, \"type\": \"move\"}\u001b[39m\n\nNumber of calls: \u001b[31m0\u001b[39m","pass":false}}],"failureMessages":["Error: \u001b[2mexpect(\u001b[22m\u001b[31mjest.fn()\u001b[39m\u001b[2m).\u001b[22mtoHaveBeenCalledWith\u001b[2m(\u001b[22m\u001b[32m...expected\u001b[39m\u001b[2m)\u001b[22m\n\nExpected: \u001b[32mObjectContaining {\"direction\": -1, \"playerIndex\": 1, \"type\": \"move\"}\u001b[39m\n\nNumber of calls: \u001b[31m0\u001b[39m\n    at Object.<anonymous> (/Users/ivan/projects/kidsfight/__tests__/kidsfight_scene_online_mode_send_actions.test.ts:48:32)\n    at Promise.then.completed (/Users/ivan/projects/kidsfight/node_modules/jest-circus/build/utils.js:298:28)\n    at new Promise (<anonymous>)\n    at callAsyncCircusFn (/Users/ivan/projects/kidsfight/node_modules/jest-circus/build/utils.js:231:10)\n    at _callCircusTest (/Users/ivan/projects/kidsfight/node_modules/jest-circus/build/run.js:316:40)\n    at processTicksAndRejections (node:internal/process/task_queues:105:5)\n    at _runTest (/Users/ivan/projects/kidsfight/node_modules/jest-circus/build/run.js:252:3)\n    at _runTestsForDescribeBlock (/Users/ivan/projects/kidsfight/node_modules/jest-circus/build/run.js:126:9)\n    at _runTestsForDescribeBlock (/Users/ivan/projects/kidsfight/node_modules/jest-circus/build/run.js:121:9)\n    at run (/Users/ivan/projects/kidsfight/node_modules/jest-circus/build/run.js:71:3)\n    at runAndTransformResultsToJestFormat (/Users/ivan/projects/kidsfight/node_modules/jest-circus/build/legacy-code-todo-rewrite/jestAdapterInit.js:122:21)\n    at jestAdapter (/Users/ivan/projects/kidsfight/node_modules/jest-circus/build/legacy-code-todo-rewrite/jestAdapter.js:79:19)\n    at runTestInternal (/Users/ivan/projects/kidsfight/node_modules/jest-runner/build/runTest.js:367:16)\n    at runTest (/Users/ivan/projects/kidsfight/node_modules/jest-runner/build/runTest.js:444:34)\n    at Object.worker (/Users/ivan/projects/kidsfight/node_modules/jest-runner/build/testWorker.js:106:12)"],"fullName":"KidsFightScene - Online Mode Action Sending sends move left with correct playerIndex","invocations":1,"location":null,"numPassingAsserts":0,"retryReasons":[],"status":"failed","title":"sends move left with correct playerIndex"},{"ancestorTitles":["KidsFightScene - Online Mode Action Sending"],"duration":2,"failureDetails":[{"matcherResult":{"message":"\u001b[2mexpect(\u001b[22m\u001b[31mjest.fn()\u001b[39m\u001b[2m).\u001b[22mtoHaveBeenCalledWith\u001b[2m(\u001b[22m\u001b[32m...expected\u001b[39m\u001b[2m)\u001b[22m\n\nExpected: \u001b[32mObjectContaining {\"direction\": 1, \"playerIndex\": 1, \"type\": \"move\"}\u001b[39m\n\nNumber of calls: \u001b[31m0\u001b[39m","pass":false}}],"failureMessages":["Error: \u001b[2mexpect(\u001b[22m\u001b[31mjest.fn()\u001b[39m\u001b[2m).\u001b[22mtoHaveBeenCalledWith\u001b[2m(\u001b[22m\u001b[32m...expected\u001b[39m\u001b[2m)\u001b[22m\n\nExpected: \u001b[32mObjectContaining {\"direction\": 1, \"playerIndex\": 1, \"type\": \"move\"}\u001b[39m\n\nNumber of calls: \u001b[31m0\u001b[39m\n    at Object.<anonymous> (/Users/ivan/projects/kidsfight/__tests__/kidsfight_scene_online_mode_send_actions.test.ts:55:32)\n    at Promise.then.completed (/Users/ivan/projects/kidsfight/node_modules/jest-circus/build/utils.js:298:28)\n    at new Promise (<anonymous>)\n    at callAsyncCircusFn (/Users/ivan/projects/kidsfight/node_modules/jest-circus/build/utils.js:231:10)\n    at _callCircusTest (/Users/ivan/projects/kidsfight/node_modules/jest-circus/build/run.js:316:40)\n    at processTicksAndRejections (node:internal/process/task_queues:105:5)\n    at _runTest (/Users/ivan/projects/kidsfight/node_modules/jest-circus/build/run.js:252:3)\n    at _runTestsForDescribeBlock (/Users/ivan/projects/kidsfight/node_modules/jest-circus/build/run.js:126:9)\n    at _runTestsForDescribeBlock (/Users/ivan/projects/kidsfight/node_modules/jest-circus/build/run.js:121:9)\n    at run (/Users/ivan/projects/kidsfight/node_modules/jest-circus/build/run.js:71:3)\n    at runAndTransformResultsToJestFormat (/Users/ivan/projects/kidsfight/node_modules/jest-circus/build/legacy-code-todo-rewrite/jestAdapterInit.js:122:21)\n    at jestAdapter (/Users/ivan/projects/kidsfight/node_modules/jest-circus/build/legacy-code-todo-rewrite/jestAdapter.js:79:19)\n    at runTestInternal (/Users/ivan/projects/kidsfight/node_modules/jest-runner/build/runTest.js:367:16)\n    at runTest (/Users/ivan/projects/kidsfight/node_modules/jest-runner/build/runTest.js:444:34)\n    at Object.worker (/Users/ivan/projects/kidsfight/node_modules/jest-runner/build/testWorker.js:106:12)"],"fullName":"KidsFightScene - Online Mode Action Sending sends move right with correct playerIndex","invocations":1,"location":null,"numPassingAsserts":0,"retryReasons":[],"status":"failed","title":"sends move right with correct playerIndex"},{"ancestorTitles":["KidsFightScene - Online Mode Action Sending"],"duration":1,"failureDetails":[{"matcherResult":{"message":"\u001b[2mexpect(\u001b[22m\u001b[31mjest.fn()\u001b[39m\u001b[2m).\u001b[22mtoHaveBeenCalledWith\u001b[2m(\u001b[22m\u001b[32m...expected\u001b[39m\u001b[2m)\u001b[22m\n\nExpected: \u001b[32mObjectContaining {\"playerIndex\": 1, \"type\": \"jump\"}\u001b[39m\n\nNumber of calls: \u001b[31m0\u001b[39m","pass":false}}],"failureMessages":["Error: \u001b[2mexpect(\u001b[22m\u001b[31mjest.fn()\u001b[39m\u001b[2m).\u001b[22mtoHaveBeenCalledWith\u001b[2m(\u001b[22m\u001b[32m...expected\u001b[39m\u001b[2m)\u001b[22m\n\nExpected: \u001b[32mObjectContaining {\"playerIndex\": 1, \"type\": \"jump\"}\u001b[39m\n\nNumber of calls: \u001b[31m0\u001b[39m\n    at Object.<anonymous> (/Users/ivan/projects/kidsfight/__tests__/kidsfight_scene_online_mode_send_actions.test.ts:62:32)\n    at Promise.then.completed (/Users/ivan/projects/kidsfight/node_modules/jest-circus/build/utils.js:298:28)\n    at new Promise (<anonymous>)\n    at callAsyncCircusFn (/Users/ivan/projects/kidsfight/node_modules/jest-circus/build/utils.js:231:10)\n    at _callCircusTest (/Users/ivan/projects/kidsfight/node_modules/jest-circus/build/run.js:316:40)\n    at processTicksAndRejections (node:internal/process/task_queues:105:5)\n    at _runTest (/Users/ivan/projects/kidsfight/node_modules/jest-circus/build/run.js:252:3)\n    at _runTestsForDescribeBlock (/Users/ivan/projects/kidsfight/node_modules/jest-circus/build/run.js:126:9)\n    at _runTestsForDescribeBlock (/Users/ivan/projects/kidsfight/node_modules/jest-circus/build/run.js:121:9)\n    at run (/Users/ivan/projects/kidsfight/node_modules/jest-circus/build/run.js:71:3)\n    at runAndTransformResultsToJestFormat (/Users/ivan/projects/kidsfight/node_modules/jest-circus/build/legacy-code-todo-rewrite/jestAdapterInit.js:122:21)\n    at jestAdapter (/Users/ivan/projects/kidsfight/node_modules/jest-circus/build/legacy-code-todo-rewrite/jestAdapter.js:79:19)\n    at runTestInternal (/Users/ivan/projects/kidsfight/node_modules/jest-runner/build/runTest.js:367:16)\n    at runTest (/Users/ivan/projects/kidsfight/node_modules/jest-runner/build/runTest.js:444:34)\n    at Object.worker (/Users/ivan/projects/kidsfight/node_modules/jest-runner/build/testWorker.js:106:12)"],"fullName":"KidsFightScene - Online Mode Action Sending sends jump with correct playerIndex","invocations":1,"location":null,"numPassingAsserts":0,"retryReasons":[],"status":"failed","title":"sends jump with correct playerIndex"},{"ancestorTitles":["KidsFightScene - Online Mode Action Sending"],"duration":139,"failureDetails":[{"matcherResult":{"message":"\u001b[2mexpect(\u001b[22m\u001b[31mjest.fn()\u001b[39m\u001b[2m).\u001b[22mtoHaveBeenCalledWith\u001b[2m(\u001b[22m\u001b[32m...expected\u001b[39m\u001b[2m)\u001b[22m\n\nExpected: \u001b[32mObjectContaining {\"playerIndex\": 1, \"type\": \"attack\"}\u001b[39m\n\nNumber of calls: \u001b[31m0\u001b[39m","pass":false}}],"failureMessages":["Error: \u001b[2mexpect(\u001b[22m\u001b[31mjest.fn()\u001b[39m\u001b[2m).\u001b[22mtoHaveBeenCalledWith\u001b[2m(\u001b[22m\u001b[32m...expected\u001b[39m\u001b[2m)\u001b[22m\n\nExpected: \u001b[32mObjectContaining {\"playerIndex\": 1, \"type\": \"attack\"}\u001b[39m\n\nNumber of calls: \u001b[31m0\u001b[39m\n    at Object.<anonymous> (/Users/ivan/projects/kidsfight/__tests__/kidsfight_scene_online_mode_send_actions.test.ts:71:32)\n    at Promise.then.completed (/Users/ivan/projects/kidsfight/node_modules/jest-circus/build/utils.js:298:28)\n    at new Promise (<anonymous>)\n    at callAsyncCircusFn (/Users/ivan/projects/kidsfight/node_modules/jest-circus/build/utils.js:231:10)\n    at _callCircusTest (/Users/ivan/projects/kidsfight/node_modules/jest-circus/build/run.js:316:40)\n    at processTicksAndRejections (node:internal/process/task_queues:105:5)\n    at _runTest (/Users/ivan/projects/kidsfight/node_modules/jest-circus/build/run.js:252:3)\n    at _runTestsForDescribeBlock (/Users/ivan/projects/kidsfight/node_modules/jest-circus/build/run.js:126:9)\n    at _runTestsForDescribeBlock (/Users/ivan/projects/kidsfight/node_modules/jest-circus/build/run.js:121:9)\n    at run (/Users/ivan/projects/kidsfight/node_modules/jest-circus/build/run.js:71:3)\n    at runAndTransformResultsToJestFormat (/Users/ivan/projects/kidsfight/node_modules/jest-circus/build/legacy-code-todo-rewrite/jestAdapterInit.js:122:21)\n    at jestAdapter (/Users/ivan/projects/kidsfight/node_modules/jest-circus/build/legacy-code-todo-rewrite/jestAdapter.js:79:19)\n    at runTestInternal (/Users/ivan/projects/kidsfight/node_modules/jest-runner/build/runTest.js:367:16)\n    at runTest (/Users/ivan/projects/kidsfight/node_modules/jest-runner/build/runTest.js:444:34)\n    at Object.worker (/Users/ivan/projects/kidsfight/node_modules/jest-runner/build/testWorker.js:106:12)"],"fullName":"KidsFightScene - Online Mode Action Sending sends attack with correct playerIndex","invocations":1,"location":null,"numPassingAsserts":0,"retryReasons":[],"status":"failed","title":"sends attack with correct playerIndex"},{"ancestorTitles":["KidsFightScene - Online Mode Action Sending"],"duration":2,"failureDetails":[{"matcherResult":{"message":"\u001b[2mexpect(\u001b[22m\u001b[31mjest.fn()\u001b[39m\u001b[2m).\u001b[22mtoHaveBeenCalledWith\u001b[2m(\u001b[22m\u001b[32m...expected\u001b[39m\u001b[2m)\u001b[22m\n\nExpected: \u001b[32mObjectContaining {\"playerIndex\": 1, \"type\": \"special\"}\u001b[39m\n\nNumber of calls: \u001b[31m0\u001b[39m","pass":false}}],"failureMessages":["Error: \u001b[2mexpect(\u001b[22m\u001b[31mjest.fn()\u001b[39m\u001b[2m).\u001b[22mtoHaveBeenCalledWith\u001b[2m(\u001b[22m\u001b[32m...expected\u001b[39m\u001b[2m)\u001b[22m\n\nExpected: \u001b[32mObjectContaining {\"playerIndex\": 1, \"type\": \"special\"}\u001b[39m\n\nNumber of calls: \u001b[31m0\u001b[39m\n    at Object.<anonymous> (/Users/ivan/projects/kidsfight/__tests__/kidsfight_scene_online_mode_send_actions.test.ts:80:32)\n    at Promise.then.completed (/Users/ivan/projects/kidsfight/node_modules/jest-circus/build/utils.js:298:28)\n    at new Promise (<anonymous>)\n    at callAsyncCircusFn (/Users/ivan/projects/kidsfight/node_modules/jest-circus/build/utils.js:231:10)\n    at _callCircusTest (/Users/ivan/projects/kidsfight/node_modules/jest-circus/build/run.js:316:40)\n    at processTicksAndRejections (node:internal/process/task_queues:105:5)\n    at _runTest (/Users/ivan/projects/kidsfight/node_modules/jest-circus/build/run.js:252:3)\n    at _runTestsForDescribeBlock (/Users/ivan/projects/kidsfight/node_modules/jest-circus/build/run.js:126:9)\n    at _runTestsForDescribeBlock (/Users/ivan/projects/kidsfight/node_modules/jest-circus/build/run.js:121:9)\n    at run (/Users/ivan/projects/kidsfight/node_modules/jest-circus/build/run.js:71:3)\n    at runAndTransformResultsToJestFormat (/Users/ivan/projects/kidsfight/node_modules/jest-circus/build/legacy-code-todo-rewrite/jestAdapterInit.js:122:21)\n    at jestAdapter (/Users/ivan/projects/kidsfight/node_modules/jest-circus/build/legacy-code-todo-rewrite/jestAdapter.js:79:19)\n    at runTestInternal (/Users/ivan/projects/kidsfight/node_modules/jest-runner/build/runTest.js:367:16)\n    at runTest (/Users/ivan/projects/kidsfight/node_modules/jest-runner/build/runTest.js:444:34)\n    at Object.worker (/Users/ivan/projects/kidsfight/node_modules/jest-runner/build/testWorker.js:106:12)"],"fullName":"KidsFightScene - Online Mode Action Sending sends special with correct playerIndex","invocations":1,"location":null,"numPassingAsserts":0,"retryReasons":[],"status":"failed","title":"sends special with correct playerIndex"}],"endTime":1750397508375,"message":"\u001b[1m\u001b[31m  \u001b[1m● \u001b[22m\u001b[1mKidsFightScene - Online Mode Action Sending › sends move left with correct playerIndex\u001b[39m\u001b[22m\n\n    \u001b[2mexpect(\u001b[22m\u001b[31mjest.fn()\u001b[39m\u001b[2m).\u001b[22mtoHaveBeenCalledWith\u001b[2m(\u001b[22m\u001b[32m...expected\u001b[39m\u001b[2m)\u001b[22m\n\n    Expected: \u001b[32mObjectContaining {\"direction\": -1, \"playerIndex\": 1, \"type\": \"move\"}\u001b[39m\n\n    Number of calls: \u001b[31m0\u001b[39m\n\u001b[2m\u001b[22m\n\u001b[2m    \u001b[0m \u001b[90m 46 |\u001b[39m   it(\u001b[32m'sends move left with correct playerIndex'\u001b[39m\u001b[33m,\u001b[39m () \u001b[33m=>\u001b[39m {\u001b[22m\n\u001b[2m     \u001b[90m 47 |\u001b[39m     scene\u001b[33m.\u001b[39mhandleLeftDown()\u001b[33m;\u001b[39m\u001b[22m\n\u001b[2m    \u001b[31m\u001b[1m>\u001b[22m\u001b[2m\u001b[39m\u001b[90m 48 |\u001b[39m     expect(wsManagerMock\u001b[33m.\u001b[39msend)\u001b[33m.\u001b[39mtoHaveBeenCalledWith(\u001b[22m\n\u001b[2m     \u001b[90m    |\u001b[39m                                \u001b[31m\u001b[1m^\u001b[22m\u001b[2m\u001b[39m\u001b[22m\n\u001b[2m     \u001b[90m 49 |\u001b[39m       expect\u001b[33m.\u001b[39mobjectContaining({ type\u001b[33m:\u001b[39m \u001b[32m'move'\u001b[39m\u001b[33m,\u001b[39m direction\u001b[33m:\u001b[39m \u001b[33m-\u001b[39m\u001b[35m1\u001b[39m\u001b[33m,\u001b[39m playerIndex\u001b[33m:\u001b[39m \u001b[35m1\u001b[39m })\u001b[22m\n\u001b[2m     \u001b[90m 50 |\u001b[39m     )\u001b[33m;\u001b[39m\u001b[22m\n\u001b[2m     \u001b[90m 51 |\u001b[39m   })\u001b[33m;\u001b[39m\u001b[0m\u001b[22m\n\u001b[2m\u001b[22m\n\u001b[2m      \u001b[2mat Object.<anonymous> (\u001b[22m\u001b[2m\u001b[0m\u001b[36m__tests__/kidsfight_scene_online_mode_send_actions.test.ts\u001b[39m\u001b[0m\u001b[2m:48:32)\u001b[22m\u001b[2m\u001b[22m\n\n\u001b[1m\u001b[31m  \u001b[1m● \u001b[22m\u001b[1mKidsFightScene - Online Mode Action Sending › sends move right with correct playerIndex\u001b[39m\u001b[22m\n\n    \u001b[2mexpect(\u001b[22m\u001b[31mjest.fn()\u001b[39m\u001b[2m).\u001b[22mtoHaveBeenCalledWith\u001b[2m(\u001b[22m\u001b[32m...expected\u001b[39m\u001b[2m)\u001b[22m\n\n    Expected: \u001b[32mObjectContaining {\"direction\": 1, \"playerIndex\": 1, \"type\": \"move\"}\u001b[39m\n\n    Number of calls: \u001b[31m0\u001b[39m\n\u001b[2m\u001b[22m\n\u001b[2m    \u001b[0m \u001b[90m 53 |\u001b[39m   it(\u001b[32m'sends move right with correct playerIndex'\u001b[39m\u001b[33m,\u001b[39m () \u001b[33m=>\u001b[39m {\u001b[22m\n\u001b[2m     \u001b[90m 54 |\u001b[39m     scene\u001b[33m.\u001b[39mhandleRightDown()\u001b[33m;\u001b[39m\u001b[22m\n\u001b[2m    \u001b[31m\u001b[1m>\u001b[22m\u001b[2m\u001b[39m\u001b[90m 55 |\u001b[39m     expect(wsManagerMock\u001b[33m.\u001b[39msend)\u001b[33m.\u001b[39mtoHaveBeenCalledWith(\u001b[22m\n\u001b[2m     \u001b[90m    |\u001b[39m                                \u001b[31m\u001b[1m^\u001b[22m\u001b[2m\u001b[39m\u001b[22m\n\u001b[2m     \u001b[90m 56 |\u001b[39m       expect\u001b[33m.\u001b[39mobjectContaining({ type\u001b[33m:\u001b[39m \u001b[32m'move'\u001b[39m\u001b[33m,\u001b[39m direction\u001b[33m:\u001b[39m \u001b[35m1\u001b[39m\u001b[33m,\u001b[39m playerIndex\u001b[33m:\u001b[39m \u001b[35m1\u001b[39m })\u001b[22m\n\u001b[2m     \u001b[90m 57 |\u001b[39m     )\u001b[33m;\u001b[39m\u001b[22m\n\u001b[2m     \u001b[90m 58 |\u001b[39m   })\u001b[33m;\u001b[39m\u001b[0m\u001b[22m\n\u001b[2m\u001b[22m\n\u001b[2m      \u001b[2mat Object.<anonymous> (\u001b[22m\u001b[2m\u001b[0m\u001b[36m__tests__/kidsfight_scene_online_mode_send_actions.test.ts\u001b[39m\u001b[0m\u001b[2m:55:32)\u001b[22m\u001b[2m\u001b[22m\n\n\u001b[1m\u001b[31m  \u001b[1m● \u001b[22m\u001b[1mKidsFightScene - Online Mode Action Sending › sends jump with correct playerIndex\u001b[39m\u001b[22m\n\n    \u001b[2mexpect(\u001b[22m\u001b[31mjest.fn()\u001b[39m\u001b[2m).\u001b[22mtoHaveBeenCalledWith\u001b[2m(\u001b[22m\u001b[32m...expected\u001b[39m\u001b[2m)\u001b[22m\n\n    Expected: \u001b[32mObjectContaining {\"playerIndex\": 1, \"type\": \"jump\"}\u001b[39m\n\n    Number of calls: \u001b[31m0\u001b[39m\n\u001b[2m\u001b[22m\n\u001b[2m    \u001b[0m \u001b[90m 60 |\u001b[39m   it(\u001b[32m'sends jump with correct playerIndex'\u001b[39m\u001b[33m,\u001b[39m () \u001b[33m=>\u001b[39m {\u001b[22m\n\u001b[2m     \u001b[90m 61 |\u001b[39m     scene\u001b[33m.\u001b[39mhandleJumpDown()\u001b[33m;\u001b[39m\u001b[22m\n\u001b[2m    \u001b[31m\u001b[1m>\u001b[22m\u001b[2m\u001b[39m\u001b[90m 62 |\u001b[39m     expect(wsManagerMock\u001b[33m.\u001b[39msend)\u001b[33m.\u001b[39mtoHaveBeenCalledWith(\u001b[22m\n\u001b[2m     \u001b[90m    |\u001b[39m                                \u001b[31m\u001b[1m^\u001b[22m\u001b[2m\u001b[39m\u001b[22m\n\u001b[2m     \u001b[90m 63 |\u001b[39m       expect\u001b[33m.\u001b[39mobjectContaining({ type\u001b[33m:\u001b[39m \u001b[32m'jump'\u001b[39m\u001b[33m,\u001b[39m playerIndex\u001b[33m:\u001b[39m \u001b[35m1\u001b[39m })\u001b[22m\n\u001b[2m     \u001b[90m 64 |\u001b[39m     )\u001b[33m;\u001b[39m\u001b[22m\n\u001b[2m     \u001b[90m 65 |\u001b[39m   })\u001b[33m;\u001b[39m\u001b[0m\u001b[22m\n\u001b[2m\u001b[22m\n\u001b[2m      \u001b[2mat Object.<anonymous> (\u001b[22m\u001b[2m\u001b[0m\u001b[36m__tests__/kidsfight_scene_online_mode_send_actions.test.ts\u001b[39m\u001b[0m\u001b[2m:62:32)\u001b[22m\u001b[2m\u001b[22m\n\n\u001b[1m\u001b[31m  \u001b[1m● \u001b[22m\u001b[1mKidsFightScene - Online Mode Action Sending › sends attack with correct playerIndex\u001b[39m\u001b[22m\n\n    \u001b[2mexpect(\u001b[22m\u001b[31mjest.fn()\u001b[39m\u001b[2m).\u001b[22mtoHaveBeenCalledWith\u001b[2m(\u001b[22m\u001b[32m...expected\u001b[39m\u001b[2m)\u001b[22m\n\n    Expected: \u001b[32mObjectContaining {\"playerIndex\": 1, \"type\": \"attack\"}\u001b[39m\n\n    Number of calls: \u001b[31m0\u001b[39m\n\u001b[2m\u001b[22m\n\u001b[2m    \u001b[0m \u001b[90m 69 |\u001b[39m     wsManagerMock\u001b[33m.\u001b[39msend \u001b[33m=\u001b[39m jest\u001b[33m.\u001b[39mfn()\u001b[33m;\u001b[39m\u001b[22m\n\u001b[2m     \u001b[90m 70 |\u001b[39m     scene\u001b[33m.\u001b[39mhandleAttack()\u001b[33m;\u001b[39m\u001b[22m\n\u001b[2m    \u001b[31m\u001b[1m>\u001b[22m\u001b[2m\u001b[39m\u001b[90m 71 |\u001b[39m     expect(wsManagerMock\u001b[33m.\u001b[39msend)\u001b[33m.\u001b[39mtoHaveBeenCalledWith(\u001b[22m\n\u001b[2m     \u001b[90m    |\u001b[39m                                \u001b[31m\u001b[1m^\u001b[22m\u001b[2m\u001b[39m\u001b[22m\n\u001b[2m     \u001b[90m 72 |\u001b[39m       expect\u001b[33m.\u001b[39mobjectContaining({ type\u001b[33m:\u001b[39m \u001b[32m'attack'\u001b[39m\u001b[33m,\u001b[39m playerIndex\u001b[33m:\u001b[39m \u001b[35m1\u001b[39m })\u001b[22m\n\u001b[2m     \u001b[90m 73 |\u001b[39m     )\u001b[33m;\u001b[39m\u001b[22m\n\u001b[2m     \u001b[90m 74 |\u001b[39m   })\u001b[33m;\u001b[39m\u001b[0m\u001b[22m\n\u001b[2m\u001b[22m\n\u001b[2m      \u001b[2mat Object.<anonymous> (\u001b[22m\u001b[2m\u001b[0m\u001b[36m__tests__/kidsfight_scene_online_mode_send_actions.test.ts\u001b[39m\u001b[0m\u001b[2m:71:32)\u001b[22m\u001b[2m\u001b[22m\n\n\u001b[1m\u001b[31m  \u001b[1m● \u001b[22m\u001b[1mKidsFightScene - Online Mode Action Sending › sends special with correct playerIndex\u001b[39m\u001b[22m\n\n    \u001b[2mexpect(\u001b[22m\u001b[31mjest.fn()\u001b[39m\u001b[2m).\u001b[22mtoHaveBeenCalledWith\u001b[2m(\u001b[22m\u001b[32m...expected\u001b[39m\u001b[2m)\u001b[22m\n\n    Expected: \u001b[32mObjectContaining {\"playerIndex\": 1, \"type\": \"special\"}\u001b[39m\n\n    Number of calls: \u001b[31m0\u001b[39m\n\u001b[2m\u001b[22m\n\u001b[2m    \u001b[0m \u001b[90m 78 |\u001b[39m     wsManagerMock\u001b[33m.\u001b[39msend \u001b[33m=\u001b[39m jest\u001b[33m.\u001b[39mfn()\u001b[33m;\u001b[39m\u001b[22m\n\u001b[2m     \u001b[90m 79 |\u001b[39m     scene\u001b[33m.\u001b[39mhandleSpecial()\u001b[33m;\u001b[39m\u001b[22m\n\u001b[2m    \u001b[31m\u001b[1m>\u001b[22m\u001b[2m\u001b[39m\u001b[90m 80 |\u001b[39m     expect(wsManagerMock\u001b[33m.\u001b[39msen
[...]
33m:\u001b[39m {\u001b[0m\n\n      \u001b[2mat \u001b[22mfile:/Users/ivan/projects/kidsfight/babel.config.js\u001b[2m:1:1\u001b[22m\n      \u001b[2mat loadPartialConfigSync (\u001b[22mnode_modules/@babel/core/src/config/index.ts\u001b[2m:50:60)\u001b[22m\n      \u001b[2mat loadPartialConfigSync (\u001b[22mnode_modules/@babel/core/src/config/index.ts\u001b[2m:69:14)\u001b[22m\n      \u001b[2mat ScriptTransformer._getCacheKey (\u001b[22mnode_modules/@jest/transform/build/ScriptTransformer.js\u001b[2m:228:41)\u001b[22m\n      \u001b[2mat ScriptTransformer._getFileCachePath (\u001b[22mnode_modules/@jest/transform/build/ScriptTransformer.js\u001b[2m:289:27)\u001b[22m\n      \u001b[2mat ScriptTransformer.transformSource (\u001b[22mnode_modules/@jest/transform/build/ScriptTransformer.js\u001b[2m:525:32)\u001b[22m\n      \u001b[2mat ScriptTransformer._transformAndBuildScript (\u001b[22mnode_modules/@jest/transform/build/ScriptTransformer.js\u001b[2m:674:40)\u001b[22m\n      \u001b[2mat ScriptTransformer.transform (\u001b[22mnode_modules/@jest/transform/build/ScriptTransformer.js\u001b[2m:726:19)\u001b[22m\n","name":"/Users/ivan/projects/kidsfight/__tests__/orientationOverlay.test.mjs","startTime":1750397510091,"status":"failed","summary":""},{"assertionResults":[],"coverage":{},"endTime":1750397510091,"message":"  \u001b[1m● \u001b[22mTest suite failed to run\n\n    ReferenceError: module is not defined\n\n    \u001b[0m\u001b[31m\u001b[1m>\u001b[22m\u001b[39m\u001b[90m 1 |\u001b[39m module\u001b[33m.\u001b[39mexports \u001b[33m=\u001b[39m {\n     \u001b[90m   |\u001b[39m \u001b[31m\u001b[1m^\u001b[22m\u001b[39m\n     \u001b[90m 2 |\u001b[39m   presets\u001b[33m:\u001b[39m [\n     \u001b[90m 3 |\u001b[39m     [\u001b[32m'@babel/preset-env'\u001b[39m\u001b[33m,\u001b[39m {\n     \u001b[90m 4 |\u001b[39m       targets\u001b[33m:\u001b[39m {\u001b[0m\n\n      \u001b[2mat \u001b[22mfile:/Users/ivan/projects/kidsfight/babel.config.js\u001b[2m:1:1\u001b[22m\n      \u001b[2mat loadPartialConfigSync (\u001b[22mnode_modules/@babel/core/src/config/index.ts\u001b[2m:50:60)\u001b[22m\n      \u001b[2mat loadPartialConfigSync (\u001b[22mnode_modules/@babel/core/src/config/index.ts\u001b[2m:69:14)\u001b[22m\n      \u001b[2mat ScriptTransformer._getCacheKey (\u001b[22mnode_modules/@jest/transform/build/ScriptTransformer.js\u001b[2m:228:41)\u001b[22m\n      \u001b[2mat ScriptTransformer._getFileCachePath (\u001b[22mnode_modules/@jest/transform/build/ScriptTransformer.js\u001b[2m:289:27)\u001b[22m\n      \u001b[2mat ScriptTransformer.transformSource (\u001b[22mnode_modules/@jest/transform/build/ScriptTransformer.js\u001b[2m:525:32)\u001b[22m\n      \u001b[2mat ScriptTransformer._transformAndBuildScript (\u001b[22mnode_modules/@jest/transform/build/ScriptTransformer.js\u001b[2m:674:40)\u001b[22m\n      \u001b[2mat ScriptTransformer.transform (\u001b[22mnode_modules/@jest/transform/build/ScriptTransformer.js\u001b[2m:726:19)\u001b[22m\n","name":"/Users/ivan/projects/kidsfight/__tests__/playerSelection.test.mjs","startTime":1750397510091,"status":"failed","summary":""},{"assertionResults":[],"coverage":{},"endTime":1750397510091,"message":"  \u001b[1m● \u001b[22mTest suite failed to run\n\n    ReferenceError: module is not defined\n\n    \u001b[0m\u001b[31m\u001b[1m>\u001b[22m\u001b[39m\u001b[90m 1 |\u001b[39m module\u001b[33m.\u001b[39mexports \u001b[33m=\u001b[39m {\n     \u001b[90m   |\u001b[39m \u001b[31m\u001b[1m^\u001b[22m\u001b[39m\n     \u001b[90m 2 |\u001b[39m   presets\u001b[33m:\u001b[39m [\n     \u001b[90m 3 |\u001b[39m     [\u001b[32m'@babel/preset-env'\u001b[39m\u001b[33m,\u001b[39m {\n     \u001b[90m 4 |\u001b[39m       targets\u001b[33m:\u001b[39m {\u001b[0m\n\n      \u001b[2mat \u001b[22mfile:/Users/ivan/projects/kidsfight/babel.config.js\u001b[2m:1:1\u001b[22m\n      \u001b[2mat loadPartialConfigSync (\u001b[22mnode_modules/@babel/core/src/config/index.ts\u001b[2m:50:60)\u001b[22m\n      \u001b[2mat loadPartialConfigSync (\u001b[22mnode_modules/@babel/core/src/config/index.ts\u001b[2m:69:14)\u001b[22m\n      \u001b[2mat ScriptTransformer._getCacheKey (\u001b[22mnode_modules/@jest/transform/build/ScriptTransformer.js\u001b[2m:228:41)\u001b[22m\n      \u001b[2mat ScriptTransformer._getFileCachePath (\u001b[22mnode_modules/@jest/transform/build/ScriptTransformer.js\u001b[2m:289:27)\u001b[22m\n      \u001b[2mat ScriptTransformer.transformSource (\u001b[22mnode_modules/@jest/transform/build/ScriptTransformer.js\u001b[2m:525:32)\u001b[22m\n      \u001b[2mat ScriptTransformer._transformAndBuildScript (\u001b[22mnode_modules/@jest/transform/build/ScriptTransformer.js\u001b[2m:674:40)\u001b[22m\n      \u001b[2mat ScriptTransformer.transform (\u001b[22mnode_modules/@jest/transform/build/ScriptTransformer.js\u001b[2m:726:19)\u001b[22m\n","name":"/Users/ivan/projects/kidsfight/__tests__/main.test.mjs","startTime":1750397510091,"status":"failed","summary":""},{"assertionResults":[],"coverage":{},"endTime":1750397510091,"message":"  \u001b[1m● \u001b[22mTest suite failed to run\n\n    ReferenceError: module is not defined\n\n    \u001b[0m\u001b[31m\u001b[1m>\u001b[22m\u001b[39m\u001b[90m 1 |\u001b[39m module\u001b[33m.\u001b[39mexports \u001b[33m=\u001b[39m {\n     \u001b[90m   |\u001b[39m \u001b[31m\u001b[1m^\u001b[22m\u001b[39m\n     \u001b[90m 2 |\u001b[39m   presets\u001b[33m:\u001b[39m [\n     \u001b[90m 3 |\u001b[39m     [\u001b[32m'@babel/preset-env'\u001b[39m\u001b[33m,\u001b[39m {\n     \u001b[90m 4 |\u001b[39m       targets\u001b[33m:\u001b[39m {\u001b[0m\n\n      \u001b[2mat \u001b[22mfile:/Users/ivan/projects/kidsfight/babel.config.js\u001b[2m:1:1\u001b[22m\n      \u001b[2mat loadPartialConfigSync (\u001b[22mnode_modules/@babel/core/src/config/index.ts\u001b[2m:50:60)\u001b[22m\n      \u001b[2mat loadPartialConfigSync (\u001b[22mnode_modules/@babel/core/src/config/index.ts\u001b[2m:69:14)\u001b[22m\n      \u001b[2mat ScriptTransformer._getCacheKey (\u001b[22mnode_modules/@jest/transform/build/ScriptTransformer.js\u001b[2m:228:41)\u001b[22m\n      \u001b[2mat ScriptTransformer._getFileCachePath (\u001b[22mnode_modules/@jest/transform/build/ScriptTransformer.js\u001b[2m:289:27)\u001b[22m\n      \u001b[2mat ScriptTransformer.transformSource (\u001b[22mnode_modules/@jest/transform/build/ScriptTransformer.js\u001b[2m:525:32)\u001b[22m\n      \u001b[2mat ScriptTransformer._transformAndBuildScript (\u001b[22mnode_modules/@jest/transform/build/ScriptTransformer.js\u001b[2m:674:40)\u001b[22m\n      \u001b[2mat ScriptTransformer.transform (\u001b[22mnode_modules/@jest/transform/build/ScriptTransformer.js\u001b[2m:726:19)\u001b[22m\n","name":"/Users/ivan/projects/kidsfight/__tests__/gameUtils.test.mjs","startTime":1750397510091,"status":"failed","summary":""},{"assertionResults":[],"coverage":{},"endTime":1750397510091,"message":"  \u001b[1m● \u001b[22mTest suite failed to run\n\n    Unexpected module status 5. Cannot require() ES Module /Users/ivan/projects/kidsfight/babel.config.js because it is not yet fully loaded. This may be caused by a race condition if the module is simultaneously dynamically import()-ed via Promise.all(). Try await-ing the import() sequentially in a loop instead. (from /Users/ivan/projects/kidsfight/node_modules/@babel/core/lib/config/files/module-types.js)\n    This is caused by either a bug in Node.js or incorrect usage of Node.js internals.\n    Please open an issue with this stack trace at https://github.com/nodejs/node/issues\n\n      \u001b[2mat loadPartialConfigSync (\u001b[22mnode_modules/@babel/core/src/config/index.ts\u001b[2m:50:60)\u001b[22m\n      \u001b[2mat loadPartialConfigSync (\u001b[22mnode_modules/@babel/core/src/config/index.ts\u001b[2m:69:14)\u001b[22m\n      \u001b[2mat ScriptTransformer._getCacheKey (\u001b[22mnode_modules/@jest/transform/build/ScriptTransformer.js\u001b[2m:228:41)\u001b[22m\n      \u001b[2mat ScriptTransformer._getFileCachePath (\u001b[22mnode_modules/@jest/transform/build/ScriptTransformer.js\u001b[2m:289:27)\u001b[22m\n      \u001b[2mat ScriptTransformer.transformSource (\u001b[22mnode_modules/@jest/transform/build/ScriptTransformer.js\u001b[2m:525:32)\u001b[22m\n      \u001b[2mat ScriptTransformer._transformAndBuildScript (\u001b[22mnode_modules/@jest/transform/build/ScriptTransformer.js\u001b[2m:674:40)\u001b[22m\n      \u001b[2mat ScriptTransformer.transform (\u001b[22mnode_modules/@jest/transform/build/ScriptTransformer.js\u001b[2m:726:19)\u001b[22m\n","name":"/Users/ivan/projects/kidsfight/__tests__/gameUtils.cjs.test.mjs","startTime":1750397510091,"status":"failed","summary":""},{"assertionResults":[],"coverage":{},"endTime":1750397510091,"message":"  \u001b[1m● \u001b[22mTest suite failed to run\n\n    Unexpected module status 5. Cannot require() ES Module /Users/ivan/projects/kidsfight/babel.config.js because it is not yet fully loaded. This may be caused by a race condition if the module is simultaneously dynamically import()-ed via Promise.all(). Try await-ing the import() sequentially in a loop instead. (from /Users/ivan/projects/kidsfight/node_modules/@babel/core/lib/config/files/module-types.js)\n    This is caused by either a bug in Node.js or incorrect usage of Node.js internals.\n    Please open an issue with this stack trace at https://github.com/nodejs/node/issues\n\n      \u001b[2mat loadPartialConfigSync (\u001b[22mnode_modules/@babel/core/src/config/index.ts\u001b[2m:50:60)\u001b[22m\n      \u001b[2mat loadPartialConfigSync (\u001b[22mnode_modules/@babel/core/src/config/index.ts\u001b[2m:69:14)\u001b[22m\n      \u001b[2mat ScriptTransformer._getCacheKey (\u001b[22mnode_modules/@jest/transform/build/ScriptTransformer.js\u001b[2m:228:41)\u001b[22m\n      \u001b[2mat ScriptTransformer._getFileCachePath (\u001b[22mnode_modules/@jest/transform/build/ScriptTransformer.js\u001b[2m:289:27)\u001b[22m\n      \u001b[2mat ScriptTransformer.transformSource (\u001b[22mnode_modules/@jest/transform/build/ScriptTransformer.js\u001b[2m:525:32)\u001b[22m\n      \u001b[2mat ScriptTransformer._transformAndBuildScript (\u001b[22mnode_modules/@jest/transform/build/ScriptTransformer.js\u001b[2m:674:40)\u001b[22m\n      \u001b[2mat ScriptTransformer.transform (\u001b[22mnode_modules/@jest/transform/build/ScriptTransformer.js\u001b[2m:726:19)\u001b[22m\n","name":"/Users/ivan/projects/kidsfight/__tests__/characterNames.test.mjs","startTime":1750397510091,"status":"failed","summary":""},{"assertionResults":[],"coverage":{},"endTime":1750397510091,"message":"  \u001b[1m● \u001b[22mTest suite failed to run\n\n    Unexpected module status 5. Cannot require() ES Module /Users/ivan/projects/kidsfight/babel.config.js because it is not yet fully loaded. This may be caused by a race condition if the module is simultaneously dynamically import()-ed via Promise.all(). Try await-ing the import() sequentially in a loop instead. (from /Users/ivan/projects/kidsfight/node_modules/@babel/core/lib/config/files/module-types.js)\n    This is caused by either a bug in Node.js or incorrect usage of Node.js internals.\n    Please open an issue with this stack trace at https://github.com/nodejs/node/issues\n\n      \u001b[2mat loadPartialConfigSync (\u001b[22mnode_modules/@babel/core/src/config/index.ts\u001b[2m:50:60)\u001b[22m\n      \u001b[2mat loadPartialConfigSync (\u001b[22mnode_modules/@babel/core/src/config/index.ts\u001b[2m:69:14)\u001b[22m\n      \u001b[2mat ScriptTransformer._getCacheKey (\u001b[22mnode_modules/@jest/transform/build/ScriptTransformer.js\u001b[2m:228:41)\u001b[22m\n      \u001b[2mat ScriptTransformer._getFileCachePath (\u001b[22mnode_modules/@jest/transform/build/ScriptTransformer.js\u001b[2m:289:27)\u001b[22m\n      \u001b[2mat ScriptTransformer.transformSource (\u001b[22mnode_modules/@jest/transform/build/ScriptTransformer.js\u001b[2m:525:32)\u001b[22m\n      \u001b[2mat ScriptTransformer._transformAndBuildScript (\u001b[22mnode_modules/@jest/transform/build/ScriptTransformer.js\u001b[2m:674:40)\u001b[22m\n      \u001b[2mat ScriptTransformer.transform (\u001b[22mnode_modules/@jest/transform/build/ScriptTransformer.js\u001b[2m:726:19)\u001b[22m\n","name":"/Users/ivan/projects/kidsfight/__tests__/dynamicAnimations.test.mjs","startTime":1750397510091,"status":"failed","summary":""},{"assertionResults":[],"coverage":{},"endTime":1750397510091,"message":"  \u001b[1m● \u001b[22mTest suite failed to run\n\n    ReferenceError: module is not defined\n\n    \u001b[0m\u001b[31m\u001b[1m>\u001b[22m\u001b[39m\u001b[90m 1 |\u001b[39m module\u001b[33m.\u001b[39mexports \u001b[33m=\u001b[39m {\n     \u001b[90m   |\u001b[39m \u001b[31m\u001b[1m^\u001b[22m\u001b[39m\n     \u001b[90m 2 |\u001b[39m   presets\u001b[33m:\u001b[39m [\n     \u001b[90m 3 |\u001b[39m     [\u001b[32m'@babel/preset-env'\u001b[39m\u001b[33m,\u001b[39m {\n     \u001b[90m 4 |\u001b[39m       targets\u001b[33m:\u001b[39m {\u001b[0m\n\n      \u001b[2mat \u001b[22mfile:/Users/ivan/projects/kidsfight/babel.config.js\u001b[2m:1:1\u001b[22m\n      \u001b[2mat loadPartialConfigSync (\u001b[22mnode_modules/@babel/core/src/config/index.ts\u001b[2m:50:60)\u001b[22m\n      \u001b[2mat loadPartialConfigSync (\u001b[22mnode_modules/@babel/core/src/config/index.ts\u001b[2m:69:14)\u001b[22m\n      \u001b[2mat ScriptTransformer._getCacheKey (\u001b[22mnode_modules/@jest/transform/build/ScriptTransformer.js\u001b[2m:228:41)\u001b[22m\n      \u001b[2mat ScriptTransformer._getFileCachePath (\u001b[22mnode_modules/@jest/transform/build/ScriptTransformer.js\u001b[2m:289:27)\u001b[22m\n      \u001b[2mat ScriptTransformer.transformSource (\u001b[22mnode_modules/@jest/transform/build/ScriptTransformer.js\u001b[2m:525:32)\u001b[22m\n      \u001b[2mat ScriptTransformer._transformAndBuildScript (\u001b[22mnode_modules/@jest/transform/build/ScriptTransformer.js\u001b[2m:674:40)\u001b[22m\n      \u001b[2mat ScriptTransformer.transform (\u001b[22mnode_modules/@jest/transform/build/ScriptTransformer.js\u001b[2m:726:19)\u001b[22m\n","name":"/Users/ivan/projects/kidsfight/__tests__/playerAttackTouch.test.mjs","startTime":1750397510091,"status":"failed","summary":""},{"assertionResults":[],"coverage":{},"endTime":1750397510091,"message":"  \u001b[1m● \u001b[22mTest suite failed to run\n\n    Unexpected module status 5. Cannot require() ES Module /Users/ivan/projects/kidsfight/babel.config.js because it is not yet fully loaded. This may be caused by a race condition if the module is simultaneously dynamically import()-ed via Promise.all(). Try await-ing the import() sequentially in a loop instead. (from /Users/ivan/projects/kidsfight/node_modules/@babel/core/lib/config/files/module-types.js)\n    This is caused by either a bug in Node.js or incorrect usage of Node.js internals.\n    Please open an issue with this stack trace at https://github.com/nodejs/node/issues\n\n      \u001b[2mat loadPartialConfigSync (\u001b[22mnode_modules/@babel/core/src/config/index.ts\u001b[2m:50:60)\u001b[22m\n      \u001b[2mat loadPartialConfigSync (\u001b[22mnode_modules/@babel/core/src/config/index.ts\u001b[2m:69:14)\u001b[22m\n      \u001b[2mat ScriptTransformer._getCacheKey (\u001b[22mnode_modules/@jest/transform/build/ScriptTransformer.js\u001b[2m:228:41)\u001b[22m\n      \u001b[2mat ScriptTransformer._getFileCachePath (\u001b[22mnode_modules/@jest/transform/build/ScriptTransformer.js\u001b[2m:289:27)\u001b[22m\n      \u001b[2mat ScriptTransformer.transformSource (\u001b[22mnode_modules/@jest/transform/build/ScriptTransformer.js\u001b[2m:525:32)\u001b[22m\n      \u001b[2mat ScriptTransformer._transformAndBuildScript (\u001b[22mnode_modules/@jest/transform/build/ScriptTransformer.js\u001b[2m:674:40)\u001b[22m\n      \u001b[2mat ScriptTransformer.transform (\u001b[22mnode_modules/@jest/transform/build/ScriptTransformer.js\u001b[2m:726:19)\u001b[22m\n","name":"/Users/ivan/projects/kidsfight/__tests__/gameFlow.test.mjs","startTime":1750397510091,"status":"failed","summary":""},{"assertionResults":[],"coverage":{},"endTime":1750397510091,"message":"  \u001b[1m● \u001b[22mTest suite failed to run\n\n    TypeError: Cannot read properties of undefined (reading 'init')\n\n    \u001b[0m \u001b[90m 1425 |\u001b[39m\n     \u001b[90m 1426 |\u001b[39m     \u001b[90m// Call the method that should use WebSocketManager\u001b[39m\n    \u001b[31m\u001b[1m>\u001b[22m\u001b[39m\u001b[90m 1427 |\u001b[39m     scene\u001b[33m.\u001b[39minit({ \n     \u001b[90m      |\u001b[39m           \u001b[31m\u001b[1m^\u001b[22m\u001b[39m\n     \u001b[90m 1428 |\u001b[39m       selected\u001b[33m:\u001b[39m { p1\u001b[33m:\u001b[39m \u001b[32m'player3'\u001b[39m\u001b[33m,\u001b[39m p2\u001b[33m:\u001b[39m \u001b[32m'player4'\u001b[39m }\u001b[33m,\u001b[39m\n     \u001b[90m 1429 |\u001b[39m       selectedScenario\u001b[33m:\u001b[39m \u001b[32m'scenario2'\u001b[39m\u001b[33m,\u001b[39m\n     \u001b[90m 1430 |\u001b[39m       gameMode\u001b[33m:\u001b[39m \u001b[32m'online'\u001b[39m\u001b[33m,\u001b[39m\u001b[0m\n\n      \u001b[2mat \u001b[22m\u001b[0m\u001b[36m__tests__/character_scenario_selection.test.ts\u001b[39m\u001b[0m\u001b[2m:1427:11\u001b[22m\n      \u001b[2mat \u001b[22m\u001b[0m\u001b[36m__tests__/character_scenario_selection.test.ts\u001b[39m\u001b[0m\u001b[2m:1406:3\u001b[22m\n      \u001b[2mat Object.<anonymous> (\u001b[22m\u001b[0m\u001b[36m__tests__/character_scenario_selection.test.ts\u001b[39m\u001b[0m\u001b[2m:732:1)\u001b[22m\n","name":"/Users/ivan/projects/kidsfight/__tests__/character_scenario_selection.test.ts","startTime":1750397510091,"status":"failed","summary":""},{"assertionResults":[],"coverage":{},"endTime":1750397510091,"message":"  \u001b[1m● \u001b[22mTest suite failed to run\n\n    ReferenceError: module is not defined\n\n    \u001b[0m\u001b[31m\u001b[1m>\u001b[22m\u001b[39m\u001b[90m 1 |\u001b[39m module\u001b[33m.\u001b[39mexports \u001b[33m=\u001b[39m {\n     \u001b[90m   |\u001b[39m \u001b[31m\u001b[1m^\u001b[22m\u001b[39m\n     \u001b[90m 2 |\u001b[39m   presets\u001b[33m:\u001b[39m [\n     \u001b[90m 3 |\u001b[39m     [\u001b[32m'@babel/preset-env'\u001b[39m\u001b[33m,\u001b[39m {\n     \u001b[90m 4 |\u001b[39m       targets\u001b[33m:\u001b[39m {\u001b[0m\n\n      \u001b[2mat \u001b[22mfile:/Users/ivan/projects/kidsfight/babel.config.js\u001b[2m:1:1\u001b[22m\n      \u001b[2mat loadPartialConfigSync (\u001b[22mnode_modules/@babel/core/src/config/index.ts\u001b[2m:50:60)\u001b[22m\n      \u001b[2mat loadPartialConfigSync (\u001b[22mnode_modules/@babel/core/src/config/index.ts\u001b[2m:69:14)\u001b[22m\n      \u001b[2mat ScriptTransformer._getCacheKey (\u001b[22mnode_modules/@jest/transform/build/ScriptTransformer.js\u001b[2m:228:41)\u001b[22m\n      \u001b[2mat ScriptTransformer._getFileCachePath (\u001b[22mnode_modules/@jest/transform/build/ScriptTransformer.js\u001b[2m:289:27)\u001b[22m\n      \u001b[2mat ScriptTransformer.transformSource (\u001b[22mnode_modules/@jest/transform/build/ScriptTransformer.js\u001b[2m:525:32)\u001b[22m\n      \u001b[2mat ScriptTransformer._transformAndBuildScript (\u001b[22mnode_modules/@jest/transform/build/ScriptTransformer.js\u001b[2m:674:40)\u001b[22m\n      \u001b[2mat ScriptTransformer.transform (\u001b[22mnode_modules/@jest/transform/build/ScriptTransformer.js\u001b[2m:726:19)\u001b[22m\n","name":"/Users/ivan/projects/kidsfight/__tests__/attackCooldown.test.mjs","startTime":1750397510091,"status":"failed","summary":""}],"wasInterrupted":false,"coverageMap":{"/Users/ivan/projects/kidsfight/src/types/phaser.d.ts":{"path":"/Users/ivan/projects/kidsfight/src/types/phaser.d.ts","statementMap":{},"fnMap":{},"branchMap":{},"s":{},"f":{},"b":{}},"/Users/ivan/projects/kidsfight/src/types/websocket_manager.d.ts":{"path":"/Users/ivan/projects/kidsfight/src/types/websocket_manager.d.ts","statementMap":{},"fnMap":{},"branchMap":{},"s":{},"f":{},"b":{}},"/Users/ivan/projects/kidsfight/src/types/images.d.ts":{"path":"/Users/ivan/projects/kidsfight/src/types/images.d.ts","statementMap":{},"fnMap":{},"branchMap":{},"s":{},"f":{},"b":{}}}}
