<?xml version="1.0" encoding="UTF-8"?>
<coverage generated="1747872378385" clover="3.2.0">
  <project timestamp="1747872378385" name="All files">
    <metrics statements="0" coveredstatements="0" conditionals="0" coveredconditionals="0" methods="0" coveredmethods="0" elements="0" coveredelements="0" complexity="0" loc="0" ncloc="0" packages="1" files="3" classes="3"/>
    <file name="images.d.ts" path="/Users/ivan/projects/kidsfight/src/types/images.d.ts">
      <metrics statements="0" coveredstatements="0" conditionals="0" coveredconditionals="0" methods="0" coveredmethods="0"/>
    </file>
    <file name="phaser.d.ts" path="/Users/ivan/projects/kidsfight/src/types/phaser.d.ts">
      <metrics statements="0" coveredstatements="0" conditionals="0" coveredconditionals="0" methods="0" coveredmethods="0"/>
    </file>
    <file name="websocket_manager.d.ts" path="/Users/ivan/projects/kidsfight/src/types/websocket_manager.d.ts">
      <metrics statements="0" coveredstatements="0" conditionals="0" coveredconditionals="0" methods="0" coveredmethods="0"/>
    </file>
  </project>
</coverage>
