{"/Users/ivan/projects/kidsfight/src/types/images.d.ts": {"path":"/Users/ivan/projects/kidsfight/src/types/images.d.ts","statementMap":{},"fnMap":{},"branchMap":{},"s":{},"f":{},"b":{}}
,"/Users/ivan/projects/kidsfight/src/types/phaser.d.ts": {"path":"/Users/ivan/projects/kidsfight/src/types/phaser.d.ts","statementMap":{},"fnMap":{},"branchMap":{},"s":{},"f":{},"b":{}}
,"/Users/ivan/projects/kidsfight/src/types/websocket_manager.d.ts": {"path":"/Users/ivan/projects/kidsfight/src/types/websocket_manager.d.ts","statementMap":{},"fnMap":{},"branchMap":{},"s":{},"f":{},"b":{}}
}
